<?xml version="1.0" encoding="utf-8"?>
<TestRun id="9750d65f-c681-4682-9598-6da332eb94eb" name="runneradmin@fv-az252-455 2022-04-04 02:46:04" runUser="fv-az252-455\runneradmin" xmlns="http://microsoft.com/schemas/VisualStudio/TeamTest/2010">
  <Times creation="2022-04-04T02:46:04.9072681+00:00" queuing="2022-04-04T02:46:04.9072682+00:00" start="2022-04-04T02:45:50.5976946+00:00" finish="2022-04-04T02:46:09.7212141+00:00" />
  <TestSettings name="default" id="74f49375-c81a-4d02-a5f4-1d9072bef675">
    <Deployment runDeploymentRoot="runneradmin_fv-az252-455_2022-04-04_02_46_04" />
  </TestSettings>
  <Results>
    <UnitTestResult executionId="e9af8871-12db-4cfd-afa2-543953ae2644" testId="1450a0ab-3596-66d8-8d08-6506bbe1f61b" testName="IntegrationTests.Controllers.ItemControllerTests.GetItemsPage_50Items_GetsProperly" computerName="fv-az252-455" duration="00:00:00.0370000" startTime="2022-04-04T02:46:09.2150351+00:00" endTime="2022-04-04T02:46:09.2150351+00:00" testType="13cdc9d9-ddb5-4fa4-a97d-d965ccfc6d4b" outcome="Passed" testListId="8c84fa94-04c1-424b-9868-57a2d4851a1d" relativeResultsDirectory="e9af8871-12db-4cfd-afa2-543953ae2644" />
    <UnitTestResult executionId="c4c374c1-9512-4c05-a53d-c908c25d1121" testId="1ec97a71-0b29-f7c5-72ce-8cf48efa2e36" testName="IntegrationTests.Controllers.ItemControllerTests.CreateItem_Creates(name: &quot;name2&quot;, description: &quot;description2&quot;)" computerName="fv-az252-455" duration="00:00:00.0260000" startTime="2022-04-04T02:46:09.1730359+00:00" endTime="2022-04-04T02:46:09.1730359+00:00" testType="13cdc9d9-ddb5-4fa4-a97d-d965ccfc6d4b" outcome="Passed" testListId="8c84fa94-04c1-424b-9868-57a2d4851a1d" relativeResultsDirectory="c4c374c1-9512-4c05-a53d-c908c25d1121" />
    <UnitTestResult executionId="f2353fe7-e693-470c-9054-4c6c617814ee" testId="43169439-e722-3696-654b-e380ed8f351d" testName="IntegrationTests.Controllers.ItemControllerTests.EditItem_Saves" computerName="fv-az252-455" duration="00:00:00.0620000" startTime="2022-04-04T02:46:09.4090342+00:00" endTime="2022-04-04T02:46:09.4090342+00:00" testType="13cdc9d9-ddb5-4fa4-a97d-d965ccfc6d4b" outcome="Passed" testListId="8c84fa94-04c1-424b-9868-57a2d4851a1d" relativeResultsDirectory="f2353fe7-e693-470c-9054-4c6c617814ee" />
    <UnitTestResult executionId="5a97b40f-7c99-4ef6-b3d2-7e4a99819573" testId="74f30272-fd7f-9b4e-507d-1c94cc60bb29" testName="IntegrationTests.Controllers.ItemControllerTests.GetItemsPage_Query_Filters(query: &quot;1&quot;, expectedResults: 20)" computerName="fv-az252-455" duration="00:00:00.0370000" startTime="2022-04-04T02:46:08.9790382+00:00" endTime="2022-04-04T02:46:08.9790382+00:00" testType="13cdc9d9-ddb5-4fa4-a97d-d965ccfc6d4b" outcome="Passed" testListId="8c84fa94-04c1-424b-9868-57a2d4851a1d" relativeResultsDirectory="5a97b40f-7c99-4ef6-b3d2-7e4a99819573" />
    <UnitTestResult executionId="6e7a0ecc-88fe-47af-bf41-c2b00d962d60" testId="69a7a014-6241-5f0a-e55d-960890e56595" testName="IntegrationTests.Controllers.ServiceRouteMapperTests.RegisterRoutes_RegistersAtLestOneRoute" computerName="fv-az252-455" duration="00:00:01.6210000" startTime="2022-04-04T02:46:04.6402916+00:00" endTime="2022-04-04T02:46:04.6402916+00:00" testType="13cdc9d9-ddb5-4fa4-a97d-d965ccfc6d4b" outcome="Passed" testListId="8c84fa94-04c1-424b-9868-57a2d4851a1d" relativeResultsDirectory="6e7a0ecc-88fe-47af-bf41-c2b00d962d60" />
    <UnitTestResult executionId="27376d0e-2fcd-436d-93f9-88482ec1c45f" testId="6274cd22-d848-61dd-8233-d29a2f361a38" testName="IntegrationTests.Controllers.ItemControllerTests.GetItemsPage_Query_Filters(query: &quot;Name 1&quot;, expectedResults: 12)" computerName="fv-az252-455" duration="00:00:00.0340000" startTime="2022-04-04T02:46:09.0140386+00:00" endTime="2022-04-04T02:46:09.0140386+00:00" testType="13cdc9d9-ddb5-4fa4-a97d-d965ccfc6d4b" outcome="Passed" testListId="8c84fa94-04c1-424b-9868-57a2d4851a1d" relativeResultsDirectory="27376d0e-2fcd-436d-93f9-88482ec1c45f" />
    <UnitTestResult executionId="c8a22d25-2f22-415a-abd4-56901b7d8e95" testId="31a1a77c-5b35-2c19-9bdc-0ee23e06e8f3" testName="IntegrationTests.Controllers.ItemControllerTests.GetItemsPage_GetsProperPages(amount: 10, expectedPages: 1)" computerName="fv-az252-455" duration="00:00:00.0240000" startTime="2022-04-04T02:46:09.2970348+00:00" endTime="2022-04-04T02:46:09.2970348+00:00" testType="13cdc9d9-ddb5-4fa4-a97d-d965ccfc6d4b" outcome="Passed" testListId="8c84fa94-04c1-424b-9868-57a2d4851a1d" relativeResultsDirectory="c8a22d25-2f22-415a-abd4-56901b7d8e95" />
    <UnitTestResult executionId="6a98da4f-76ab-4681-938c-7ab3544618c2" testId="945f4fce-c15e-e09c-9dbf-5879cde58a78" testName="IntegrationTests.Controllers.ItemControllerTests.GetItemsPage_Page0_DefaultsToPage1" computerName="fv-az252-455" duration="00:00:00.0170000" startTime="2022-04-04T02:46:09.4270302+00:00" endTime="2022-04-04T02:46:09.4270302+00:00" testType="13cdc9d9-ddb5-4fa4-a97d-d965ccfc6d4b" outcome="Passed" testListId="8c84fa94-04c1-424b-9868-57a2d4851a1d" relativeResultsDirectory="6a98da4f-76ab-4681-938c-7ab3544618c2" />
    <UnitTestResult executionId="c822cb55-81a9-45a8-84c4-3184dd7d040d" testId="9609bc3b-2435-1be2-e2f3-2c6b217c770c" testName="IntegrationTests.Controllers.ItemControllerTests.GetItemsPage_Query_Filters(query: &quot;Missing&quot;, expectedResults: 0)" computerName="fv-az252-455" duration="00:00:00.0350000" startTime="2022-04-04T02:46:09.0480377+00:00" endTime="2022-04-04T02:46:09.0480377+00:00" testType="13cdc9d9-ddb5-4fa4-a97d-d965ccfc6d4b" outcome="Passed" testListId="8c84fa94-04c1-424b-9868-57a2d4851a1d" relativeResultsDirectory="c822cb55-81a9-45a8-84c4-3184dd7d040d" />
    <UnitTestResult executionId="84008e57-5c21-4832-9812-892cb06a9527" testId="2f8521ee-e0ca-eac4-b453-aa86236fc9b9" testName="IntegrationTests.Controllers.ItemControllerTests.GetItemsPage_SortsDescending" computerName="fv-az252-455" duration="00:00:00.0160000" startTime="2022-04-04T02:46:09.5330272+00:00" endTime="2022-04-04T02:46:09.5330272+00:00" testType="13cdc9d9-ddb5-4fa4-a97d-d965ccfc6d4b" outcome="Passed" testListId="8c84fa94-04c1-424b-9868-57a2d4851a1d" relativeResultsDirectory="84008e57-5c21-4832-9812-892cb06a9527" />
    <UnitTestResult executionId="51239aee-e7de-43fb-bc2b-dc7fdfba4913" testId="06f0962d-466b-0634-113e-f3863f9b599c" testName="IntegrationTests.Controllers.ItemControllerTests.GetItemsPage_GetsProperPages(amount: 99, expectedPages: 10)" computerName="fv-az252-455" duration="00:00:00.0280000" startTime="2022-04-04T02:46:09.2790331+00:00" endTime="2022-04-04T02:46:09.2790331+00:00" testType="13cdc9d9-ddb5-4fa4-a97d-d965ccfc6d4b" outcome="Passed" testListId="8c84fa94-04c1-424b-9868-57a2d4851a1d" relativeResultsDirectory="51239aee-e7de-43fb-bc2b-dc7fdfba4913" />
    <UnitTestResult executionId="f7bcda4a-39ad-4a59-8cfe-400b354bb5a0" testId="75b07048-5201-d631-649a-c012e65b7444" testName="IntegrationTests.Controllers.ItemControllerTests.GetItemsPage_Query_Filters(query: &quot;Name 10&quot;, expectedResults: 2)" computerName="fv-az252-455" duration="00:00:00.0330000" startTime="2022-04-04T02:46:09.1470358+00:00" endTime="2022-04-04T02:46:09.1470358+00:00" testType="13cdc9d9-ddb5-4fa4-a97d-d965ccfc6d4b" outcome="Passed" testListId="8c84fa94-04c1-424b-9868-57a2d4851a1d" relativeResultsDirectory="f7bcda4a-39ad-4a59-8cfe-400b354bb5a0" />
    <UnitTestResult executionId="f1b302d6-c6e8-4c95-bde3-abda8012490c" testId="d18898e3-6995-0d27-8e53-1ced81186e2d" testName="IntegrationTests.Controllers.ItemControllerTests.GetItemsPage_PageSize0_DefaultsTo1" computerName="fv-az252-455" duration="00:00:00.0170000" startTime="2022-04-04T02:46:09.5170285+00:00" endTime="2022-04-04T02:46:09.5170285+00:00" testType="13cdc9d9-ddb5-4fa4-a97d-d965ccfc6d4b" outcome="Passed" testListId="8c84fa94-04c1-424b-9868-57a2d4851a1d" relativeResultsDirectory="f1b302d6-c6e8-4c95-bde3-abda8012490c" />
    <UnitTestResult executionId="6630ba44-e76a-41b3-aac5-a8df5fd67819" testId="c6d15831-7dbe-24e6-d39b-4f317a873a34" testName="IntegrationTests.Controllers.ItemControllerTests.GetItemsPage_GetsProperPages(amount: 1, expectedPages: 1)" computerName="fv-az252-455" duration="00:00:00.0240000" startTime="2022-04-04T02:46:09.2440340+00:00" endTime="2022-04-04T02:46:09.2440340+00:00" testType="13cdc9d9-ddb5-4fa4-a97d-d965ccfc6d4b" outcome="Passed" testListId="8c84fa94-04c1-424b-9868-57a2d4851a1d" relativeResultsDirectory="6630ba44-e76a-41b3-aac5-a8df5fd67819" />
    <UnitTestResult executionId="5630176d-4808-4a16-a8fd-93f5d7d3349e" testId="c6abb489-2666-fd84-85be-69873a4c76cc" testName="IntegrationTests.Controllers.ItemControllerTests.CreateItem_Creates(name: &quot;name1&quot;, description: &quot;description1&quot;)" computerName="fv-az252-455" duration="00:00:00.0050000" startTime="2022-04-04T02:46:09.1790372+00:00" endTime="2022-04-04T02:46:09.1790372+00:00" testType="13cdc9d9-ddb5-4fa4-a97d-d965ccfc6d4b" outcome="Passed" testListId="8c84fa94-04c1-424b-9868-57a2d4851a1d" relativeResultsDirectory="5630176d-4808-4a16-a8fd-93f5d7d3349e" />
    <UnitTestResult executionId="aaa36162-c9cf-4f2e-a62e-3dbac6754537" testId="4fd078d7-61ec-6e3f-be79-cf322012a0cd" testName="IntegrationTests.Controllers.ItemControllerTests.GetItemsPage_SortsAscending" computerName="fv-az252-455" duration="00:00:05.9090000" startTime="2022-04-04T02:46:08.8985111+00:00" endTime="2022-04-04T02:46:08.8985111+00:00" testType="13cdc9d9-ddb5-4fa4-a97d-d965ccfc6d4b" outcome="Passed" testListId="8c84fa94-04c1-424b-9868-57a2d4851a1d" relativeResultsDirectory="aaa36162-c9cf-4f2e-a62e-3dbac6754537" />
    <UnitTestResult executionId="11871a19-52b7-4c88-ad63-f13f2601293b" testId="eb8cb345-7707-0e07-1566-f6a04ceb2670" testName="IntegrationTests.Controllers.ItemControllerTests.CanEdit_Defaults_To_False" computerName="fv-az252-455" duration="00:00:00.0050000" startTime="2022-04-04T02:46:09.2200334+00:00" endTime="2022-04-04T02:46:09.2200334+00:00" testType="13cdc9d9-ddb5-4fa4-a97d-d965ccfc6d4b" outcome="Passed" testListId="8c84fa94-04c1-424b-9868-57a2d4851a1d" relativeResultsDirectory="11871a19-52b7-4c88-ad63-f13f2601293b" />
    <UnitTestResult executionId="bdce4662-62a9-4b05-b22f-fa1708edfc1e" testId="3b96b54e-967c-6e8f-1ced-4ff4d8370be3" testName="IntegrationTests.Controllers.ItemControllerTests.GetItemsPage_Query_Filters(query: &quot;&quot;, expectedResults: 100)" computerName="fv-az252-455" duration="00:00:00.0440000" startTime="2022-04-04T02:46:08.9425103+00:00" endTime="2022-04-04T02:46:08.9425103+00:00" testType="13cdc9d9-ddb5-4fa4-a97d-d965ccfc6d4b" outcome="Passed" testListId="8c84fa94-04c1-424b-9868-57a2d4851a1d" relativeResultsDirectory="bdce4662-62a9-4b05-b22f-fa1708edfc1e" />
    <UnitTestResult executionId="1db3a8e0-ce02-4624-93a6-dcb2e4c3d4b6" testId="fe1c9811-4463-ef95-5296-cdd71ab090b8" testName="IntegrationTests.Controllers.ItemControllerTests.DeleteItem_DeletesMissingItem" computerName="fv-az252-455" duration="00:00:00.0140000" startTime="2022-04-04T02:46:09.5510302+00:00" endTime="2022-04-04T02:46:09.5510302+00:00" testType="13cdc9d9-ddb5-4fa4-a97d-d965ccfc6d4b" outcome="Passed" testListId="8c84fa94-04c1-424b-9868-57a2d4851a1d" relativeResultsDirectory="1db3a8e0-ce02-4624-93a6-dcb2e4c3d4b6" />
    <UnitTestResult executionId="366caaf7-d5ca-4edd-a26e-0b6eb5f66751" testId="b2691cfb-5962-80d6-34ac-12efb31ff88e" testName="IntegrationTests.Controllers.ItemControllerTests.DeleteItem_Deletes" computerName="fv-az252-455" duration="00:00:00.0730000" startTime="2022-04-04T02:46:09.5000283+00:00" endTime="2022-04-04T02:46:09.5000283+00:00" testType="13cdc9d9-ddb5-4fa4-a97d-d965ccfc6d4b" outcome="Passed" testListId="8c84fa94-04c1-424b-9868-57a2d4851a1d" relativeResultsDirectory="366caaf7-d5ca-4edd-a26e-0b6eb5f66751" />
    <UnitTestResult executionId="d654df09-fb34-46a0-9de4-e8593be61f5a" testId="0a429b0b-08a8-36a6-5969-3c31a35cc366" testName="IntegrationTests.Controllers.ItemControllerTests.GetItemsPage_GetsProperPages(amount: 9, expectedPages: 1)" computerName="fv-az252-455" duration="00:00:00.0160000" startTime="2022-04-04T02:46:09.3130342+00:00" endTime="2022-04-04T02:46:09.3130342+00:00" testType="13cdc9d9-ddb5-4fa4-a97d-d965ccfc6d4b" outcome="Passed" testListId="8c84fa94-04c1-424b-9868-57a2d4851a1d" relativeResultsDirectory="d654df09-fb34-46a0-9de4-e8593be61f5a" />
    <UnitTestResult executionId="d75b3573-feda-4539-a656-fbb6302adda8" testId="35a21cfd-ad2b-b819-14e0-5151fe414a07" testName="IntegrationTests.Controllers.ItemControllerTests.GetItemsPage_GetsProperPages(amount: 101, expectedPages: 11)" computerName="fv-az252-455" duration="00:00:00.0340000" startTime="2022-04-04T02:46:09.3470323+00:00" endTime="2022-04-04T02:46:09.3470323+00:00" testType="13cdc9d9-ddb5-4fa4-a97d-d965ccfc6d4b" outcome="Passed" testListId="8c84fa94-04c1-424b-9868-57a2d4851a1d" relativeResultsDirectory="d75b3573-feda-4539-a656-fbb6302adda8" />
    <UnitTestResult executionId="353bf54c-fd9a-4f66-aa97-a071cdb6cc57" testId="64ce4809-e3f8-8d8e-c808-2938f18aa4d4" testName="IntegrationTests.Controllers.ItemControllerTests.GetItemsPage_Query_Filters(query: &quot;Name 2&quot;, expectedResults: 11)" computerName="fv-az252-455" duration="00:00:00.0290000" startTime="2022-04-04T02:46:09.1120382+00:00" endTime="2022-04-04T02:46:09.1120382+00:00" testType="13cdc9d9-ddb5-4fa4-a97d-d965ccfc6d4b" outcome="Passed" testListId="8c84fa94-04c1-424b-9868-57a2d4851a1d" relativeResultsDirectory="353bf54c-fd9a-4f66-aa97-a071cdb6cc57" />
    <UnitTestResult executionId="4d301a7c-bcd6-4989-aaaa-22da91f714ce" testId="b5a2bbb3-e25b-0d71-cef7-0187c592a682" testName="IntegrationTests.Controllers.ItemControllerTests.GetItemsPage_Query_Filters(query: &quot;Name 100&quot;, expectedResults: 1)" computerName="fv-az252-455" duration="00:00:00.0340000" startTime="2022-04-04T02:46:09.0830370+00:00" endTime="2022-04-04T02:46:09.0830370+00:00" testType="13cdc9d9-ddb5-4fa4-a97d-d965ccfc6d4b" outcome="Passed" testListId="8c84fa94-04c1-424b-9868-57a2d4851a1d" relativeResultsDirectory="4d301a7c-bcd6-4989-aaaa-22da91f714ce" />
  </Results>
  <TestDefinitions>
    <UnitTest name="IntegrationTests.Controllers.ItemControllerTests.GetItemsPage_Query_Filters(query: &quot;Name 10&quot;, expectedResults: 2)" storage="d:\a\dnn.securitycenter\dnn.securitycenter\integrationtests\bin\integrationtests.dll" id="75b07048-5201-d631-649a-c012e65b7444">
      <Execution id="f7bcda4a-39ad-4a59-8cfe-400b354bb5a0" />
      <TestMethod codeBase="D:\a\Dnn.SecurityCenter\Dnn.SecurityCenter\IntegrationTests\bin\IntegrationTests.dll" adapterTypeName="executor://xunit/VsTestRunner2/net" className="IntegrationTests.Controllers.ItemControllerTests" name="GetItemsPage_Query_Filters" />
    </UnitTest>
    <UnitTest name="IntegrationTests.Controllers.ItemControllerTests.GetItemsPage_Query_Filters(query: &quot;1&quot;, expectedResults: 20)" storage="d:\a\dnn.securitycenter\dnn.securitycenter\integrationtests\bin\integrationtests.dll" id="74f30272-fd7f-9b4e-507d-1c94cc60bb29">
      <Execution id="5a97b40f-7c99-4ef6-b3d2-7e4a99819573" />
      <TestMethod codeBase="D:\a\Dnn.SecurityCenter\Dnn.SecurityCenter\IntegrationTests\bin\IntegrationTests.dll" adapterTypeName="executor://xunit/VsTestRunner2/net" className="IntegrationTests.Controllers.ItemControllerTests" name="GetItemsPage_Query_Filters" />
    </UnitTest>
    <UnitTest name="IntegrationTests.Controllers.ItemControllerTests.GetItemsPage_GetsProperPages(amount: 99, expectedPages: 10)" storage="d:\a\dnn.securitycenter\dnn.securitycenter\integrationtests\bin\integrationtests.dll" id="06f0962d-466b-0634-113e-f3863f9b599c">
      <Execution id="51239aee-e7de-43fb-bc2b-dc7fdfba4913" />
      <TestMethod codeBase="D:\a\Dnn.SecurityCenter\Dnn.SecurityCenter\IntegrationTests\bin\IntegrationTests.dll" adapterTypeName="executor://xunit/VsTestRunner2/net" className="IntegrationTests.Controllers.ItemControllerTests" name="GetItemsPage_GetsProperPages" />
    </UnitTest>
    <UnitTest name="IntegrationTests.Controllers.ItemControllerTests.DeleteItem_DeletesMissingItem" storage="d:\a\dnn.securitycenter\dnn.securitycenter\integrationtests\bin\integrationtests.dll" id="fe1c9811-4463-ef95-5296-cdd71ab090b8">
      <Execution id="1db3a8e0-ce02-4624-93a6-dcb2e4c3d4b6" />
      <TestMethod codeBase="D:\a\Dnn.SecurityCenter\Dnn.SecurityCenter\IntegrationTests\bin\IntegrationTests.dll" adapterTypeName="executor://xunit/VsTestRunner2/net" className="IntegrationTests.Controllers.ItemControllerTests" name="DeleteItem_DeletesMissingItem" />
    </UnitTest>
    <UnitTest name="IntegrationTests.Controllers.ItemControllerTests.EditItem_Saves" storage="d:\a\dnn.securitycenter\dnn.securitycenter\integrationtests\bin\integrationtests.dll" id="43169439-e722-3696-654b-e380ed8f351d">
      <Execution id="f2353fe7-e693-470c-9054-4c6c617814ee" />
      <TestMethod codeBase="D:\a\Dnn.SecurityCenter\Dnn.SecurityCenter\IntegrationTests\bin\IntegrationTests.dll" adapterTypeName="executor://xunit/VsTestRunner2/net" className="IntegrationTests.Controllers.ItemControllerTests" name="EditItem_Saves" />
    </UnitTest>
    <UnitTest name="IntegrationTests.Controllers.ItemControllerTests.CreateItem_Creates(name: &quot;name1&quot;, description: &quot;description1&quot;)" storage="d:\a\dnn.securitycenter\dnn.securitycenter\integrationtests\bin\integrationtests.dll" id="c6abb489-2666-fd84-85be-69873a4c76cc">
      <Execution id="5630176d-4808-4a16-a8fd-93f5d7d3349e" />
      <TestMethod codeBase="D:\a\Dnn.SecurityCenter\Dnn.SecurityCenter\IntegrationTests\bin\IntegrationTests.dll" adapterTypeName="executor://xunit/VsTestRunner2/net" className="IntegrationTests.Controllers.ItemControllerTests" name="CreateItem_Creates" />
    </UnitTest>
    <UnitTest name="IntegrationTests.Controllers.ItemControllerTests.GetItemsPage_Query_Filters(query: &quot;&quot;, expectedResults: 100)" storage="d:\a\dnn.securitycenter\dnn.securitycenter\integrationtests\bin\integrationtests.dll" id="3b96b54e-967c-6e8f-1ced-4ff4d8370be3">
      <Execution id="bdce4662-62a9-4b05-b22f-fa1708edfc1e" />
      <TestMethod codeBase="D:\a\Dnn.SecurityCenter\Dnn.SecurityCenter\IntegrationTests\bin\IntegrationTests.dll" adapterTypeName="executor://xunit/VsTestRunner2/net" className="IntegrationTests.Controllers.ItemControllerTests" name="GetItemsPage_Query_Filters" />
    </UnitTest>
    <UnitTest name="IntegrationTests.Controllers.ItemControllerTests.GetItemsPage_SortsDescending" storage="d:\a\dnn.securitycenter\dnn.securitycenter\integrationtests\bin\integrationtests.dll" id="2f8521ee-e0ca-eac4-b453-aa86236fc9b9">
      <Execution id="84008e57-5c21-4832-9812-892cb06a9527" />
      <TestMethod codeBase="D:\a\Dnn.SecurityCenter\Dnn.SecurityCenter\IntegrationTests\bin\IntegrationTests.dll" adapterTypeName="executor://xunit/VsTestRunner2/net" className="IntegrationTests.Controllers.ItemControllerTests" name="GetItemsPage_SortsDescending" />
    </UnitTest>
    <UnitTest name="IntegrationTests.Controllers.ItemControllerTests.GetItemsPage_Page0_DefaultsToPage1" storage="d:\a\dnn.securitycenter\dnn.securitycenter\integrationtests\bin\integrationtests.dll" id="945f4fce-c15e-e09c-9dbf-5879cde58a78">
      <Execution id="6a98da4f-76ab-4681-938c-7ab3544618c2" />
      <TestMethod codeBase="D:\a\Dnn.SecurityCenter\Dnn.SecurityCenter\IntegrationTests\bin\IntegrationTests.dll" adapterTypeName="executor://xunit/VsTestRunner2/net" className="IntegrationTests.Controllers.ItemControllerTests" name="GetItemsPage_Page0_DefaultsToPage1" />
    </UnitTest>
    <UnitTest name="IntegrationTests.Controllers.ItemControllerTests.GetItemsPage_50Items_GetsProperly" storage="d:\a\dnn.securitycenter\dnn.securitycenter\integrationtests\bin\integrationtests.dll" id="1450a0ab-3596-66d8-8d08-6506bbe1f61b">
      <Execution id="e9af8871-12db-4cfd-afa2-543953ae2644" />
      <TestMethod codeBase="D:\a\Dnn.SecurityCenter\Dnn.SecurityCenter\IntegrationTests\bin\IntegrationTests.dll" adapterTypeName="executor://xunit/VsTestRunner2/net" className="IntegrationTests.Controllers.ItemControllerTests" name="GetItemsPage_50Items_GetsProperly" />
    </UnitTest>
    <UnitTest name="IntegrationTests.Controllers.ItemControllerTests.GetItemsPage_GetsProperPages(amount: 101, expectedPages: 11)" storage="d:\a\dnn.securitycenter\dnn.securitycenter\integrationtests\bin\integrationtests.dll" id="35a21cfd-ad2b-b819-14e0-5151fe414a07">
      <Execution id="d75b3573-feda-4539-a656-fbb6302adda8" />
      <TestMethod codeBase="D:\a\Dnn.SecurityCenter\Dnn.SecurityCenter\IntegrationTests\bin\IntegrationTests.dll" adapterTypeName="executor://xunit/VsTestRunner2/net" className="IntegrationTests.Controllers.ItemControllerTests" name="GetItemsPage_GetsProperPages" />
    </UnitTest>
    <UnitTest name="IntegrationTests.Controllers.ItemControllerTests.GetItemsPage_GetsProperPages(amount: 1, expectedPages: 1)" storage="d:\a\dnn.securitycenter\dnn.securitycenter\integrationtests\bin\integrationtests.dll" id="c6d15831-7dbe-24e6-d39b-4f317a873a34">
      <Execution id="6630ba44-e76a-41b3-aac5-a8df5fd67819" />
      <TestMethod codeBase="D:\a\Dnn.SecurityCenter\Dnn.SecurityCenter\IntegrationTests\bin\IntegrationTests.dll" adapterTypeName="executor://xunit/VsTestRunner2/net" className="IntegrationTests.Controllers.ItemControllerTests" name="GetItemsPage_GetsProperPages" />
    </UnitTest>
    <UnitTest name="IntegrationTests.Controllers.ItemControllerTests.CreateItem_Creates(name: &quot;name2&quot;, description: &quot;description2&quot;)" storage="d:\a\dnn.securitycenter\dnn.securitycenter\integrationtests\bin\integrationtests.dll" id="1ec97a71-0b29-f7c5-72ce-8cf48efa2e36">
      <Execution id="c4c374c1-9512-4c05-a53d-c908c25d1121" />
      <TestMethod codeBase="D:\a\Dnn.SecurityCenter\Dnn.SecurityCenter\IntegrationTests\bin\IntegrationTests.dll" adapterTypeName="executor://xunit/VsTestRunner2/net" className="IntegrationTests.Controllers.ItemControllerTests" name="CreateItem_Creates" />
    </UnitTest>
    <UnitTest name="IntegrationTests.Controllers.ItemControllerTests.GetItemsPage_SortsAscending" storage="d:\a\dnn.securitycenter\dnn.securitycenter\integrationtests\bin\integrationtests.dll" id="4fd078d7-61ec-6e3f-be79-cf322012a0cd">
      <Execution id="aaa36162-c9cf-4f2e-a62e-3dbac6754537" />
      <TestMethod codeBase="D:\a\Dnn.SecurityCenter\Dnn.SecurityCenter\IntegrationTests\bin\IntegrationTests.dll" adapterTypeName="executor://xunit/VsTestRunner2/net" className="IntegrationTests.Controllers.ItemControllerTests" name="GetItemsPage_SortsAscending" />
    </UnitTest>
    <UnitTest name="IntegrationTests.Controllers.ItemControllerTests.GetItemsPage_PageSize0_DefaultsTo1" storage="d:\a\dnn.securitycenter\dnn.securitycenter\integrationtests\bin\integrationtests.dll" id="d18898e3-6995-0d27-8e53-1ced81186e2d">
      <Execution id="f1b302d6-c6e8-4c95-bde3-abda8012490c" />
      <TestMethod codeBase="D:\a\Dnn.SecurityCenter\Dnn.SecurityCenter\IntegrationTests\bin\IntegrationTests.dll" adapterTypeName="executor://xunit/VsTestRunner2/net" className="IntegrationTests.Controllers.ItemControllerTests" name="GetItemsPage_PageSize0_DefaultsTo1" />
    </UnitTest>
    <UnitTest name="IntegrationTests.Controllers.ItemControllerTests.GetItemsPage_GetsProperPages(amount: 9, expectedPages: 1)" storage="d:\a\dnn.securitycenter\dnn.securitycenter\integrationtests\bin\integrationtests.dll" id="0a429b0b-08a8-36a6-5969-3c31a35cc366">
      <Execution id="d654df09-fb34-46a0-9de4-e8593be61f5a" />
      <TestMethod codeBase="D:\a\Dnn.SecurityCenter\Dnn.SecurityCenter\IntegrationTests\bin\IntegrationTests.dll" adapterTypeName="executor://xunit/VsTestRunner2/net" className="IntegrationTests.Controllers.ItemControllerTests" name="GetItemsPage_GetsProperPages" />
    </UnitTest>
    <UnitTest name="IntegrationTests.Controllers.ItemControllerTests.GetItemsPage_GetsProperPages(amount: 10, expectedPages: 1)" storage="d:\a\dnn.securitycenter\dnn.securitycenter\integrationtests\bin\integrationtests.dll" id="31a1a77c-5b35-2c19-9bdc-0ee23e06e8f3">
      <Execution id="c8a22d25-2f22-415a-abd4-56901b7d8e95" />
      <TestMethod codeBase="D:\a\Dnn.SecurityCenter\Dnn.SecurityCenter\IntegrationTests\bin\IntegrationTests.dll" adapterTypeName="executor://xunit/VsTestRunner2/net" className="IntegrationTests.Controllers.ItemControllerTests" name="GetItemsPage_GetsProperPages" />
    </UnitTest>
    <UnitTest name="IntegrationTests.Controllers.ItemControllerTests.GetItemsPage_Query_Filters(query: &quot;Missing&quot;, expectedResults: 0)" storage="d:\a\dnn.securitycenter\dnn.securitycenter\integrationtests\bin\integrationtests.dll" id="9609bc3b-2435-1be2-e2f3-2c6b217c770c">
      <Execution id="c822cb55-81a9-45a8-84c4-3184dd7d040d" />
      <TestMethod codeBase="D:\a\Dnn.SecurityCenter\Dnn.SecurityCenter\IntegrationTests\bin\IntegrationTests.dll" adapterTypeName="executor://xunit/VsTestRunner2/net" className="IntegrationTests.Controllers.ItemControllerTests" name="GetItemsPage_Query_Filters" />
    </UnitTest>
    <UnitTest name="IntegrationTests.Controllers.ItemControllerTests.DeleteItem_Deletes" storage="d:\a\dnn.securitycenter\dnn.securitycenter\integrationtests\bin\integrationtests.dll" id="b2691cfb-5962-80d6-34ac-12efb31ff88e">
      <Execution id="366caaf7-d5ca-4edd-a26e-0b6eb5f66751" />
      <TestMethod codeBase="D:\a\Dnn.SecurityCenter\Dnn.SecurityCenter\IntegrationTests\bin\IntegrationTests.dll" adapterTypeName="executor://xunit/VsTestRunner2/net" className="IntegrationTests.Controllers.ItemControllerTests" name="DeleteItem_Deletes" />
    </UnitTest>
    <UnitTest name="IntegrationTests.Controllers.ItemControllerTests.GetItemsPage_Query_Filters(query: &quot;Name 2&quot;, expectedResults: 11)" storage="d:\a\dnn.securitycenter\dnn.securitycenter\integrationtests\bin\integrationtests.dll" id="64ce4809-e3f8-8d8e-c808-2938f18aa4d4">
      <Execution id="353bf54c-fd9a-4f66-aa97-a071cdb6cc57" />
      <TestMethod codeBase="D:\a\Dnn.SecurityCenter\Dnn.SecurityCenter\IntegrationTests\bin\IntegrationTests.dll" adapterTypeName="executor://xunit/VsTestRunner2/net" className="IntegrationTests.Controllers.ItemControllerTests" name="GetItemsPage_Query_Filters" />
    </UnitTest>
    <UnitTest name="IntegrationTests.Controllers.ItemControllerTests.GetItemsPage_Query_Filters(query: &quot;Name 100&quot;, expectedResults: 1)" storage="d:\a\dnn.securitycenter\dnn.securitycenter\integrationtests\bin\integrationtests.dll" id="b5a2bbb3-e25b-0d71-cef7-0187c592a682">
      <Execution id="4d301a7c-bcd6-4989-aaaa-22da91f714ce" />
      <TestMethod codeBase="D:\a\Dnn.SecurityCenter\Dnn.SecurityCenter\IntegrationTests\bin\IntegrationTests.dll" adapterTypeName="executor://xunit/VsTestRunner2/net" className="IntegrationTests.Controllers.ItemControllerTests" name="GetItemsPage_Query_Filters" />
    </UnitTest>
    <UnitTest name="IntegrationTests.Controllers.ServiceRouteMapperTests.RegisterRoutes_RegistersAtLestOneRoute" storage="d:\a\dnn.securitycenter\dnn.securitycenter\integrationtests\bin\integrationtests.dll" id="69a7a014-6241-5f0a-e55d-960890e56595">
      <Execution id="6e7a0ecc-88fe-47af-bf41-c2b00d962d60" />
      <TestMethod codeBase="D:\a\Dnn.SecurityCenter\Dnn.SecurityCenter\IntegrationTests\bin\IntegrationTests.dll" adapterTypeName="executor://xunit/VsTestRunner2/net" className="IntegrationTests.Controllers.ServiceRouteMapperTests" name="RegisterRoutes_RegistersAtLestOneRoute" />
    </UnitTest>
    <UnitTest name="IntegrationTests.Controllers.ItemControllerTests.GetItemsPage_Query_Filters(query: &quot;Name 1&quot;, expectedResults: 12)" storage="d:\a\dnn.securitycenter\dnn.securitycenter\integrationtests\bin\integrationtests.dll" id="6274cd22-d848-61dd-8233-d29a2f361a38">
      <Execution id="27376d0e-2fcd-436d-93f9-88482ec1c45f" />
      <TestMethod codeBase="D:\a\Dnn.SecurityCenter\Dnn.SecurityCenter\IntegrationTests\bin\IntegrationTests.dll" adapterTypeName="executor://xunit/VsTestRunner2/net" className="IntegrationTests.Controllers.ItemControllerTests" name="GetItemsPage_Query_Filters" />
    </UnitTest>
    <UnitTest name="IntegrationTests.Controllers.ItemControllerTests.CanEdit_Defaults_To_False" storage="d:\a\dnn.securitycenter\dnn.securitycenter\integrationtests\bin\integrationtests.dll" id="eb8cb345-7707-0e07-1566-f6a04ceb2670">
      <Execution id="11871a19-52b7-4c88-ad63-f13f2601293b" />
      <TestMethod codeBase="D:\a\Dnn.SecurityCenter\Dnn.SecurityCenter\IntegrationTests\bin\IntegrationTests.dll" adapterTypeName="executor://xunit/VsTestRunner2/net" className="IntegrationTests.Controllers.ItemControllerTests" name="CanEdit_Defaults_To_False" />
    </UnitTest>
  </TestDefinitions>
  <TestEntries>
    <TestEntry testId="1450a0ab-3596-66d8-8d08-6506bbe1f61b" executionId="e9af8871-12db-4cfd-afa2-543953ae2644" testListId="8c84fa94-04c1-424b-9868-57a2d4851a1d" />
    <TestEntry testId="1ec97a71-0b29-f7c5-72ce-8cf48efa2e36" executionId="c4c374c1-9512-4c05-a53d-c908c25d1121" testListId="8c84fa94-04c1-424b-9868-57a2d4851a1d" />
    <TestEntry testId="43169439-e722-3696-654b-e380ed8f351d" executionId="f2353fe7-e693-470c-9054-4c6c617814ee" testListId="8c84fa94-04c1-424b-9868-57a2d4851a1d" />
    <TestEntry testId="74f30272-fd7f-9b4e-507d-1c94cc60bb29" executionId="5a97b40f-7c99-4ef6-b3d2-7e4a99819573" testListId="8c84fa94-04c1-424b-9868-57a2d4851a1d" />
    <TestEntry testId="69a7a014-6241-5f0a-e55d-960890e56595" executionId="6e7a0ecc-88fe-47af-bf41-c2b00d962d60" testListId="8c84fa94-04c1-424b-9868-57a2d4851a1d" />
    <TestEntry testId="6274cd22-d848-61dd-8233-d29a2f361a38" executionId="27376d0e-2fcd-436d-93f9-88482ec1c45f" testListId="8c84fa94-04c1-424b-9868-57a2d4851a1d" />
    <TestEntry testId="31a1a77c-5b35-2c19-9bdc-0ee23e06e8f3" executionId="c8a22d25-2f22-415a-abd4-56901b7d8e95" testListId="8c84fa94-04c1-424b-9868-57a2d4851a1d" />
    <TestEntry testId="945f4fce-c15e-e09c-9dbf-5879cde58a78" executionId="6a98da4f-76ab-4681-938c-7ab3544618c2" testListId="8c84fa94-04c1-424b-9868-57a2d4851a1d" />
    <TestEntry testId="9609bc3b-2435-1be2-e2f3-2c6b217c770c" executionId="c822cb55-81a9-45a8-84c4-3184dd7d040d" testListId="8c84fa94-04c1-424b-9868-57a2d4851a1d" />
    <TestEntry testId="2f8521ee-e0ca-eac4-b453-aa86236fc9b9" executionId="84008e57-5c21-4832-9812-892cb06a9527" testListId="8c84fa94-04c1-424b-9868-57a2d4851a1d" />
    <TestEntry testId="06f0962d-466b-0634-113e-f3863f9b599c" executionId="51239aee-e7de-43fb-bc2b-dc7fdfba4913" testListId="8c84fa94-04c1-424b-9868-57a2d4851a1d" />
    <TestEntry testId="75b07048-5201-d631-649a-c012e65b7444" executionId="f7bcda4a-39ad-4a59-8cfe-400b354bb5a0" testListId="8c84fa94-04c1-424b-9868-57a2d4851a1d" />
    <TestEntry testId="d18898e3-6995-0d27-8e53-1ced81186e2d" executionId="f1b302d6-c6e8-4c95-bde3-abda8012490c" testListId="8c84fa94-04c1-424b-9868-57a2d4851a1d" />
    <TestEntry testId="c6d15831-7dbe-24e6-d39b-4f317a873a34" executionId="6630ba44-e76a-41b3-aac5-a8df5fd67819" testListId="8c84fa94-04c1-424b-9868-57a2d4851a1d" />
    <TestEntry testId="c6abb489-2666-fd84-85be-69873a4c76cc" executionId="5630176d-4808-4a16-a8fd-93f5d7d3349e" testListId="8c84fa94-04c1-424b-9868-57a2d4851a1d" />
    <TestEntry testId="4fd078d7-61ec-6e3f-be79-cf322012a0cd" executionId="aaa36162-c9cf-4f2e-a62e-3dbac6754537" testListId="8c84fa94-04c1-424b-9868-57a2d4851a1d" />
    <TestEntry testId="eb8cb345-7707-0e07-1566-f6a04ceb2670" executionId="11871a19-52b7-4c88-ad63-f13f2601293b" testListId="8c84fa94-04c1-424b-9868-57a2d4851a1d" />
    <TestEntry testId="3b96b54e-967c-6e8f-1ced-4ff4d8370be3" executionId="bdce4662-62a9-4b05-b22f-fa1708edfc1e" testListId="8c84fa94-04c1-424b-9868-57a2d4851a1d" />
    <TestEntry testId="fe1c9811-4463-ef95-5296-cdd71ab090b8" executionId="1db3a8e0-ce02-4624-93a6-dcb2e4c3d4b6" testListId="8c84fa94-04c1-424b-9868-57a2d4851a1d" />
    <TestEntry testId="b2691cfb-5962-80d6-34ac-12efb31ff88e" executionId="366caaf7-d5ca-4edd-a26e-0b6eb5f66751" testListId="8c84fa94-04c1-424b-9868-57a2d4851a1d" />
    <TestEntry testId="0a429b0b-08a8-36a6-5969-3c31a35cc366" executionId="d654df09-fb34-46a0-9de4-e8593be61f5a" testListId="8c84fa94-04c1-424b-9868-57a2d4851a1d" />
    <TestEntry testId="35a21cfd-ad2b-b819-14e0-5151fe414a07" executionId="d75b3573-feda-4539-a656-fbb6302adda8" testListId="8c84fa94-04c1-424b-9868-57a2d4851a1d" />
    <TestEntry testId="64ce4809-e3f8-8d8e-c808-2938f18aa4d4" executionId="353bf54c-fd9a-4f66-aa97-a071cdb6cc57" testListId="8c84fa94-04c1-424b-9868-57a2d4851a1d" />
    <TestEntry testId="b5a2bbb3-e25b-0d71-cef7-0187c592a682" executionId="4d301a7c-bcd6-4989-aaaa-22da91f714ce" testListId="8c84fa94-04c1-424b-9868-57a2d4851a1d" />
  </TestEntries>
  <TestLists>
    <TestList name="Results Not in a List" id="8c84fa94-04c1-424b-9868-57a2d4851a1d" />
    <TestList name="All Loaded Results" id="19431567-8539-422a-85d7-44ee4e166bda" />
  </TestLists>
  <ResultSummary outcome="Completed">
    <Counters total="24" executed="24" passed="24" failed="0" error="0" timeout="0" aborted="0" inconclusive="0" passedButRunAborted="0" notRunnable="0" notExecuted="0" disconnected="0" warning="0" completed="0" inProgress="0" pending="0" />
    <Output>
      <StdOut>[xUnit.net 00:00:00.09] xUnit.net VSTest Adapter v2.4.3+1b45f5407b (32-bit Desktop .NET 4.0.30319.42000)&#xD;
[xUnit.net 00:00:01.53]   Discovering: IntegrationTests&#xD;
[xUnit.net 00:00:01.97]   Discovered:  IntegrationTests&#xD;
[xUnit.net 00:00:01.98]   Starting:    IntegrationTests&#xD;
[xUnit.net 00:00:08.81]   Finished:    IntegrationTests&#xD;
</StdOut>
    </Output>
  </ResultSummary>
</TestRun>