<?xml version="1.0" encoding="utf-8"?>
<TestRun id="19401237-080b-4c80-9625-7dad3aefa4c3" name="runneradmin@fv-az252-455 2022-04-04 01:24:19" runUser="fv-az252-455\runneradmin" xmlns="http://microsoft.com/schemas/VisualStudio/TeamTest/2010">
  <Times creation="2022-04-04T01:24:19.0996504+00:00" queuing="2022-04-04T01:24:19.0996508+00:00" start="2022-04-04T01:24:06.4232004+00:00" finish="2022-04-04T01:24:23.2328961+00:00" />
  <TestSettings name="default" id="1c9783e9-de21-4232-afc4-010d5a8f4721">
    <Deployment runDeploymentRoot="runneradmin_fv-az252-455_2022-04-04_01_24_19" />
  </TestSettings>
  <Results>
    <UnitTestResult executionId="bd1168cb-4d5f-4181-9d06-cc97a993400d" testId="43169439-e722-3696-654b-e380ed8f351d" testName="IntegrationTests.Controllers.ItemControllerTests.EditItem_Saves" computerName="fv-az252-455" duration="00:00:00.0590000" startTime="2022-04-04T01:24:22.9020976+00:00" endTime="2022-04-04T01:24:22.9020976+00:00" testType="13cdc9d9-ddb5-4fa4-a97d-d965ccfc6d4b" outcome="Passed" testListId="8c84fa94-04c1-424b-9868-57a2d4851a1d" relativeResultsDirectory="bd1168cb-4d5f-4181-9d06-cc97a993400d" />
    <UnitTestResult executionId="ea332996-cf91-4c42-b895-ee9dd63caeb9" testId="74f30272-fd7f-9b4e-507d-1c94cc60bb29" testName="IntegrationTests.Controllers.ItemControllerTests.GetItemsPage_Query_Filters(query: &quot;1&quot;, expectedResults: 20)" computerName="fv-az252-455" duration="00:00:00.0380000" startTime="2022-04-04T01:24:22.4869808+00:00" endTime="2022-04-04T01:24:22.4869808+00:00" testType="13cdc9d9-ddb5-4fa4-a97d-d965ccfc6d4b" outcome="Passed" testListId="8c84fa94-04c1-424b-9868-57a2d4851a1d" relativeResultsDirectory="ea332996-cf91-4c42-b895-ee9dd63caeb9" />
    <UnitTestResult executionId="b1efe39a-d8e2-4e70-84d1-442c7a5d4930" testId="1ec97a71-0b29-f7c5-72ce-8cf48efa2e36" testName="IntegrationTests.Controllers.ItemControllerTests.CreateItem_Creates(name: &quot;name2&quot;, description: &quot;description2&quot;)" computerName="fv-az252-455" duration="00:00:00.0250000" startTime="2022-04-04T01:24:22.6766310+00:00" endTime="2022-04-04T01:24:22.6766310+00:00" testType="13cdc9d9-ddb5-4fa4-a97d-d965ccfc6d4b" outcome="Passed" testListId="8c84fa94-04c1-424b-9868-57a2d4851a1d" relativeResultsDirectory="b1efe39a-d8e2-4e70-84d1-442c7a5d4930" />
    <UnitTestResult executionId="1d3d0bf3-4a04-485f-8926-09c6b82ed7e1" testId="2f8521ee-e0ca-eac4-b453-aa86236fc9b9" testName="IntegrationTests.Controllers.ItemControllerTests.GetItemsPage_SortsDescending" computerName="fv-az252-455" duration="00:00:00.0150000" startTime="2022-04-04T01:24:23.0230954+00:00" endTime="2022-04-04T01:24:23.0230954+00:00" testType="13cdc9d9-ddb5-4fa4-a97d-d965ccfc6d4b" outcome="Passed" testListId="8c84fa94-04c1-424b-9868-57a2d4851a1d" relativeResultsDirectory="1d3d0bf3-4a04-485f-8926-09c6b82ed7e1" />
    <UnitTestResult executionId="050d6d1c-d7a4-4c79-9a71-81885f156438" testId="75b07048-5201-d631-649a-c012e65b7444" testName="IntegrationTests.Controllers.ItemControllerTests.GetItemsPage_Query_Filters(query: &quot;Name 10&quot;, expectedResults: 2)" computerName="fv-az252-455" duration="00:00:00.0330000" startTime="2022-04-04T01:24:22.6516304+00:00" endTime="2022-04-04T01:24:22.6516304+00:00" testType="13cdc9d9-ddb5-4fa4-a97d-d965ccfc6d4b" outcome="Passed" testListId="8c84fa94-04c1-424b-9868-57a2d4851a1d" relativeResultsDirectory="050d6d1c-d7a4-4c79-9a71-81885f156438" />
    <UnitTestResult executionId="ff161c02-9676-4986-b67d-367e8664f9c0" testId="0a429b0b-08a8-36a6-5969-3c31a35cc366" testName="IntegrationTests.Controllers.ItemControllerTests.GetItemsPage_GetsProperPages(amount: 9, expectedPages: 1)" computerName="fv-az252-455" duration="00:00:00.0160000" startTime="2022-04-04T01:24:22.8090945+00:00" endTime="2022-04-04T01:24:22.8090945+00:00" testType="13cdc9d9-ddb5-4fa4-a97d-d965ccfc6d4b" outcome="Passed" testListId="8c84fa94-04c1-424b-9868-57a2d4851a1d" relativeResultsDirectory="ff161c02-9676-4986-b67d-367e8664f9c0" />
    <UnitTestResult executionId="6b8d9a34-f367-43c0-8cca-b7e1c3b6a1c5" testId="9609bc3b-2435-1be2-e2f3-2c6b217c770c" testName="IntegrationTests.Controllers.ItemControllerTests.GetItemsPage_Query_Filters(query: &quot;Missing&quot;, expectedResults: 0)" computerName="fv-az252-455" duration="00:00:00.0340000" startTime="2022-04-04T01:24:22.5556283+00:00" endTime="2022-04-04T01:24:22.5556283+00:00" testType="13cdc9d9-ddb5-4fa4-a97d-d965ccfc6d4b" outcome="Passed" testListId="8c84fa94-04c1-424b-9868-57a2d4851a1d" relativeResultsDirectory="6b8d9a34-f367-43c0-8cca-b7e1c3b6a1c5" />
    <UnitTestResult executionId="b42ddef9-3fd6-4898-b97f-df751e006386" testId="4fd078d7-61ec-6e3f-be79-cf322012a0cd" testName="IntegrationTests.Controllers.ItemControllerTests.GetItemsPage_SortsAscending" computerName="fv-az252-455" duration="00:00:05.1450000" startTime="2022-04-04T01:24:22.4029801+00:00" endTime="2022-04-04T01:24:22.4029801+00:00" testType="13cdc9d9-ddb5-4fa4-a97d-d965ccfc6d4b" outcome="Passed" testListId="8c84fa94-04c1-424b-9868-57a2d4851a1d" relativeResultsDirectory="b42ddef9-3fd6-4898-b97f-df751e006386" />
    <UnitTestResult executionId="118381df-18bc-4697-9c81-36b0e6727202" testId="1450a0ab-3596-66d8-8d08-6506bbe1f61b" testName="IntegrationTests.Controllers.ItemControllerTests.GetItemsPage_50Items_GetsProperly" computerName="fv-az252-455" duration="00:00:00.0350000" startTime="2022-04-04T01:24:22.7166291+00:00" endTime="2022-04-04T01:24:22.7166291+00:00" testType="13cdc9d9-ddb5-4fa4-a97d-d965ccfc6d4b" outcome="Passed" testListId="8c84fa94-04c1-424b-9868-57a2d4851a1d" relativeResultsDirectory="118381df-18bc-4697-9c81-36b0e6727202" />
    <UnitTestResult executionId="76cb4c37-9bcf-4fdf-8fd8-7c8271f5bdf9" testId="b5a2bbb3-e25b-0d71-cef7-0187c592a682" testName="IntegrationTests.Controllers.ItemControllerTests.GetItemsPage_Query_Filters(query: &quot;Name 100&quot;, expectedResults: 1)" computerName="fv-az252-455" duration="00:00:00.0330000" startTime="2022-04-04T01:24:22.5886297+00:00" endTime="2022-04-04T01:24:22.5886297+00:00" testType="13cdc9d9-ddb5-4fa4-a97d-d965ccfc6d4b" outcome="Passed" testListId="8c84fa94-04c1-424b-9868-57a2d4851a1d" relativeResultsDirectory="76cb4c37-9bcf-4fdf-8fd8-7c8271f5bdf9" />
    <UnitTestResult executionId="6a5c80c3-f213-442d-923a-059ed2fe6edd" testId="d18898e3-6995-0d27-8e53-1ced81186e2d" testName="IntegrationTests.Controllers.ItemControllerTests.GetItemsPage_PageSize0_DefaultsTo1" computerName="fv-az252-455" duration="00:00:00.0170000" startTime="2022-04-04T01:24:23.0080961+00:00" endTime="2022-04-04T01:24:23.0080961+00:00" testType="13cdc9d9-ddb5-4fa4-a97d-d965ccfc6d4b" outcome="Passed" testListId="8c84fa94-04c1-424b-9868-57a2d4851a1d" relativeResultsDirectory="6a5c80c3-f213-442d-923a-059ed2fe6edd" />
    <UnitTestResult executionId="4b83057f-9753-436d-8526-2f98d3db1c9d" testId="c6d15831-7dbe-24e6-d39b-4f317a873a34" testName="IntegrationTests.Controllers.ItemControllerTests.GetItemsPage_GetsProperPages(amount: 1, expectedPages: 1)" computerName="fv-az252-455" duration="00:00:00.0240000" startTime="2022-04-04T01:24:22.7450968+00:00" endTime="2022-04-04T01:24:22.7450968+00:00" testType="13cdc9d9-ddb5-4fa4-a97d-d965ccfc6d4b" outcome="Passed" testListId="8c84fa94-04c1-424b-9868-57a2d4851a1d" relativeResultsDirectory="4b83057f-9753-436d-8526-2f98d3db1c9d" />
    <UnitTestResult executionId="50e0ff8b-939a-4753-b48a-3e946f6a48ac" testId="eb8cb345-7707-0e07-1566-f6a04ceb2670" testName="IntegrationTests.Controllers.ItemControllerTests.CanEdit_Defaults_To_False" computerName="fv-az252-455" duration="00:00:00.0040000" startTime="2022-04-04T01:24:22.7210962+00:00" endTime="2022-04-04T01:24:22.7210962+00:00" testType="13cdc9d9-ddb5-4fa4-a97d-d965ccfc6d4b" outcome="Passed" testListId="8c84fa94-04c1-424b-9868-57a2d4851a1d" relativeResultsDirectory="50e0ff8b-939a-4753-b48a-3e946f6a48ac" />
    <UnitTestResult executionId="b09ec12d-1857-4b99-86b8-9cc91b7b8c32" testId="b2691cfb-5962-80d6-34ac-12efb31ff88e" testName="IntegrationTests.Controllers.ItemControllerTests.DeleteItem_Deletes" computerName="fv-az252-455" duration="00:00:00.0720000" startTime="2022-04-04T01:24:22.9910972+00:00" endTime="2022-04-04T01:24:22.9910972+00:00" testType="13cdc9d9-ddb5-4fa4-a97d-d965ccfc6d4b" outcome="Passed" testListId="8c84fa94-04c1-424b-9868-57a2d4851a1d" relativeResultsDirectory="b09ec12d-1857-4b99-86b8-9cc91b7b8c32" />
    <UnitTestResult executionId="ebaec426-97f8-4aef-9c1f-ea6c338c713a" testId="35a21cfd-ad2b-b819-14e0-5151fe414a07" testName="IntegrationTests.Controllers.ItemControllerTests.GetItemsPage_GetsProperPages(amount: 101, expectedPages: 11)" computerName="fv-az252-455" duration="00:00:00.0340000" startTime="2022-04-04T01:24:22.8430957+00:00" endTime="2022-04-04T01:24:22.8430957+00:00" testType="13cdc9d9-ddb5-4fa4-a97d-d965ccfc6d4b" outcome="Passed" testListId="8c84fa94-04c1-424b-9868-57a2d4851a1d" relativeResultsDirectory="ebaec426-97f8-4aef-9c1f-ea6c338c713a" />
    <UnitTestResult executionId="397b3148-0d65-461f-8437-44fec56b7264" testId="06f0962d-466b-0634-113e-f3863f9b599c" testName="IntegrationTests.Controllers.ItemControllerTests.GetItemsPage_GetsProperPages(amount: 99, expectedPages: 10)" computerName="fv-az252-455" duration="00:00:00.0270000" startTime="2022-04-04T01:24:22.7760937+00:00" endTime="2022-04-04T01:24:22.7760937+00:00" testType="13cdc9d9-ddb5-4fa4-a97d-d965ccfc6d4b" outcome="Passed" testListId="8c84fa94-04c1-424b-9868-57a2d4851a1d" relativeResultsDirectory="397b3148-0d65-461f-8437-44fec56b7264" />
    <UnitTestResult executionId="5ad9f03c-e8ea-469d-9356-ffc04f664bdb" testId="c6abb489-2666-fd84-85be-69873a4c76cc" testName="IntegrationTests.Controllers.ItemControllerTests.CreateItem_Creates(name: &quot;name1&quot;, description: &quot;description1&quot;)" computerName="fv-az252-455" duration="00:00:00.0050000" startTime="2022-04-04T01:24:22.6816294+00:00" endTime="2022-04-04T01:24:22.6816294+00:00" testType="13cdc9d9-ddb5-4fa4-a97d-d965ccfc6d4b" outcome="Passed" testListId="8c84fa94-04c1-424b-9868-57a2d4851a1d" relativeResultsDirectory="5ad9f03c-e8ea-469d-9356-ffc04f664bdb" />
    <UnitTestResult executionId="32cfeded-d891-44d4-aa9f-c9a36cd80520" testId="6274cd22-d848-61dd-8233-d29a2f361a38" testName="IntegrationTests.Controllers.ItemControllerTests.GetItemsPage_Query_Filters(query: &quot;Name 1&quot;, expectedResults: 12)" computerName="fv-az252-455" duration="00:00:00.0340000" startTime="2022-04-04T01:24:22.5219836+00:00" endTime="2022-04-04T01:24:22.5219836+00:00" testType="13cdc9d9-ddb5-4fa4-a97d-d965ccfc6d4b" outcome="Passed" testListId="8c84fa94-04c1-424b-9868-57a2d4851a1d" relativeResultsDirectory="32cfeded-d891-44d4-aa9f-c9a36cd80520" />
    <UnitTestResult executionId="cd7b6d96-ea76-49ea-aa84-b5a94a426a57" testId="945f4fce-c15e-e09c-9dbf-5879cde58a78" testName="IntegrationTests.Controllers.ItemControllerTests.GetItemsPage_Page0_DefaultsToPage1" computerName="fv-az252-455" duration="00:00:00.0150000" startTime="2022-04-04T01:24:22.9180959+00:00" endTime="2022-04-04T01:24:22.9180959+00:00" testType="13cdc9d9-ddb5-4fa4-a97d-d965ccfc6d4b" outcome="Passed" testListId="8c84fa94-04c1-424b-9868-57a2d4851a1d" relativeResultsDirectory="cd7b6d96-ea76-49ea-aa84-b5a94a426a57" />
    <UnitTestResult executionId="69b5451f-ba60-4b86-9440-5ee7daaeac93" testId="fe1c9811-4463-ef95-5296-cdd71ab090b8" testName="IntegrationTests.Controllers.ItemControllerTests.DeleteItem_DeletesMissingItem" computerName="fv-az252-455" duration="00:00:00.0130000" startTime="2022-04-04T01:24:23.0410969+00:00" endTime="2022-04-04T01:24:23.0410969+00:00" testType="13cdc9d9-ddb5-4fa4-a97d-d965ccfc6d4b" outcome="Passed" testListId="8c84fa94-04c1-424b-9868-57a2d4851a1d" relativeResultsDirectory="69b5451f-ba60-4b86-9440-5ee7daaeac93" />
    <UnitTestResult executionId="7c305d4d-3cf3-497c-a03d-cd967fb87194" testId="3b96b54e-967c-6e8f-1ced-4ff4d8370be3" testName="IntegrationTests.Controllers.ItemControllerTests.GetItemsPage_Query_Filters(query: &quot;&quot;, expectedResults: 100)" computerName="fv-az252-455" duration="00:00:00.0460000" startTime="2022-04-04T01:24:22.4499817+00:00" endTime="2022-04-04T01:24:22.4499817+00:00" testType="13cdc9d9-ddb5-4fa4-a97d-d965ccfc6d4b" outcome="Passed" testListId="8c84fa94-04c1-424b-9868-57a2d4851a1d" relativeResultsDirectory="7c305d4d-3cf3-497c-a03d-cd967fb87194" />
    <UnitTestResult executionId="fb04e554-2d76-410b-8834-3c653b99e823" testId="31a1a77c-5b35-2c19-9bdc-0ee23e06e8f3" testName="IntegrationTests.Controllers.ItemControllerTests.GetItemsPage_GetsProperPages(amount: 10, expectedPages: 1)" computerName="fv-az252-455" duration="00:00:00.0210000" startTime="2022-04-04T01:24:22.7930937+00:00" endTime="2022-04-04T01:24:22.7930937+00:00" testType="13cdc9d9-ddb5-4fa4-a97d-d965ccfc6d4b" outcome="Passed" testListId="8c84fa94-04c1-424b-9868-57a2d4851a1d" relativeResultsDirectory="fb04e554-2d76-410b-8834-3c653b99e823" />
    <UnitTestResult executionId="2cdd5656-1645-455f-a220-42667f4d8234" testId="64ce4809-e3f8-8d8e-c808-2938f18aa4d4" testName="IntegrationTests.Controllers.ItemControllerTests.GetItemsPage_Query_Filters(query: &quot;Name 2&quot;, expectedResults: 11)" computerName="fv-az252-455" duration="00:00:00.0290000" startTime="2022-04-04T01:24:22.6176308+00:00" endTime="2022-04-04T01:24:22.6176308+00:00" testType="13cdc9d9-ddb5-4fa4-a97d-d965ccfc6d4b" outcome="Passed" testListId="8c84fa94-04c1-424b-9868-57a2d4851a1d" relativeResultsDirectory="2cdd5656-1645-455f-a220-42667f4d8234" />
    <UnitTestResult executionId="32eba8a1-e174-415b-ae19-2951b0b60243" testId="69a7a014-6241-5f0a-e55d-960890e56595" testName="IntegrationTests.Controllers.ServiceRouteMapperTests.RegisterRoutes_RegistersAtLestOneRoute" computerName="fv-az252-455" duration="00:00:01.5390000" startTime="2022-04-04T01:24:18.8363033+00:00" endTime="2022-04-04T01:24:18.8363033+00:00" testType="13cdc9d9-ddb5-4fa4-a97d-d965ccfc6d4b" outcome="Passed" testListId="8c84fa94-04c1-424b-9868-57a2d4851a1d" relativeResultsDirectory="32eba8a1-e174-415b-ae19-2951b0b60243" />
  </Results>
  <TestDefinitions>
    <UnitTest name="IntegrationTests.Controllers.ItemControllerTests.GetItemsPage_Query_Filters(query: &quot;Name 10&quot;, expectedResults: 2)" storage="d:\a\dnn.securitycenter\dnn.securitycenter\integrationtests\bin\integrationtests.dll" id="75b07048-5201-d631-649a-c012e65b7444">
      <Execution id="050d6d1c-d7a4-4c79-9a71-81885f156438" />
      <TestMethod codeBase="D:\a\Dnn.SecurityCenter\Dnn.SecurityCenter\IntegrationTests\bin\IntegrationTests.dll" adapterTypeName="executor://xunit/VsTestRunner2/net" className="IntegrationTests.Controllers.ItemControllerTests" name="GetItemsPage_Query_Filters" />
    </UnitTest>
    <UnitTest name="IntegrationTests.Controllers.ItemControllerTests.GetItemsPage_Query_Filters(query: &quot;1&quot;, expectedResults: 20)" storage="d:\a\dnn.securitycenter\dnn.securitycenter\integrationtests\bin\integrationtests.dll" id="74f30272-fd7f-9b4e-507d-1c94cc60bb29">
      <Execution id="ea332996-cf91-4c42-b895-ee9dd63caeb9" />
      <TestMethod codeBase="D:\a\Dnn.SecurityCenter\Dnn.SecurityCenter\IntegrationTests\bin\IntegrationTests.dll" adapterTypeName="executor://xunit/VsTestRunner2/net" className="IntegrationTests.Controllers.ItemControllerTests" name="GetItemsPage_Query_Filters" />
    </UnitTest>
    <UnitTest name="IntegrationTests.Controllers.ItemControllerTests.GetItemsPage_GetsProperPages(amount: 99, expectedPages: 10)" storage="d:\a\dnn.securitycenter\dnn.securitycenter\integrationtests\bin\integrationtests.dll" id="06f0962d-466b-0634-113e-f3863f9b599c">
      <Execution id="397b3148-0d65-461f-8437-44fec56b7264" />
      <TestMethod codeBase="D:\a\Dnn.SecurityCenter\Dnn.SecurityCenter\IntegrationTests\bin\IntegrationTests.dll" adapterTypeName="executor://xunit/VsTestRunner2/net" className="IntegrationTests.Controllers.ItemControllerTests" name="GetItemsPage_GetsProperPages" />
    </UnitTest>
    <UnitTest name="IntegrationTests.Controllers.ItemControllerTests.DeleteItem_DeletesMissingItem" storage="d:\a\dnn.securitycenter\dnn.securitycenter\integrationtests\bin\integrationtests.dll" id="fe1c9811-4463-ef95-5296-cdd71ab090b8">
      <Execution id="69b5451f-ba60-4b86-9440-5ee7daaeac93" />
      <TestMethod codeBase="D:\a\Dnn.SecurityCenter\Dnn.SecurityCenter\IntegrationTests\bin\IntegrationTests.dll" adapterTypeName="executor://xunit/VsTestRunner2/net" className="IntegrationTests.Controllers.ItemControllerTests" name="DeleteItem_DeletesMissingItem" />
    </UnitTest>
    <UnitTest name="IntegrationTests.Controllers.ItemControllerTests.EditItem_Saves" storage="d:\a\dnn.securitycenter\dnn.securitycenter\integrationtests\bin\integrationtests.dll" id="43169439-e722-3696-654b-e380ed8f351d">
      <Execution id="bd1168cb-4d5f-4181-9d06-cc97a993400d" />
      <TestMethod codeBase="D:\a\Dnn.SecurityCenter\Dnn.SecurityCenter\IntegrationTests\bin\IntegrationTests.dll" adapterTypeName="executor://xunit/VsTestRunner2/net" className="IntegrationTests.Controllers.ItemControllerTests" name="EditItem_Saves" />
    </UnitTest>
    <UnitTest name="IntegrationTests.Controllers.ItemControllerTests.CreateItem_Creates(name: &quot;name1&quot;, description: &quot;description1&quot;)" storage="d:\a\dnn.securitycenter\dnn.securitycenter\integrationtests\bin\integrationtests.dll" id="c6abb489-2666-fd84-85be-69873a4c76cc">
      <Execution id="5ad9f03c-e8ea-469d-9356-ffc04f664bdb" />
      <TestMethod codeBase="D:\a\Dnn.SecurityCenter\Dnn.SecurityCenter\IntegrationTests\bin\IntegrationTests.dll" adapterTypeName="executor://xunit/VsTestRunner2/net" className="IntegrationTests.Controllers.ItemControllerTests" name="CreateItem_Creates" />
    </UnitTest>
    <UnitTest name="IntegrationTests.Controllers.ItemControllerTests.GetItemsPage_Query_Filters(query: &quot;&quot;, expectedResults: 100)" storage="d:\a\dnn.securitycenter\dnn.securitycenter\integrationtests\bin\integrationtests.dll" id="3b96b54e-967c-6e8f-1ced-4ff4d8370be3">
      <Execution id="7c305d4d-3cf3-497c-a03d-cd967fb87194" />
      <TestMethod codeBase="D:\a\Dnn.SecurityCenter\Dnn.SecurityCenter\IntegrationTests\bin\IntegrationTests.dll" adapterTypeName="executor://xunit/VsTestRunner2/net" className="IntegrationTests.Controllers.ItemControllerTests" name="GetItemsPage_Query_Filters" />
    </UnitTest>
    <UnitTest name="IntegrationTests.Controllers.ItemControllerTests.GetItemsPage_SortsDescending" storage="d:\a\dnn.securitycenter\dnn.securitycenter\integrationtests\bin\integrationtests.dll" id="2f8521ee-e0ca-eac4-b453-aa86236fc9b9">
      <Execution id="1d3d0bf3-4a04-485f-8926-09c6b82ed7e1" />
      <TestMethod codeBase="D:\a\Dnn.SecurityCenter\Dnn.SecurityCenter\IntegrationTests\bin\IntegrationTests.dll" adapterTypeName="executor://xunit/VsTestRunner2/net" className="IntegrationTests.Controllers.ItemControllerTests" name="GetItemsPage_SortsDescending" />
    </UnitTest>
    <UnitTest name="IntegrationTests.Controllers.ItemControllerTests.GetItemsPage_Page0_DefaultsToPage1" storage="d:\a\dnn.securitycenter\dnn.securitycenter\integrationtests\bin\integrationtests.dll" id="945f4fce-c15e-e09c-9dbf-5879cde58a78">
      <Execution id="cd7b6d96-ea76-49ea-aa84-b5a94a426a57" />
      <TestMethod codeBase="D:\a\Dnn.SecurityCenter\Dnn.SecurityCenter\IntegrationTests\bin\IntegrationTests.dll" adapterTypeName="executor://xunit/VsTestRunner2/net" className="IntegrationTests.Controllers.ItemControllerTests" name="GetItemsPage_Page0_DefaultsToPage1" />
    </UnitTest>
    <UnitTest name="IntegrationTests.Controllers.ItemControllerTests.GetItemsPage_50Items_GetsProperly" storage="d:\a\dnn.securitycenter\dnn.securitycenter\integrationtests\bin\integrationtests.dll" id="1450a0ab-3596-66d8-8d08-6506bbe1f61b">
      <Execution id="118381df-18bc-4697-9c81-36b0e6727202" />
      <TestMethod codeBase="D:\a\Dnn.SecurityCenter\Dnn.SecurityCenter\IntegrationTests\bin\IntegrationTests.dll" adapterTypeName="executor://xunit/VsTestRunner2/net" className="IntegrationTests.Controllers.ItemControllerTests" name="GetItemsPage_50Items_GetsProperly" />
    </UnitTest>
    <UnitTest name="IntegrationTests.Controllers.ItemControllerTests.GetItemsPage_GetsProperPages(amount: 101, expectedPages: 11)" storage="d:\a\dnn.securitycenter\dnn.securitycenter\integrationtests\bin\integrationtests.dll" id="35a21cfd-ad2b-b819-14e0-5151fe414a07">
      <Execution id="ebaec426-97f8-4aef-9c1f-ea6c338c713a" />
      <TestMethod codeBase="D:\a\Dnn.SecurityCenter\Dnn.SecurityCenter\IntegrationTests\bin\IntegrationTests.dll" adapterTypeName="executor://xunit/VsTestRunner2/net" className="IntegrationTests.Controllers.ItemControllerTests" name="GetItemsPage_GetsProperPages" />
    </UnitTest>
    <UnitTest name="IntegrationTests.Controllers.ItemControllerTests.GetItemsPage_GetsProperPages(amount: 1, expectedPages: 1)" storage="d:\a\dnn.securitycenter\dnn.securitycenter\integrationtests\bin\integrationtests.dll" id="c6d15831-7dbe-24e6-d39b-4f317a873a34">
      <Execution id="4b83057f-9753-436d-8526-2f98d3db1c9d" />
      <TestMethod codeBase="D:\a\Dnn.SecurityCenter\Dnn.SecurityCenter\IntegrationTests\bin\IntegrationTests.dll" adapterTypeName="executor://xunit/VsTestRunner2/net" className="IntegrationTests.Controllers.ItemControllerTests" name="GetItemsPage_GetsProperPages" />
    </UnitTest>
    <UnitTest name="IntegrationTests.Controllers.ItemControllerTests.CreateItem_Creates(name: &quot;name2&quot;, description: &quot;description2&quot;)" storage="d:\a\dnn.securitycenter\dnn.securitycenter\integrationtests\bin\integrationtests.dll" id="1ec97a71-0b29-f7c5-72ce-8cf48efa2e36">
      <Execution id="b1efe39a-d8e2-4e70-84d1-442c7a5d4930" />
      <TestMethod codeBase="D:\a\Dnn.SecurityCenter\Dnn.SecurityCenter\IntegrationTests\bin\IntegrationTests.dll" adapterTypeName="executor://xunit/VsTestRunner2/net" className="IntegrationTests.Controllers.ItemControllerTests" name="CreateItem_Creates" />
    </UnitTest>
    <UnitTest name="IntegrationTests.Controllers.ItemControllerTests.GetItemsPage_SortsAscending" storage="d:\a\dnn.securitycenter\dnn.securitycenter\integrationtests\bin\integrationtests.dll" id="4fd078d7-61ec-6e3f-be79-cf322012a0cd">
      <Execution id="b42ddef9-3fd6-4898-b97f-df751e006386" />
      <TestMethod codeBase="D:\a\Dnn.SecurityCenter\Dnn.SecurityCenter\IntegrationTests\bin\IntegrationTests.dll" adapterTypeName="executor://xunit/VsTestRunner2/net" className="IntegrationTests.Controllers.ItemControllerTests" name="GetItemsPage_SortsAscending" />
    </UnitTest>
    <UnitTest name="IntegrationTests.Controllers.ItemControllerTests.GetItemsPage_PageSize0_DefaultsTo1" storage="d:\a\dnn.securitycenter\dnn.securitycenter\integrationtests\bin\integrationtests.dll" id="d18898e3-6995-0d27-8e53-1ced81186e2d">
      <Execution id="6a5c80c3-f213-442d-923a-059ed2fe6edd" />
      <TestMethod codeBase="D:\a\Dnn.SecurityCenter\Dnn.SecurityCenter\IntegrationTests\bin\IntegrationTests.dll" adapterTypeName="executor://xunit/VsTestRunner2/net" className="IntegrationTests.Controllers.ItemControllerTests" name="GetItemsPage_PageSize0_DefaultsTo1" />
    </UnitTest>
    <UnitTest name="IntegrationTests.Controllers.ItemControllerTests.GetItemsPage_GetsProperPages(amount: 9, expectedPages: 1)" storage="d:\a\dnn.securitycenter\dnn.securitycenter\integrationtests\bin\integrationtests.dll" id="0a429b0b-08a8-36a6-5969-3c31a35cc366">
      <Execution id="ff161c02-9676-4986-b67d-367e8664f9c0" />
      <TestMethod codeBase="D:\a\Dnn.SecurityCenter\Dnn.SecurityCenter\IntegrationTests\bin\IntegrationTests.dll" adapterTypeName="executor://xunit/VsTestRunner2/net" className="IntegrationTests.Controllers.ItemControllerTests" name="GetItemsPage_GetsProperPages" />
    </UnitTest>
    <UnitTest name="IntegrationTests.Controllers.ItemControllerTests.GetItemsPage_GetsProperPages(amount: 10, expectedPages: 1)" storage="d:\a\dnn.securitycenter\dnn.securitycenter\integrationtests\bin\integrationtests.dll" id="31a1a77c-5b35-2c19-9bdc-0ee23e06e8f3">
      <Execution id="fb04e554-2d76-410b-8834-3c653b99e823" />
      <TestMethod codeBase="D:\a\Dnn.SecurityCenter\Dnn.SecurityCenter\IntegrationTests\bin\IntegrationTests.dll" adapterTypeName="executor://xunit/VsTestRunner2/net" className="IntegrationTests.Controllers.ItemControllerTests" name="GetItemsPage_GetsProperPages" />
    </UnitTest>
    <UnitTest name="IntegrationTests.Controllers.ItemControllerTests.GetItemsPage_Query_Filters(query: &quot;Missing&quot;, expectedResults: 0)" storage="d:\a\dnn.securitycenter\dnn.securitycenter\integrationtests\bin\integrationtests.dll" id="9609bc3b-2435-1be2-e2f3-2c6b217c770c">
      <Execution id="6b8d9a34-f367-43c0-8cca-b7e1c3b6a1c5" />
      <TestMethod codeBase="D:\a\Dnn.SecurityCenter\Dnn.SecurityCenter\IntegrationTests\bin\IntegrationTests.dll" adapterTypeName="executor://xunit/VsTestRunner2/net" className="IntegrationTests.Controllers.ItemControllerTests" name="GetItemsPage_Query_Filters" />
    </UnitTest>
    <UnitTest name="IntegrationTests.Controllers.ItemControllerTests.DeleteItem_Deletes" storage="d:\a\dnn.securitycenter\dnn.securitycenter\integrationtests\bin\integrationtests.dll" id="b2691cfb-5962-80d6-34ac-12efb31ff88e">
      <Execution id="b09ec12d-1857-4b99-86b8-9cc91b7b8c32" />
      <TestMethod codeBase="D:\a\Dnn.SecurityCenter\Dnn.SecurityCenter\IntegrationTests\bin\IntegrationTests.dll" adapterTypeName="executor://xunit/VsTestRunner2/net" className="IntegrationTests.Controllers.ItemControllerTests" name="DeleteItem_Deletes" />
    </UnitTest>
    <UnitTest name="IntegrationTests.Controllers.ItemControllerTests.GetItemsPage_Query_Filters(query: &quot;Name 2&quot;, expectedResults: 11)" storage="d:\a\dnn.securitycenter\dnn.securitycenter\integrationtests\bin\integrationtests.dll" id="64ce4809-e3f8-8d8e-c808-2938f18aa4d4">
      <Execution id="2cdd5656-1645-455f-a220-42667f4d8234" />
      <TestMethod codeBase="D:\a\Dnn.SecurityCenter\Dnn.SecurityCenter\IntegrationTests\bin\IntegrationTests.dll" adapterTypeName="executor://xunit/VsTestRunner2/net" className="IntegrationTests.Controllers.ItemControllerTests" name="GetItemsPage_Query_Filters" />
    </UnitTest>
    <UnitTest name="IntegrationTests.Controllers.ItemControllerTests.GetItemsPage_Query_Filters(query: &quot;Name 100&quot;, expectedResults: 1)" storage="d:\a\dnn.securitycenter\dnn.securitycenter\integrationtests\bin\integrationtests.dll" id="b5a2bbb3-e25b-0d71-cef7-0187c592a682">
      <Execution id="76cb4c37-9bcf-4fdf-8fd8-7c8271f5bdf9" />
      <TestMethod codeBase="D:\a\Dnn.SecurityCenter\Dnn.SecurityCenter\IntegrationTests\bin\IntegrationTests.dll" adapterTypeName="executor://xunit/VsTestRunner2/net" className="IntegrationTests.Controllers.ItemControllerTests" name="GetItemsPage_Query_Filters" />
    </UnitTest>
    <UnitTest name="IntegrationTests.Controllers.ServiceRouteMapperTests.RegisterRoutes_RegistersAtLestOneRoute" storage="d:\a\dnn.securitycenter\dnn.securitycenter\integrationtests\bin\integrationtests.dll" id="69a7a014-6241-5f0a-e55d-960890e56595">
      <Execution id="32eba8a1-e174-415b-ae19-2951b0b60243" />
      <TestMethod codeBase="D:\a\Dnn.SecurityCenter\Dnn.SecurityCenter\IntegrationTests\bin\IntegrationTests.dll" adapterTypeName="executor://xunit/VsTestRunner2/net" className="IntegrationTests.Controllers.ServiceRouteMapperTests" name="RegisterRoutes_RegistersAtLestOneRoute" />
    </UnitTest>
    <UnitTest name="IntegrationTests.Controllers.ItemControllerTests.GetItemsPage_Query_Filters(query: &quot;Name 1&quot;, expectedResults: 12)" storage="d:\a\dnn.securitycenter\dnn.securitycenter\integrationtests\bin\integrationtests.dll" id="6274cd22-d848-61dd-8233-d29a2f361a38">
      <Execution id="32cfeded-d891-44d4-aa9f-c9a36cd80520" />
      <TestMethod codeBase="D:\a\Dnn.SecurityCenter\Dnn.SecurityCenter\IntegrationTests\bin\IntegrationTests.dll" adapterTypeName="executor://xunit/VsTestRunner2/net" className="IntegrationTests.Controllers.ItemControllerTests" name="GetItemsPage_Query_Filters" />
    </UnitTest>
    <UnitTest name="IntegrationTests.Controllers.ItemControllerTests.CanEdit_Defaults_To_False" storage="d:\a\dnn.securitycenter\dnn.securitycenter\integrationtests\bin\integrationtests.dll" id="eb8cb345-7707-0e07-1566-f6a04ceb2670">
      <Execution id="50e0ff8b-939a-4753-b48a-3e946f6a48ac" />
      <TestMethod codeBase="D:\a\Dnn.SecurityCenter\Dnn.SecurityCenter\IntegrationTests\bin\IntegrationTests.dll" adapterTypeName="executor://xunit/VsTestRunner2/net" className="IntegrationTests.Controllers.ItemControllerTests" name="CanEdit_Defaults_To_False" />
    </UnitTest>
  </TestDefinitions>
  <TestEntries>
    <TestEntry testId="43169439-e722-3696-654b-e380ed8f351d" executionId="bd1168cb-4d5f-4181-9d06-cc97a993400d" testListId="8c84fa94-04c1-424b-9868-57a2d4851a1d" />
    <TestEntry testId="74f30272-fd7f-9b4e-507d-1c94cc60bb29" executionId="ea332996-cf91-4c42-b895-ee9dd63caeb9" testListId="8c84fa94-04c1-424b-9868-57a2d4851a1d" />
    <TestEntry testId="1ec97a71-0b29-f7c5-72ce-8cf48efa2e36" executionId="b1efe39a-d8e2-4e70-84d1-442c7a5d4930" testListId="8c84fa94-04c1-424b-9868-57a2d4851a1d" />
    <TestEntry testId="2f8521ee-e0ca-eac4-b453-aa86236fc9b9" executionId="1d3d0bf3-4a04-485f-8926-09c6b82ed7e1" testListId="8c84fa94-04c1-424b-9868-57a2d4851a1d" />
    <TestEntry testId="75b07048-5201-d631-649a-c012e65b7444" executionId="050d6d1c-d7a4-4c79-9a71-81885f156438" testListId="8c84fa94-04c1-424b-9868-57a2d4851a1d" />
    <TestEntry testId="0a429b0b-08a8-36a6-5969-3c31a35cc366" executionId="ff161c02-9676-4986-b67d-367e8664f9c0" testListId="8c84fa94-04c1-424b-9868-57a2d4851a1d" />
    <TestEntry testId="9609bc3b-2435-1be2-e2f3-2c6b217c770c" executionId="6b8d9a34-f367-43c0-8cca-b7e1c3b6a1c5" testListId="8c84fa94-04c1-424b-9868-57a2d4851a1d" />
    <TestEntry testId="4fd078d7-61ec-6e3f-be79-cf322012a0cd" executionId="b42ddef9-3fd6-4898-b97f-df751e006386" testListId="8c84fa94-04c1-424b-9868-57a2d4851a1d" />
    <TestEntry testId="1450a0ab-3596-66d8-8d08-6506bbe1f61b" executionId="118381df-18bc-4697-9c81-36b0e6727202" testListId="8c84fa94-04c1-424b-9868-57a2d4851a1d" />
    <TestEntry testId="b5a2bbb3-e25b-0d71-cef7-0187c592a682" executionId="76cb4c37-9bcf-4fdf-8fd8-7c8271f5bdf9" testListId="8c84fa94-04c1-424b-9868-57a2d4851a1d" />
    <TestEntry testId="d18898e3-6995-0d27-8e53-1ced81186e2d" executionId="6a5c80c3-f213-442d-923a-059ed2fe6edd" testListId="8c84fa94-04c1-424b-9868-57a2d4851a1d" />
    <TestEntry testId="c6d15831-7dbe-24e6-d39b-4f317a873a34" executionId="4b83057f-9753-436d-8526-2f98d3db1c9d" testListId="8c84fa94-04c1-424b-9868-57a2d4851a1d" />
    <TestEntry testId="eb8cb345-7707-0e07-1566-f6a04ceb2670" executionId="50e0ff8b-939a-4753-b48a-3e946f6a48ac" testListId="8c84fa94-04c1-424b-9868-57a2d4851a1d" />
    <TestEntry testId="b2691cfb-5962-80d6-34ac-12efb31ff88e" executionId="b09ec12d-1857-4b99-86b8-9cc91b7b8c32" testListId="8c84fa94-04c1-424b-9868-57a2d4851a1d" />
    <TestEntry testId="35a21cfd-ad2b-b819-14e0-5151fe414a07" executionId="ebaec426-97f8-4aef-9c1f-ea6c338c713a" testListId="8c84fa94-04c1-424b-9868-57a2d4851a1d" />
    <TestEntry testId="06f0962d-466b-0634-113e-f3863f9b599c" executionId="397b3148-0d65-461f-8437-44fec56b7264" testListId="8c84fa94-04c1-424b-9868-57a2d4851a1d" />
    <TestEntry testId="c6abb489-2666-fd84-85be-69873a4c76cc" executionId="5ad9f03c-e8ea-469d-9356-ffc04f664bdb" testListId="8c84fa94-04c1-424b-9868-57a2d4851a1d" />
    <TestEntry testId="6274cd22-d848-61dd-8233-d29a2f361a38" executionId="32cfeded-d891-44d4-aa9f-c9a36cd80520" testListId="8c84fa94-04c1-424b-9868-57a2d4851a1d" />
    <TestEntry testId="945f4fce-c15e-e09c-9dbf-5879cde58a78" executionId="cd7b6d96-ea76-49ea-aa84-b5a94a426a57" testListId="8c84fa94-04c1-424b-9868-57a2d4851a1d" />
    <TestEntry testId="fe1c9811-4463-ef95-5296-cdd71ab090b8" executionId="69b5451f-ba60-4b86-9440-5ee7daaeac93" testListId="8c84fa94-04c1-424b-9868-57a2d4851a1d" />
    <TestEntry testId="3b96b54e-967c-6e8f-1ced-4ff4d8370be3" executionId="7c305d4d-3cf3-497c-a03d-cd967fb87194" testListId="8c84fa94-04c1-424b-9868-57a2d4851a1d" />
    <TestEntry testId="31a1a77c-5b35-2c19-9bdc-0ee23e06e8f3" executionId="fb04e554-2d76-410b-8834-3c653b99e823" testListId="8c84fa94-04c1-424b-9868-57a2d4851a1d" />
    <TestEntry testId="64ce4809-e3f8-8d8e-c808-2938f18aa4d4" executionId="2cdd5656-1645-455f-a220-42667f4d8234" testListId="8c84fa94-04c1-424b-9868-57a2d4851a1d" />
    <TestEntry testId="69a7a014-6241-5f0a-e55d-960890e56595" executionId="32eba8a1-e174-415b-ae19-2951b0b60243" testListId="8c84fa94-04c1-424b-9868-57a2d4851a1d" />
  </TestEntries>
  <TestLists>
    <TestList name="Results Not in a List" id="8c84fa94-04c1-424b-9868-57a2d4851a1d" />
    <TestList name="All Loaded Results" id="19431567-8539-422a-85d7-44ee4e166bda" />
  </TestLists>
  <ResultSummary outcome="Completed">
    <Counters total="24" executed="24" passed="24" failed="0" error="0" timeout="0" aborted="0" inconclusive="0" passedButRunAborted="0" notRunnable="0" notExecuted="0" disconnected="0" warning="0" completed="0" inProgress="0" pending="0" />
    <Output>
      <StdOut>[xUnit.net 00:00:00.05] xUnit.net VSTest Adapter v2.4.3+1b45f5407b (32-bit Desktop .NET 4.0.30319.42000)&#xD;
[xUnit.net 00:00:01.04]   Discovering: IntegrationTests&#xD;
[xUnit.net 00:00:01.37]   Discovered:  IntegrationTests&#xD;
[xUnit.net 00:00:01.37]   Starting:    IntegrationTests&#xD;
[xUnit.net 00:00:07.34]   Finished:    IntegrationTests&#xD;
</StdOut>
    </Output>
  </ResultSummary>
</TestRun>