<?xml version="1.0" encoding="utf-8"?>
<TestRun id="c4bea40d-bb20-43d5-b1bc-94e495e43b05" name="runneradmin@fv-az250-540 2022-02-27 03:07:23" runUser="fv-az250-540\runneradmin" xmlns="http://microsoft.com/schemas/VisualStudio/TeamTest/2010">
  <Times creation="2022-02-27T03:07:23.6464063+00:00" queuing="2022-02-27T03:07:23.6464066+00:00" start="2022-02-27T03:07:07.8533095+00:00" finish="2022-02-27T03:07:27.6756299+00:00" />
  <TestSettings name="default" id="a748dc11-81ce-4030-8f14-9adddbedf22f">
    <Deployment runDeploymentRoot="runneradmin_fv-az250-540_2022-02-27_03_07_23" />
  </TestSettings>
  <Results>
    <UnitTestResult executionId="c6676d73-ca25-47bd-9574-55b22565279f" testId="06f0962d-466b-0634-113e-f3863f9b599c" testName="IntegrationTests.Controllers.ItemControllerTests.GetItemsPage_GetsProperPages(amount: 99, expectedPages: 10)" computerName="fv-az250-540" duration="00:00:00.0340000" startTime="2022-02-27T03:07:27.1799300+00:00" endTime="2022-02-27T03:07:27.1799300+00:00" testType="13cdc9d9-ddb5-4fa4-a97d-d965ccfc6d4b" outcome="Passed" testListId="8c84fa94-04c1-424b-9868-57a2d4851a1d" relativeResultsDirectory="c6676d73-ca25-47bd-9574-55b22565279f" />
    <UnitTestResult executionId="531ee2c2-9c6e-4d8a-802c-52561195b1b2" testId="75b07048-5201-d631-649a-c012e65b7444" testName="IntegrationTests.Controllers.ItemControllerTests.GetItemsPage_Query_Filters(query: &quot;Name 10&quot;, expectedResults: 2)" computerName="fv-az250-540" duration="00:00:00.0410000" startTime="2022-02-27T03:07:27.0126992+00:00" endTime="2022-02-27T03:07:27.0126992+00:00" testType="13cdc9d9-ddb5-4fa4-a97d-d965ccfc6d4b" outcome="Passed" testListId="8c84fa94-04c1-424b-9868-57a2d4851a1d" relativeResultsDirectory="531ee2c2-9c6e-4d8a-802c-52561195b1b2" />
    <UnitTestResult executionId="d4d91f54-ddc9-4920-912d-8c588fcc9b72" testId="0a429b0b-08a8-36a6-5969-3c31a35cc366" testName="IntegrationTests.Controllers.ItemControllerTests.GetItemsPage_GetsProperPages(amount: 9, expectedPages: 1)" computerName="fv-az250-540" duration="00:00:00.0190000" startTime="2022-02-27T03:07:27.2199299+00:00" endTime="2022-02-27T03:07:27.2199299+00:00" testType="13cdc9d9-ddb5-4fa4-a97d-d965ccfc6d4b" outcome="Passed" testListId="8c84fa94-04c1-424b-9868-57a2d4851a1d" relativeResultsDirectory="d4d91f54-ddc9-4920-912d-8c588fcc9b72" />
    <UnitTestResult executionId="9d6ac081-ec1c-4073-9af4-3f93e904514e" testId="2f8521ee-e0ca-eac4-b453-aa86236fc9b9" testName="IntegrationTests.Controllers.ItemControllerTests.GetItemsPage_SortsDescending" computerName="fv-az250-540" duration="00:00:00.0200000" startTime="2022-02-27T03:07:27.4849226+00:00" endTime="2022-02-27T03:07:27.4849226+00:00" testType="13cdc9d9-ddb5-4fa4-a97d-d965ccfc6d4b" outcome="Passed" testListId="8c84fa94-04c1-424b-9868-57a2d4851a1d" relativeResultsDirectory="9d6ac081-ec1c-4073-9af4-3f93e904514e" />
    <UnitTestResult executionId="d107c430-18a9-4a40-8bb5-2a47b2e0986c" testId="945f4fce-c15e-e09c-9dbf-5879cde58a78" testName="IntegrationTests.Controllers.ItemControllerTests.GetItemsPage_Page0_DefaultsToPage1" computerName="fv-az250-540" duration="00:00:00.0190000" startTime="2022-02-27T03:07:27.3549247+00:00" endTime="2022-02-27T03:07:27.3549247+00:00" testType="13cdc9d9-ddb5-4fa4-a97d-d965ccfc6d4b" outcome="Passed" testListId="8c84fa94-04c1-424b-9868-57a2d4851a1d" relativeResultsDirectory="d107c430-18a9-4a40-8bb5-2a47b2e0986c" />
    <UnitTestResult executionId="09aa99bc-6c8b-4861-a1da-1166724c2042" testId="c6abb489-2666-fd84-85be-69873a4c76cc" testName="IntegrationTests.Controllers.ItemControllerTests.CreateItem_Creates(name: &quot;name1&quot;, description: &quot;description1&quot;)" computerName="fv-az250-540" duration="00:00:00.0060000" startTime="2022-02-27T03:07:27.0496983+00:00" endTime="2022-02-27T03:07:27.0496983+00:00" testType="13cdc9d9-ddb5-4fa4-a97d-d965ccfc6d4b" outcome="Passed" testListId="8c84fa94-04c1-424b-9868-57a2d4851a1d" relativeResultsDirectory="09aa99bc-6c8b-4861-a1da-1166724c2042" />
    <UnitTestResult executionId="a22c0ff0-4907-4dc9-bea1-d58c08d0bbb6" testId="74f30272-fd7f-9b4e-507d-1c94cc60bb29" testName="IntegrationTests.Controllers.ItemControllerTests.GetItemsPage_Query_Filters(query: &quot;1&quot;, expectedResults: 20)" computerName="fv-az250-540" duration="00:00:00.0460000" startTime="2022-02-27T03:07:26.8030164+00:00" endTime="2022-02-27T03:07:26.8030164+00:00" testType="13cdc9d9-ddb5-4fa4-a97d-d965ccfc6d4b" outcome="Passed" testListId="8c84fa94-04c1-424b-9868-57a2d4851a1d" relativeResultsDirectory="a22c0ff0-4907-4dc9-bea1-d58c08d0bbb6" />
    <UnitTestResult executionId="6dadd5fe-a55a-4d8c-9818-e891ae9ec477" testId="b2691cfb-5962-80d6-34ac-12efb31ff88e" testName="IntegrationTests.Controllers.ItemControllerTests.DeleteItem_Deletes" computerName="fv-az250-540" duration="00:00:00.0880000" startTime="2022-02-27T03:07:27.4449239+00:00" endTime="2022-02-27T03:07:27.4449239+00:00" testType="13cdc9d9-ddb5-4fa4-a97d-d965ccfc6d4b" outcome="Passed" testListId="8c84fa94-04c1-424b-9868-57a2d4851a1d" relativeResultsDirectory="6dadd5fe-a55a-4d8c-9818-e891ae9ec477" />
    <UnitTestResult executionId="ddadb28e-71e7-41ef-bd64-15e6cb3b1f6c" testId="4fd078d7-61ec-6e3f-be79-cf322012a0cd" testName="IntegrationTests.Controllers.ItemControllerTests.GetItemsPage_SortsAscending" computerName="fv-az250-540" duration="00:00:06.3980000" startTime="2022-02-27T03:07:26.7000193+00:00" endTime="2022-02-27T03:07:26.7000193+00:00" testType="13cdc9d9-ddb5-4fa4-a97d-d965ccfc6d4b" outcome="Passed" testListId="8c84fa94-04c1-424b-9868-57a2d4851a1d" relativeResultsDirectory="ddadb28e-71e7-41ef-bd64-15e6cb3b1f6c" />
    <UnitTestResult executionId="cde85016-ab40-4490-b099-6a5721718fc9" testId="eb8cb345-7707-0e07-1566-f6a04ceb2670" testName="IntegrationTests.Controllers.ItemControllerTests.CanEdit_Defaults_To_False" computerName="fv-az250-540" duration="00:00:00.0140000" startTime="2022-02-27T03:07:27.1089358+00:00" endTime="2022-02-27T03:07:27.1089358+00:00" testType="13cdc9d9-ddb5-4fa4-a97d-d965ccfc6d4b" outcome="Passed" testListId="8c84fa94-04c1-424b-9868-57a2d4851a1d" relativeResultsDirectory="cde85016-ab40-4490-b099-6a5721718fc9" />
    <UnitTestResult executionId="3aad5684-5d03-4874-a7c4-373b1d5e3773" testId="64ce4809-e3f8-8d8e-c808-2938f18aa4d4" testName="IntegrationTests.Controllers.ItemControllerTests.GetItemsPage_Query_Filters(query: &quot;Name 2&quot;, expectedResults: 11)" computerName="fv-az250-540" duration="00:00:00.0360000" startTime="2022-02-27T03:07:26.9717001+00:00" endTime="2022-02-27T03:07:26.9717001+00:00" testType="13cdc9d9-ddb5-4fa4-a97d-d965ccfc6d4b" outcome="Passed" testListId="8c84fa94-04c1-424b-9868-57a2d4851a1d" relativeResultsDirectory="3aad5684-5d03-4874-a7c4-373b1d5e3773" />
    <UnitTestResult executionId="e0f998d3-87ef-4ee8-bb2b-602de5a31271" testId="31a1a77c-5b35-2c19-9bdc-0ee23e06e8f3" testName="IntegrationTests.Controllers.ItemControllerTests.GetItemsPage_GetsProperPages(amount: 10, expectedPages: 1)" computerName="fv-az250-540" duration="00:00:00.0270000" startTime="2022-02-27T03:07:27.2009317+00:00" endTime="2022-02-27T03:07:27.2009317+00:00" testType="13cdc9d9-ddb5-4fa4-a97d-d965ccfc6d4b" outcome="Passed" testListId="8c84fa94-04c1-424b-9868-57a2d4851a1d" relativeResultsDirectory="e0f998d3-87ef-4ee8-bb2b-602de5a31271" />
    <UnitTestResult executionId="4f0f3415-39bf-47ea-9407-0039b5449434" testId="1450a0ab-3596-66d8-8d08-6506bbe1f61b" testName="IntegrationTests.Controllers.ItemControllerTests.GetItemsPage_50Items_GetsProperly" computerName="fv-az250-540" duration="00:00:00.0450000" startTime="2022-02-27T03:07:27.0956970+00:00" endTime="2022-02-27T03:07:27.0956970+00:00" testType="13cdc9d9-ddb5-4fa4-a97d-d965ccfc6d4b" outcome="Passed" testListId="8c84fa94-04c1-424b-9868-57a2d4851a1d" relativeResultsDirectory="4f0f3415-39bf-47ea-9407-0039b5449434" />
    <UnitTestResult executionId="aad25570-6bda-4628-bb6d-c70e23b62394" testId="6274cd22-d848-61dd-8233-d29a2f361a38" testName="IntegrationTests.Controllers.ItemControllerTests.GetItemsPage_Query_Filters(query: &quot;Name 1&quot;, expectedResults: 12)" computerName="fv-az250-540" duration="00:00:00.0450000" startTime="2022-02-27T03:07:26.8477054+00:00" endTime="2022-02-27T03:07:26.8477054+00:00" testType="13cdc9d9-ddb5-4fa4-a97d-d965ccfc6d4b" outcome="Passed" testListId="8c84fa94-04c1-424b-9868-57a2d4851a1d" relativeResultsDirectory="aad25570-6bda-4628-bb6d-c70e23b62394" />
    <UnitTestResult executionId="0d718a26-1bb9-4581-8ab6-4a816134acf6" testId="fe1c9811-4463-ef95-5296-cdd71ab090b8" testName="IntegrationTests.Controllers.ItemControllerTests.DeleteItem_DeletesMissingItem" computerName="fv-az250-540" duration="00:00:00.0170000" startTime="2022-02-27T03:07:27.5059187+00:00" endTime="2022-02-27T03:07:27.5059187+00:00" testType="13cdc9d9-ddb5-4fa4-a97d-d965ccfc6d4b" outcome="Passed" testListId="8c84fa94-04c1-424b-9868-57a2d4851a1d" relativeResultsDirectory="0d718a26-1bb9-4581-8ab6-4a816134acf6" />
    <UnitTestResult executionId="cab1ebb9-9072-4255-b57f-df1dece047b4" testId="35a21cfd-ad2b-b819-14e0-5151fe414a07" testName="IntegrationTests.Controllers.ItemControllerTests.GetItemsPage_GetsProperPages(amount: 101, expectedPages: 11)" computerName="fv-az250-540" duration="00:00:00.0420000" startTime="2022-02-27T03:07:27.2619293+00:00" endTime="2022-02-27T03:07:27.2619293+00:00" testType="13cdc9d9-ddb5-4fa4-a97d-d965ccfc6d4b" outcome="Passed" testListId="8c84fa94-04c1-424b-9868-57a2d4851a1d" relativeResultsDirectory="cab1ebb9-9072-4255-b57f-df1dece047b4" />
    <UnitTestResult executionId="3e848a77-7d1e-4c35-b05f-e97bfe008625" testId="43169439-e722-3696-654b-e380ed8f351d" testName="IntegrationTests.Controllers.ItemControllerTests.EditItem_Saves" computerName="fv-az250-540" duration="00:00:00.0740000" startTime="2022-02-27T03:07:27.3359271+00:00" endTime="2022-02-27T03:07:27.3359271+00:00" testType="13cdc9d9-ddb5-4fa4-a97d-d965ccfc6d4b" outcome="Passed" testListId="8c84fa94-04c1-424b-9868-57a2d4851a1d" relativeResultsDirectory="3e848a77-7d1e-4c35-b05f-e97bfe008625" />
    <UnitTestResult executionId="44ac2943-755d-4a8e-97e7-790a7ae44865" testId="b5a2bbb3-e25b-0d71-cef7-0187c592a682" testName="IntegrationTests.Controllers.ItemControllerTests.GetItemsPage_Query_Filters(query: &quot;Name 100&quot;, expectedResults: 1)" computerName="fv-az250-540" duration="00:00:00.0430000" startTime="2022-02-27T03:07:26.9346980+00:00" endTime="2022-02-27T03:07:26.9346980+00:00" testType="13cdc9d9-ddb5-4fa4-a97d-d965ccfc6d4b" outcome="Passed" testListId="8c84fa94-04c1-424b-9868-57a2d4851a1d" relativeResultsDirectory="44ac2943-755d-4a8e-97e7-790a7ae44865" />
    <UnitTestResult executionId="d96ebe26-833b-4c40-b1f3-48668dd159b2" testId="d18898e3-6995-0d27-8e53-1ced81186e2d" testName="IntegrationTests.Controllers.ItemControllerTests.GetItemsPage_PageSize0_DefaultsTo1" computerName="fv-az250-540" duration="00:00:00.0210000" startTime="2022-02-27T03:07:27.4649226+00:00" endTime="2022-02-27T03:07:27.4649226+00:00" testType="13cdc9d9-ddb5-4fa4-a97d-d965ccfc6d4b" outcome="Passed" testListId="8c84fa94-04c1-424b-9868-57a2d4851a1d" relativeResultsDirectory="d96ebe26-833b-4c40-b1f3-48668dd159b2" />
    <UnitTestResult executionId="4083f280-e9a5-4387-a698-2eb2b73fc025" testId="c6d15831-7dbe-24e6-d39b-4f317a873a34" testName="IntegrationTests.Controllers.ItemControllerTests.GetItemsPage_GetsProperPages(amount: 1, expectedPages: 1)" computerName="fv-az250-540" duration="00:00:00.0300000" startTime="2022-02-27T03:07:27.1399351+00:00" endTime="2022-02-27T03:07:27.1399351+00:00" testType="13cdc9d9-ddb5-4fa4-a97d-d965ccfc6d4b" outcome="Passed" testListId="8c84fa94-04c1-424b-9868-57a2d4851a1d" relativeResultsDirectory="4083f280-e9a5-4387-a698-2eb2b73fc025" />
    <UnitTestResult executionId="90d4d6e7-f506-40de-81df-5cd05eaed89a" testId="1ec97a71-0b29-f7c5-72ce-8cf48efa2e36" testName="IntegrationTests.Controllers.ItemControllerTests.CreateItem_Creates(name: &quot;name2&quot;, description: &quot;description2&quot;)" computerName="fv-az250-540" duration="00:00:00.0300000" startTime="2022-02-27T03:07:27.0436989+00:00" endTime="2022-02-27T03:07:27.0436989+00:00" testType="13cdc9d9-ddb5-4fa4-a97d-d965ccfc6d4b" outcome="Passed" testListId="8c84fa94-04c1-424b-9868-57a2d4851a1d" relativeResultsDirectory="90d4d6e7-f506-40de-81df-5cd05eaed89a" />
    <UnitTestResult executionId="49a312c4-c9f0-46d4-9359-8fde63cf5b97" testId="3b96b54e-967c-6e8f-1ced-4ff4d8370be3" testName="IntegrationTests.Controllers.ItemControllerTests.GetItemsPage_Query_Filters(query: &quot;&quot;, expectedResults: 100)" computerName="fv-az250-540" duration="00:00:00.0560000" startTime="2022-02-27T03:07:26.7570172+00:00" endTime="2022-02-27T03:07:26.7570172+00:00" testType="13cdc9d9-ddb5-4fa4-a97d-d965ccfc6d4b" outcome="Passed" testListId="8c84fa94-04c1-424b-9868-57a2d4851a1d" relativeResultsDirectory="49a312c4-c9f0-46d4-9359-8fde63cf5b97" />
    <UnitTestResult executionId="389788b3-6054-4fa6-8ab4-6575d84905d6" testId="9609bc3b-2435-1be2-e2f3-2c6b217c770c" testName="IntegrationTests.Controllers.ItemControllerTests.GetItemsPage_Query_Filters(query: &quot;Missing&quot;, expectedResults: 0)" computerName="fv-az250-540" duration="00:00:00.0440000" startTime="2022-02-27T03:07:26.8917023+00:00" endTime="2022-02-27T03:07:26.8917023+00:00" testType="13cdc9d9-ddb5-4fa4-a97d-d965ccfc6d4b" outcome="Passed" testListId="8c84fa94-04c1-424b-9868-57a2d4851a1d" relativeResultsDirectory="389788b3-6054-4fa6-8ab4-6575d84905d6" />
    <UnitTestResult executionId="78018c7e-2f47-47b2-9d50-8fcca5008514" testId="69a7a014-6241-5f0a-e55d-960890e56595" testName="IntegrationTests.Controllers.ServiceRouteMapperTests.RegisterRoutes_RegistersAtLestOneRoute" computerName="fv-az250-540" duration="00:00:01.9310000" startTime="2022-02-27T03:07:22.3430469+00:00" endTime="2022-02-27T03:07:22.3430469+00:00" testType="13cdc9d9-ddb5-4fa4-a97d-d965ccfc6d4b" outcome="Passed" testListId="8c84fa94-04c1-424b-9868-57a2d4851a1d" relativeResultsDirectory="78018c7e-2f47-47b2-9d50-8fcca5008514" />
  </Results>
  <TestDefinitions>
    <UnitTest name="IntegrationTests.Controllers.ItemControllerTests.GetItemsPage_Query_Filters(query: &quot;Name 10&quot;, expectedResults: 2)" storage="d:\a\dnn.securitycenter\dnn.securitycenter\integrationtests\bin\integrationtests.dll" id="75b07048-5201-d631-649a-c012e65b7444">
      <Execution id="531ee2c2-9c6e-4d8a-802c-52561195b1b2" />
      <TestMethod codeBase="D:\a\Dnn.SecurityCenter\Dnn.SecurityCenter\IntegrationTests\bin\IntegrationTests.dll" adapterTypeName="executor://xunit/VsTestRunner2/net" className="IntegrationTests.Controllers.ItemControllerTests" name="GetItemsPage_Query_Filters" />
    </UnitTest>
    <UnitTest name="IntegrationTests.Controllers.ItemControllerTests.GetItemsPage_Query_Filters(query: &quot;1&quot;, expectedResults: 20)" storage="d:\a\dnn.securitycenter\dnn.securitycenter\integrationtests\bin\integrationtests.dll" id="74f30272-fd7f-9b4e-507d-1c94cc60bb29">
      <Execution id="a22c0ff0-4907-4dc9-bea1-d58c08d0bbb6" />
      <TestMethod codeBase="D:\a\Dnn.SecurityCenter\Dnn.SecurityCenter\IntegrationTests\bin\IntegrationTests.dll" adapterTypeName="executor://xunit/VsTestRunner2/net" className="IntegrationTests.Controllers.ItemControllerTests" name="GetItemsPage_Query_Filters" />
    </UnitTest>
    <UnitTest name="IntegrationTests.Controllers.ItemControllerTests.GetItemsPage_GetsProperPages(amount: 99, expectedPages: 10)" storage="d:\a\dnn.securitycenter\dnn.securitycenter\integrationtests\bin\integrationtests.dll" id="06f0962d-466b-0634-113e-f3863f9b599c">
      <Execution id="c6676d73-ca25-47bd-9574-55b22565279f" />
      <TestMethod codeBase="D:\a\Dnn.SecurityCenter\Dnn.SecurityCenter\IntegrationTests\bin\IntegrationTests.dll" adapterTypeName="executor://xunit/VsTestRunner2/net" className="IntegrationTests.Controllers.ItemControllerTests" name="GetItemsPage_GetsProperPages" />
    </UnitTest>
    <UnitTest name="IntegrationTests.Controllers.ItemControllerTests.DeleteItem_DeletesMissingItem" storage="d:\a\dnn.securitycenter\dnn.securitycenter\integrationtests\bin\integrationtests.dll" id="fe1c9811-4463-ef95-5296-cdd71ab090b8">
      <Execution id="0d718a26-1bb9-4581-8ab6-4a816134acf6" />
      <TestMethod codeBase="D:\a\Dnn.SecurityCenter\Dnn.SecurityCenter\IntegrationTests\bin\IntegrationTests.dll" adapterTypeName="executor://xunit/VsTestRunner2/net" className="IntegrationTests.Controllers.ItemControllerTests" name="DeleteItem_DeletesMissingItem" />
    </UnitTest>
    <UnitTest name="IntegrationTests.Controllers.ItemControllerTests.EditItem_Saves" storage="d:\a\dnn.securitycenter\dnn.securitycenter\integrationtests\bin\integrationtests.dll" id="43169439-e722-3696-654b-e380ed8f351d">
      <Execution id="3e848a77-7d1e-4c35-b05f-e97bfe008625" />
      <TestMethod codeBase="D:\a\Dnn.SecurityCenter\Dnn.SecurityCenter\IntegrationTests\bin\IntegrationTests.dll" adapterTypeName="executor://xunit/VsTestRunner2/net" className="IntegrationTests.Controllers.ItemControllerTests" name="EditItem_Saves" />
    </UnitTest>
    <UnitTest name="IntegrationTests.Controllers.ItemControllerTests.CreateItem_Creates(name: &quot;name1&quot;, description: &quot;description1&quot;)" storage="d:\a\dnn.securitycenter\dnn.securitycenter\integrationtests\bin\integrationtests.dll" id="c6abb489-2666-fd84-85be-69873a4c76cc">
      <Execution id="09aa99bc-6c8b-4861-a1da-1166724c2042" />
      <TestMethod codeBase="D:\a\Dnn.SecurityCenter\Dnn.SecurityCenter\IntegrationTests\bin\IntegrationTests.dll" adapterTypeName="executor://xunit/VsTestRunner2/net" className="IntegrationTests.Controllers.ItemControllerTests" name="CreateItem_Creates" />
    </UnitTest>
    <UnitTest name="IntegrationTests.Controllers.ItemControllerTests.GetItemsPage_Query_Filters(query: &quot;&quot;, expectedResults: 100)" storage="d:\a\dnn.securitycenter\dnn.securitycenter\integrationtests\bin\integrationtests.dll" id="3b96b54e-967c-6e8f-1ced-4ff4d8370be3">
      <Execution id="49a312c4-c9f0-46d4-9359-8fde63cf5b97" />
      <TestMethod codeBase="D:\a\Dnn.SecurityCenter\Dnn.SecurityCenter\IntegrationTests\bin\IntegrationTests.dll" adapterTypeName="executor://xunit/VsTestRunner2/net" className="IntegrationTests.Controllers.ItemControllerTests" name="GetItemsPage_Query_Filters" />
    </UnitTest>
    <UnitTest name="IntegrationTests.Controllers.ItemControllerTests.GetItemsPage_SortsDescending" storage="d:\a\dnn.securitycenter\dnn.securitycenter\integrationtests\bin\integrationtests.dll" id="2f8521ee-e0ca-eac4-b453-aa86236fc9b9">
      <Execution id="9d6ac081-ec1c-4073-9af4-3f93e904514e" />
      <TestMethod codeBase="D:\a\Dnn.SecurityCenter\Dnn.SecurityCenter\IntegrationTests\bin\IntegrationTests.dll" adapterTypeName="executor://xunit/VsTestRunner2/net" className="IntegrationTests.Controllers.ItemControllerTests" name="GetItemsPage_SortsDescending" />
    </UnitTest>
    <UnitTest name="IntegrationTests.Controllers.ItemControllerTests.GetItemsPage_Page0_DefaultsToPage1" storage="d:\a\dnn.securitycenter\dnn.securitycenter\integrationtests\bin\integrationtests.dll" id="945f4fce-c15e-e09c-9dbf-5879cde58a78">
      <Execution id="d107c430-18a9-4a40-8bb5-2a47b2e0986c" />
      <TestMethod codeBase="D:\a\Dnn.SecurityCenter\Dnn.SecurityCenter\IntegrationTests\bin\IntegrationTests.dll" adapterTypeName="executor://xunit/VsTestRunner2/net" className="IntegrationTests.Controllers.ItemControllerTests" name="GetItemsPage_Page0_DefaultsToPage1" />
    </UnitTest>
    <UnitTest name="IntegrationTests.Controllers.ItemControllerTests.GetItemsPage_50Items_GetsProperly" storage="d:\a\dnn.securitycenter\dnn.securitycenter\integrationtests\bin\integrationtests.dll" id="1450a0ab-3596-66d8-8d08-6506bbe1f61b">
      <Execution id="4f0f3415-39bf-47ea-9407-0039b5449434" />
      <TestMethod codeBase="D:\a\Dnn.SecurityCenter\Dnn.SecurityCenter\IntegrationTests\bin\IntegrationTests.dll" adapterTypeName="executor://xunit/VsTestRunner2/net" className="IntegrationTests.Controllers.ItemControllerTests" name="GetItemsPage_50Items_GetsProperly" />
    </UnitTest>
    <UnitTest name="IntegrationTests.Controllers.ItemControllerTests.GetItemsPage_GetsProperPages(amount: 101, expectedPages: 11)" storage="d:\a\dnn.securitycenter\dnn.securitycenter\integrationtests\bin\integrationtests.dll" id="35a21cfd-ad2b-b819-14e0-5151fe414a07">
      <Execution id="cab1ebb9-9072-4255-b57f-df1dece047b4" />
      <TestMethod codeBase="D:\a\Dnn.SecurityCenter\Dnn.SecurityCenter\IntegrationTests\bin\IntegrationTests.dll" adapterTypeName="executor://xunit/VsTestRunner2/net" className="IntegrationTests.Controllers.ItemControllerTests" name="GetItemsPage_GetsProperPages" />
    </UnitTest>
    <UnitTest name="IntegrationTests.Controllers.ItemControllerTests.GetItemsPage_GetsProperPages(amount: 1, expectedPages: 1)" storage="d:\a\dnn.securitycenter\dnn.securitycenter\integrationtests\bin\integrationtests.dll" id="c6d15831-7dbe-24e6-d39b-4f317a873a34">
      <Execution id="4083f280-e9a5-4387-a698-2eb2b73fc025" />
      <TestMethod codeBase="D:\a\Dnn.SecurityCenter\Dnn.SecurityCenter\IntegrationTests\bin\IntegrationTests.dll" adapterTypeName="executor://xunit/VsTestRunner2/net" className="IntegrationTests.Controllers.ItemControllerTests" name="GetItemsPage_GetsProperPages" />
    </UnitTest>
    <UnitTest name="IntegrationTests.Controllers.ItemControllerTests.CreateItem_Creates(name: &quot;name2&quot;, description: &quot;description2&quot;)" storage="d:\a\dnn.securitycenter\dnn.securitycenter\integrationtests\bin\integrationtests.dll" id="1ec97a71-0b29-f7c5-72ce-8cf48efa2e36">
      <Execution id="90d4d6e7-f506-40de-81df-5cd05eaed89a" />
      <TestMethod codeBase="D:\a\Dnn.SecurityCenter\Dnn.SecurityCenter\IntegrationTests\bin\IntegrationTests.dll" adapterTypeName="executor://xunit/VsTestRunner2/net" className="IntegrationTests.Controllers.ItemControllerTests" name="CreateItem_Creates" />
    </UnitTest>
    <UnitTest name="IntegrationTests.Controllers.ItemControllerTests.GetItemsPage_SortsAscending" storage="d:\a\dnn.securitycenter\dnn.securitycenter\integrationtests\bin\integrationtests.dll" id="4fd078d7-61ec-6e3f-be79-cf322012a0cd">
      <Execution id="ddadb28e-71e7-41ef-bd64-15e6cb3b1f6c" />
      <TestMethod codeBase="D:\a\Dnn.SecurityCenter\Dnn.SecurityCenter\IntegrationTests\bin\IntegrationTests.dll" adapterTypeName="executor://xunit/VsTestRunner2/net" className="IntegrationTests.Controllers.ItemControllerTests" name="GetItemsPage_SortsAscending" />
    </UnitTest>
    <UnitTest name="IntegrationTests.Controllers.ItemControllerTests.GetItemsPage_PageSize0_DefaultsTo1" storage="d:\a\dnn.securitycenter\dnn.securitycenter\integrationtests\bin\integrationtests.dll" id="d18898e3-6995-0d27-8e53-1ced81186e2d">
      <Execution id="d96ebe26-833b-4c40-b1f3-48668dd159b2" />
      <TestMethod codeBase="D:\a\Dnn.SecurityCenter\Dnn.SecurityCenter\IntegrationTests\bin\IntegrationTests.dll" adapterTypeName="executor://xunit/VsTestRunner2/net" className="IntegrationTests.Controllers.ItemControllerTests" name="GetItemsPage_PageSize0_DefaultsTo1" />
    </UnitTest>
    <UnitTest name="IntegrationTests.Controllers.ItemControllerTests.GetItemsPage_GetsProperPages(amount: 9, expectedPages: 1)" storage="d:\a\dnn.securitycenter\dnn.securitycenter\integrationtests\bin\integrationtests.dll" id="0a429b0b-08a8-36a6-5969-3c31a35cc366">
      <Execution id="d4d91f54-ddc9-4920-912d-8c588fcc9b72" />
      <TestMethod codeBase="D:\a\Dnn.SecurityCenter\Dnn.SecurityCenter\IntegrationTests\bin\IntegrationTests.dll" adapterTypeName="executor://xunit/VsTestRunner2/net" className="IntegrationTests.Controllers.ItemControllerTests" name="GetItemsPage_GetsProperPages" />
    </UnitTest>
    <UnitTest name="IntegrationTests.Controllers.ItemControllerTests.GetItemsPage_GetsProperPages(amount: 10, expectedPages: 1)" storage="d:\a\dnn.securitycenter\dnn.securitycenter\integrationtests\bin\integrationtests.dll" id="31a1a77c-5b35-2c19-9bdc-0ee23e06e8f3">
      <Execution id="e0f998d3-87ef-4ee8-bb2b-602de5a31271" />
      <TestMethod codeBase="D:\a\Dnn.SecurityCenter\Dnn.SecurityCenter\IntegrationTests\bin\IntegrationTests.dll" adapterTypeName="executor://xunit/VsTestRunner2/net" className="IntegrationTests.Controllers.ItemControllerTests" name="GetItemsPage_GetsProperPages" />
    </UnitTest>
    <UnitTest name="IntegrationTests.Controllers.ItemControllerTests.GetItemsPage_Query_Filters(query: &quot;Missing&quot;, expectedResults: 0)" storage="d:\a\dnn.securitycenter\dnn.securitycenter\integrationtests\bin\integrationtests.dll" id="9609bc3b-2435-1be2-e2f3-2c6b217c770c">
      <Execution id="389788b3-6054-4fa6-8ab4-6575d84905d6" />
      <TestMethod codeBase="D:\a\Dnn.SecurityCenter\Dnn.SecurityCenter\IntegrationTests\bin\IntegrationTests.dll" adapterTypeName="executor://xunit/VsTestRunner2/net" className="IntegrationTests.Controllers.ItemControllerTests" name="GetItemsPage_Query_Filters" />
    </UnitTest>
    <UnitTest name="IntegrationTests.Controllers.ItemControllerTests.DeleteItem_Deletes" storage="d:\a\dnn.securitycenter\dnn.securitycenter\integrationtests\bin\integrationtests.dll" id="b2691cfb-5962-80d6-34ac-12efb31ff88e">
      <Execution id="6dadd5fe-a55a-4d8c-9818-e891ae9ec477" />
      <TestMethod codeBase="D:\a\Dnn.SecurityCenter\Dnn.SecurityCenter\IntegrationTests\bin\IntegrationTests.dll" adapterTypeName="executor://xunit/VsTestRunner2/net" className="IntegrationTests.Controllers.ItemControllerTests" name="DeleteItem_Deletes" />
    </UnitTest>
    <UnitTest name="IntegrationTests.Controllers.ItemControllerTests.GetItemsPage_Query_Filters(query: &quot;Name 2&quot;, expectedResults: 11)" storage="d:\a\dnn.securitycenter\dnn.securitycenter\integrationtests\bin\integrationtests.dll" id="64ce4809-e3f8-8d8e-c808-2938f18aa4d4">
      <Execution id="3aad5684-5d03-4874-a7c4-373b1d5e3773" />
      <TestMethod codeBase="D:\a\Dnn.SecurityCenter\Dnn.SecurityCenter\IntegrationTests\bin\IntegrationTests.dll" adapterTypeName="executor://xunit/VsTestRunner2/net" className="IntegrationTests.Controllers.ItemControllerTests" name="GetItemsPage_Query_Filters" />
    </UnitTest>
    <UnitTest name="IntegrationTests.Controllers.ItemControllerTests.GetItemsPage_Query_Filters(query: &quot;Name 100&quot;, expectedResults: 1)" storage="d:\a\dnn.securitycenter\dnn.securitycenter\integrationtests\bin\integrationtests.dll" id="b5a2bbb3-e25b-0d71-cef7-0187c592a682">
      <Execution id="44ac2943-755d-4a8e-97e7-790a7ae44865" />
      <TestMethod codeBase="D:\a\Dnn.SecurityCenter\Dnn.SecurityCenter\IntegrationTests\bin\IntegrationTests.dll" adapterTypeName="executor://xunit/VsTestRunner2/net" className="IntegrationTests.Controllers.ItemControllerTests" name="GetItemsPage_Query_Filters" />
    </UnitTest>
    <UnitTest name="IntegrationTests.Controllers.ServiceRouteMapperTests.RegisterRoutes_RegistersAtLestOneRoute" storage="d:\a\dnn.securitycenter\dnn.securitycenter\integrationtests\bin\integrationtests.dll" id="69a7a014-6241-5f0a-e55d-960890e56595">
      <Execution id="78018c7e-2f47-47b2-9d50-8fcca5008514" />
      <TestMethod codeBase="D:\a\Dnn.SecurityCenter\Dnn.SecurityCenter\IntegrationTests\bin\IntegrationTests.dll" adapterTypeName="executor://xunit/VsTestRunner2/net" className="IntegrationTests.Controllers.ServiceRouteMapperTests" name="RegisterRoutes_RegistersAtLestOneRoute" />
    </UnitTest>
    <UnitTest name="IntegrationTests.Controllers.ItemControllerTests.GetItemsPage_Query_Filters(query: &quot;Name 1&quot;, expectedResults: 12)" storage="d:\a\dnn.securitycenter\dnn.securitycenter\integrationtests\bin\integrationtests.dll" id="6274cd22-d848-61dd-8233-d29a2f361a38">
      <Execution id="aad25570-6bda-4628-bb6d-c70e23b62394" />
      <TestMethod codeBase="D:\a\Dnn.SecurityCenter\Dnn.SecurityCenter\IntegrationTests\bin\IntegrationTests.dll" adapterTypeName="executor://xunit/VsTestRunner2/net" className="IntegrationTests.Controllers.ItemControllerTests" name="GetItemsPage_Query_Filters" />
    </UnitTest>
    <UnitTest name="IntegrationTests.Controllers.ItemControllerTests.CanEdit_Defaults_To_False" storage="d:\a\dnn.securitycenter\dnn.securitycenter\integrationtests\bin\integrationtests.dll" id="eb8cb345-7707-0e07-1566-f6a04ceb2670">
      <Execution id="cde85016-ab40-4490-b099-6a5721718fc9" />
      <TestMethod codeBase="D:\a\Dnn.SecurityCenter\Dnn.SecurityCenter\IntegrationTests\bin\IntegrationTests.dll" adapterTypeName="executor://xunit/VsTestRunner2/net" className="IntegrationTests.Controllers.ItemControllerTests" name="CanEdit_Defaults_To_False" />
    </UnitTest>
  </TestDefinitions>
  <TestEntries>
    <TestEntry testId="06f0962d-466b-0634-113e-f3863f9b599c" executionId="c6676d73-ca25-47bd-9574-55b22565279f" testListId="8c84fa94-04c1-424b-9868-57a2d4851a1d" />
    <TestEntry testId="75b07048-5201-d631-649a-c012e65b7444" executionId="531ee2c2-9c6e-4d8a-802c-52561195b1b2" testListId="8c84fa94-04c1-424b-9868-57a2d4851a1d" />
    <TestEntry testId="0a429b0b-08a8-36a6-5969-3c31a35cc366" executionId="d4d91f54-ddc9-4920-912d-8c588fcc9b72" testListId="8c84fa94-04c1-424b-9868-57a2d4851a1d" />
    <TestEntry testId="2f8521ee-e0ca-eac4-b453-aa86236fc9b9" executionId="9d6ac081-ec1c-4073-9af4-3f93e904514e" testListId="8c84fa94-04c1-424b-9868-57a2d4851a1d" />
    <TestEntry testId="945f4fce-c15e-e09c-9dbf-5879cde58a78" executionId="d107c430-18a9-4a40-8bb5-2a47b2e0986c" testListId="8c84fa94-04c1-424b-9868-57a2d4851a1d" />
    <TestEntry testId="c6abb489-2666-fd84-85be-69873a4c76cc" executionId="09aa99bc-6c8b-4861-a1da-1166724c2042" testListId="8c84fa94-04c1-424b-9868-57a2d4851a1d" />
    <TestEntry testId="74f30272-fd7f-9b4e-507d-1c94cc60bb29" executionId="a22c0ff0-4907-4dc9-bea1-d58c08d0bbb6" testListId="8c84fa94-04c1-424b-9868-57a2d4851a1d" />
    <TestEntry testId="b2691cfb-5962-80d6-34ac-12efb31ff88e" executionId="6dadd5fe-a55a-4d8c-9818-e891ae9ec477" testListId="8c84fa94-04c1-424b-9868-57a2d4851a1d" />
    <TestEntry testId="4fd078d7-61ec-6e3f-be79-cf322012a0cd" executionId="ddadb28e-71e7-41ef-bd64-15e6cb3b1f6c" testListId="8c84fa94-04c1-424b-9868-57a2d4851a1d" />
    <TestEntry testId="eb8cb345-7707-0e07-1566-f6a04ceb2670" executionId="cde85016-ab40-4490-b099-6a5721718fc9" testListId="8c84fa94-04c1-424b-9868-57a2d4851a1d" />
    <TestEntry testId="64ce4809-e3f8-8d8e-c808-2938f18aa4d4" executionId="3aad5684-5d03-4874-a7c4-373b1d5e3773" testListId="8c84fa94-04c1-424b-9868-57a2d4851a1d" />
    <TestEntry testId="31a1a77c-5b35-2c19-9bdc-0ee23e06e8f3" executionId="e0f998d3-87ef-4ee8-bb2b-602de5a31271" testListId="8c84fa94-04c1-424b-9868-57a2d4851a1d" />
    <TestEntry testId="1450a0ab-3596-66d8-8d08-6506bbe1f61b" executionId="4f0f3415-39bf-47ea-9407-0039b5449434" testListId="8c84fa94-04c1-424b-9868-57a2d4851a1d" />
    <TestEntry testId="6274cd22-d848-61dd-8233-d29a2f361a38" executionId="aad25570-6bda-4628-bb6d-c70e23b62394" testListId="8c84fa94-04c1-424b-9868-57a2d4851a1d" />
    <TestEntry testId="fe1c9811-4463-ef95-5296-cdd71ab090b8" executionId="0d718a26-1bb9-4581-8ab6-4a816134acf6" testListId="8c84fa94-04c1-424b-9868-57a2d4851a1d" />
    <TestEntry testId="35a21cfd-ad2b-b819-14e0-5151fe414a07" executionId="cab1ebb9-9072-4255-b57f-df1dece047b4" testListId="8c84fa94-04c1-424b-9868-57a2d4851a1d" />
    <TestEntry testId="43169439-e722-3696-654b-e380ed8f351d" executionId="3e848a77-7d1e-4c35-b05f-e97bfe008625" testListId="8c84fa94-04c1-424b-9868-57a2d4851a1d" />
    <TestEntry testId="b5a2bbb3-e25b-0d71-cef7-0187c592a682" executionId="44ac2943-755d-4a8e-97e7-790a7ae44865" testListId="8c84fa94-04c1-424b-9868-57a2d4851a1d" />
    <TestEntry testId="d18898e3-6995-0d27-8e53-1ced81186e2d" executionId="d96ebe26-833b-4c40-b1f3-48668dd159b2" testListId="8c84fa94-04c1-424b-9868-57a2d4851a1d" />
    <TestEntry testId="c6d15831-7dbe-24e6-d39b-4f317a873a34" executionId="4083f280-e9a5-4387-a698-2eb2b73fc025" testListId="8c84fa94-04c1-424b-9868-57a2d4851a1d" />
    <TestEntry testId="1ec97a71-0b29-f7c5-72ce-8cf48efa2e36" executionId="90d4d6e7-f506-40de-81df-5cd05eaed89a" testListId="8c84fa94-04c1-424b-9868-57a2d4851a1d" />
    <TestEntry testId="3b96b54e-967c-6e8f-1ced-4ff4d8370be3" executionId="49a312c4-c9f0-46d4-9359-8fde63cf5b97" testListId="8c84fa94-04c1-424b-9868-57a2d4851a1d" />
    <TestEntry testId="9609bc3b-2435-1be2-e2f3-2c6b217c770c" executionId="389788b3-6054-4fa6-8ab4-6575d84905d6" testListId="8c84fa94-04c1-424b-9868-57a2d4851a1d" />
    <TestEntry testId="69a7a014-6241-5f0a-e55d-960890e56595" executionId="78018c7e-2f47-47b2-9d50-8fcca5008514" testListId="8c84fa94-04c1-424b-9868-57a2d4851a1d" />
  </TestEntries>
  <TestLists>
    <TestList name="Results Not in a List" id="8c84fa94-04c1-424b-9868-57a2d4851a1d" />
    <TestList name="All Loaded Results" id="19431567-8539-422a-85d7-44ee4e166bda" />
  </TestLists>
  <ResultSummary outcome="Completed">
    <Counters total="24" executed="24" passed="24" failed="0" error="0" timeout="0" aborted="0" inconclusive="0" passedButRunAborted="0" notRunnable="0" notExecuted="0" disconnected="0" warning="0" completed="0" inProgress="0" pending="0" />
    <Output>
      <StdOut>[xUnit.net 00:00:00.04] xUnit.net VSTest Adapter v2.4.3+1b45f5407b (32-bit Desktop .NET 4.0.30319.42000)&#xD;
[xUnit.net 00:00:01.32]   Discovering: IntegrationTests&#xD;
[xUnit.net 00:00:01.77]   Discovered:  IntegrationTests&#xD;
[xUnit.net 00:00:01.78]   Starting:    IntegrationTests&#xD;
[xUnit.net 00:00:09.23]   Finished:    IntegrationTests&#xD;
</StdOut>
    </Output>
  </ResultSummary>
</TestRun>