<?xml version="1.0" encoding="utf-8"?>
<TestRun id="016fff01-9bff-413a-a223-e289da79b910" name="runneradmin@fv-az250-540 2022-02-28 01:42:27" runUser="fv-az250-540\runneradmin" xmlns="http://microsoft.com/schemas/VisualStudio/TeamTest/2010">
  <Times creation="2022-02-28T01:42:27.4757380+00:00" queuing="2022-02-28T01:42:27.4757384+00:00" start="2022-02-28T01:42:13.5536083+00:00" finish="2022-02-28T01:42:32.5032299+00:00" />
  <TestSettings name="default" id="d98f358b-e186-47c2-b308-fb2d99fe6e26">
    <Deployment runDeploymentRoot="runneradmin_fv-az250-540_2022-02-28_01_42_27" />
  </TestSettings>
  <Results>
    <UnitTestResult executionId="b2afe432-caa7-4398-8022-53c5a4660089" testId="fe1c9811-4463-ef95-5296-cdd71ab090b8" testName="IntegrationTests.Controllers.ItemControllerTests.DeleteItem_DeletesMissingItem" computerName="fv-az250-540" duration="00:00:00.0180000" startTime="2022-02-28T01:42:32.3471949+00:00" endTime="2022-02-28T01:42:32.3471949+00:00" testType="13cdc9d9-ddb5-4fa4-a97d-d965ccfc6d4b" outcome="Passed" testListId="8c84fa94-04c1-424b-9868-57a2d4851a1d" relativeResultsDirectory="b2afe432-caa7-4398-8022-53c5a4660089" />
    <UnitTestResult executionId="515ad878-76e8-4302-9ef6-d8bdc2c47126" testId="9609bc3b-2435-1be2-e2f3-2c6b217c770c" testName="IntegrationTests.Controllers.ItemControllerTests.GetItemsPage_Query_Filters(query: &quot;Missing&quot;, expectedResults: 0)" computerName="fv-az250-540" duration="00:00:00.0440000" startTime="2022-02-28T01:42:31.7358691+00:00" endTime="2022-02-28T01:42:31.7358691+00:00" testType="13cdc9d9-ddb5-4fa4-a97d-d965ccfc6d4b" outcome="Passed" testListId="8c84fa94-04c1-424b-9868-57a2d4851a1d" relativeResultsDirectory="515ad878-76e8-4302-9ef6-d8bdc2c47126" />
    <UnitTestResult executionId="ecb49645-28dd-4c80-9543-4361636ae177" testId="06f0962d-466b-0634-113e-f3863f9b599c" testName="IntegrationTests.Controllers.ItemControllerTests.GetItemsPage_GetsProperPages(amount: 99, expectedPages: 10)" computerName="fv-az250-540" duration="00:00:00.0410000" startTime="2022-02-28T01:42:32.0171643+00:00" endTime="2022-02-28T01:42:32.0171643+00:00" testType="13cdc9d9-ddb5-4fa4-a97d-d965ccfc6d4b" outcome="Passed" testListId="8c84fa94-04c1-424b-9868-57a2d4851a1d" relativeResultsDirectory="ecb49645-28dd-4c80-9543-4361636ae177" />
    <UnitTestResult executionId="7997a701-b5db-4751-8f63-948cc9abe0a4" testId="6274cd22-d848-61dd-8233-d29a2f361a38" testName="IntegrationTests.Controllers.ItemControllerTests.GetItemsPage_Query_Filters(query: &quot;Name 1&quot;, expectedResults: 12)" computerName="fv-az250-540" duration="00:00:00.0460000" startTime="2022-02-28T01:42:31.6918644+00:00" endTime="2022-02-28T01:42:31.6918644+00:00" testType="13cdc9d9-ddb5-4fa4-a97d-d965ccfc6d4b" outcome="Passed" testListId="8c84fa94-04c1-424b-9868-57a2d4851a1d" relativeResultsDirectory="7997a701-b5db-4751-8f63-948cc9abe0a4" />
    <UnitTestResult executionId="8dc577ad-c268-48d8-b044-668d182ad284" testId="eb8cb345-7707-0e07-1566-f6a04ceb2670" testName="IntegrationTests.Controllers.ItemControllerTests.CanEdit_Defaults_To_False" computerName="fv-az250-540" duration="00:00:00.0060000" startTime="2022-02-28T01:42:31.9451593+00:00" endTime="2022-02-28T01:42:31.9451593+00:00" testType="13cdc9d9-ddb5-4fa4-a97d-d965ccfc6d4b" outcome="Passed" testListId="8c84fa94-04c1-424b-9868-57a2d4851a1d" relativeResultsDirectory="8dc577ad-c268-48d8-b044-668d182ad284" />
    <UnitTestResult executionId="69ccf489-1a72-4fd8-bd41-39a3726e21ff" testId="75b07048-5201-d631-649a-c012e65b7444" testName="IntegrationTests.Controllers.ItemControllerTests.GetItemsPage_Query_Filters(query: &quot;Name 10&quot;, expectedResults: 2)" computerName="fv-az250-540" duration="00:00:00.0420000" startTime="2022-02-28T01:42:31.8561519+00:00" endTime="2022-02-28T01:42:31.8561519+00:00" testType="13cdc9d9-ddb5-4fa4-a97d-d965ccfc6d4b" outcome="Passed" testListId="8c84fa94-04c1-424b-9868-57a2d4851a1d" relativeResultsDirectory="69ccf489-1a72-4fd8-bd41-39a3726e21ff" />
    <UnitTestResult executionId="1824cbb2-b8b7-4c6b-84ac-84fa2c945433" testId="4fd078d7-61ec-6e3f-be79-cf322012a0cd" testName="IntegrationTests.Controllers.ItemControllerTests.GetItemsPage_SortsAscending" computerName="fv-az250-540" duration="00:00:05.8570000" startTime="2022-02-28T01:42:31.5398474+00:00" endTime="2022-02-28T01:42:31.5398474+00:00" testType="13cdc9d9-ddb5-4fa4-a97d-d965ccfc6d4b" outcome="Passed" testListId="8c84fa94-04c1-424b-9868-57a2d4851a1d" relativeResultsDirectory="1824cbb2-b8b7-4c6b-84ac-84fa2c945433" />
    <UnitTestResult executionId="94711444-e47a-4b9e-8da1-440793ab709b" testId="1450a0ab-3596-66d8-8d08-6506bbe1f61b" testName="IntegrationTests.Controllers.ItemControllerTests.GetItemsPage_50Items_GetsProperly" computerName="fv-az250-540" duration="00:00:00.0450000" startTime="2022-02-28T01:42:31.9391595+00:00" endTime="2022-02-28T01:42:31.9391595+00:00" testType="13cdc9d9-ddb5-4fa4-a97d-d965ccfc6d4b" outcome="Passed" testListId="8c84fa94-04c1-424b-9868-57a2d4851a1d" relativeResultsDirectory="94711444-e47a-4b9e-8da1-440793ab709b" />
    <UnitTestResult executionId="e3ae5aa1-934b-444d-a138-cbfacac31c44" testId="74f30272-fd7f-9b4e-507d-1c94cc60bb29" testName="IntegrationTests.Controllers.ItemControllerTests.GetItemsPage_Query_Filters(query: &quot;1&quot;, expectedResults: 20)" computerName="fv-az250-540" duration="00:00:00.0480000" startTime="2022-02-28T01:42:31.6458582+00:00" endTime="2022-02-28T01:42:31.6458582+00:00" testType="13cdc9d9-ddb5-4fa4-a97d-d965ccfc6d4b" outcome="Passed" testListId="8c84fa94-04c1-424b-9868-57a2d4851a1d" relativeResultsDirectory="e3ae5aa1-934b-444d-a138-cbfacac31c44" />
    <UnitTestResult executionId="4fda9fcf-b4b3-4e94-a3af-1850983f48c2" testId="d18898e3-6995-0d27-8e53-1ced81186e2d" testName="IntegrationTests.Controllers.ItemControllerTests.GetItemsPage_PageSize0_DefaultsTo1" computerName="fv-az250-540" duration="00:00:00.0210000" startTime="2022-02-28T01:42:32.3061916+00:00" endTime="2022-02-28T01:42:32.3061916+00:00" testType="13cdc9d9-ddb5-4fa4-a97d-d965ccfc6d4b" outcome="Passed" testListId="8c84fa94-04c1-424b-9868-57a2d4851a1d" relativeResultsDirectory="4fda9fcf-b4b3-4e94-a3af-1850983f48c2" />
    <UnitTestResult executionId="dfc9c243-04f1-4226-87c4-df3c700c7661" testId="1ec97a71-0b29-f7c5-72ce-8cf48efa2e36" testName="IntegrationTests.Controllers.ItemControllerTests.CreateItem_Creates(name: &quot;name2&quot;, description: &quot;description2&quot;)" computerName="fv-az250-540" duration="00:00:00.0300000" startTime="2022-02-28T01:42:31.8861519+00:00" endTime="2022-02-28T01:42:31.8861519+00:00" testType="13cdc9d9-ddb5-4fa4-a97d-d965ccfc6d4b" outcome="Passed" testListId="8c84fa94-04c1-424b-9868-57a2d4851a1d" relativeResultsDirectory="dfc9c243-04f1-4226-87c4-df3c700c7661" />
    <UnitTestResult executionId="5bf53f97-0e08-40de-8f20-472b76c60f9f" testId="35a21cfd-ad2b-b819-14e0-5151fe414a07" testName="IntegrationTests.Controllers.ItemControllerTests.GetItemsPage_GetsProperPages(amount: 101, expectedPages: 11)" computerName="fv-az250-540" duration="00:00:00.0420000" startTime="2022-02-28T01:42:32.1021739+00:00" endTime="2022-02-28T01:42:32.1021739+00:00" testType="13cdc9d9-ddb5-4fa4-a97d-d965ccfc6d4b" outcome="Passed" testListId="8c84fa94-04c1-424b-9868-57a2d4851a1d" relativeResultsDirectory="5bf53f97-0e08-40de-8f20-472b76c60f9f" />
    <UnitTestResult executionId="87e20b3c-6f0b-4854-9afe-3f729d63af31" testId="31a1a77c-5b35-2c19-9bdc-0ee23e06e8f3" testName="IntegrationTests.Controllers.ItemControllerTests.GetItemsPage_GetsProperPages(amount: 10, expectedPages: 1)" computerName="fv-az250-540" duration="00:00:00.0220000" startTime="2022-02-28T01:42:32.0391677+00:00" endTime="2022-02-28T01:42:32.0391677+00:00" testType="13cdc9d9-ddb5-4fa4-a97d-d965ccfc6d4b" outcome="Passed" testListId="8c84fa94-04c1-424b-9868-57a2d4851a1d" relativeResultsDirectory="87e20b3c-6f0b-4854-9afe-3f729d63af31" />
    <UnitTestResult executionId="583d50ff-a251-4909-b3fe-16405a2b394b" testId="3b96b54e-967c-6e8f-1ced-4ff4d8370be3" testName="IntegrationTests.Controllers.ItemControllerTests.GetItemsPage_Query_Filters(query: &quot;&quot;, expectedResults: 100)" computerName="fv-az250-540" duration="00:00:00.0580000" startTime="2022-02-28T01:42:31.5978530+00:00" endTime="2022-02-28T01:42:31.5978530+00:00" testType="13cdc9d9-ddb5-4fa4-a97d-d965ccfc6d4b" outcome="Passed" testListId="8c84fa94-04c1-424b-9868-57a2d4851a1d" relativeResultsDirectory="583d50ff-a251-4909-b3fe-16405a2b394b" />
    <UnitTestResult executionId="06ae831b-dac8-4c1e-ac9f-f9c6f7693004" testId="b2691cfb-5962-80d6-34ac-12efb31ff88e" testName="IntegrationTests.Controllers.ItemControllerTests.DeleteItem_Deletes" computerName="fv-az250-540" duration="00:00:00.0890000" startTime="2022-02-28T01:42:32.2862007+00:00" endTime="2022-02-28T01:42:32.2862007+00:00" testType="13cdc9d9-ddb5-4fa4-a97d-d965ccfc6d4b" outcome="Passed" testListId="8c84fa94-04c1-424b-9868-57a2d4851a1d" relativeResultsDirectory="06ae831b-dac8-4c1e-ac9f-f9c6f7693004" />
    <UnitTestResult executionId="dd6feaab-f0f1-480a-bb02-e4318443291e" testId="0a429b0b-08a8-36a6-5969-3c31a35cc366" testName="IntegrationTests.Controllers.ItemControllerTests.GetItemsPage_GetsProperPages(amount: 9, expectedPages: 1)" computerName="fv-az250-540" duration="00:00:00.0200000" startTime="2022-02-28T01:42:32.0591703+00:00" endTime="2022-02-28T01:42:32.0591703+00:00" testType="13cdc9d9-ddb5-4fa4-a97d-d965ccfc6d4b" outcome="Passed" testListId="8c84fa94-04c1-424b-9868-57a2d4851a1d" relativeResultsDirectory="dd6feaab-f0f1-480a-bb02-e4318443291e" />
    <UnitTestResult executionId="cd082c13-508a-4ed2-997c-32cbd361f8c3" testId="c6abb489-2666-fd84-85be-69873a4c76cc" testName="IntegrationTests.Controllers.ItemControllerTests.CreateItem_Creates(name: &quot;name1&quot;, description: &quot;description1&quot;)" computerName="fv-az250-540" duration="00:00:00.0070000" startTime="2022-02-28T01:42:31.8931527+00:00" endTime="2022-02-28T01:42:31.8941519+00:00" testType="13cdc9d9-ddb5-4fa4-a97d-d965ccfc6d4b" outcome="Passed" testListId="8c84fa94-04c1-424b-9868-57a2d4851a1d" relativeResultsDirectory="cd082c13-508a-4ed2-997c-32cbd361f8c3" />
    <UnitTestResult executionId="41605bc2-e673-4af9-b439-6df4fbe0e8ec" testId="69a7a014-6241-5f0a-e55d-960890e56595" testName="IntegrationTests.Controllers.ServiceRouteMapperTests.RegisterRoutes_RegistersAtLestOneRoute" computerName="fv-az250-540" duration="00:00:01.6570000" startTime="2022-02-28T01:42:27.4273609+00:00" endTime="2022-02-28T01:42:27.4273609+00:00" testType="13cdc9d9-ddb5-4fa4-a97d-d965ccfc6d4b" outcome="Passed" testListId="8c84fa94-04c1-424b-9868-57a2d4851a1d" relativeResultsDirectory="41605bc2-e673-4af9-b439-6df4fbe0e8ec" />
    <UnitTestResult executionId="1085ddf9-6adf-44c2-9fbf-fdfa18642828" testId="945f4fce-c15e-e09c-9dbf-5879cde58a78" testName="IntegrationTests.Controllers.ItemControllerTests.GetItemsPage_Page0_DefaultsToPage1" computerName="fv-az250-540" duration="00:00:00.0200000" startTime="2022-02-28T01:42:32.1961814+00:00" endTime="2022-02-28T01:42:32.1961814+00:00" testType="13cdc9d9-ddb5-4fa4-a97d-d965ccfc6d4b" outcome="Passed" testListId="8c84fa94-04c1-424b-9868-57a2d4851a1d" relativeResultsDirectory="1085ddf9-6adf-44c2-9fbf-fdfa18642828" />
    <UnitTestResult executionId="b4200fbf-29f6-4ec0-a40e-a2423a29c2d3" testId="43169439-e722-3696-654b-e380ed8f351d" testName="IntegrationTests.Controllers.ItemControllerTests.EditItem_Saves" computerName="fv-az250-540" duration="00:00:00.0750000" startTime="2022-02-28T01:42:32.1761806+00:00" endTime="2022-02-28T01:42:32.1761806+00:00" testType="13cdc9d9-ddb5-4fa4-a97d-d965ccfc6d4b" outcome="Passed" testListId="8c84fa94-04c1-424b-9868-57a2d4851a1d" relativeResultsDirectory="b4200fbf-29f6-4ec0-a40e-a2423a29c2d3" />
    <UnitTestResult executionId="fde2dc87-661a-494a-8e44-a7d242ca19cf" testId="c6d15831-7dbe-24e6-d39b-4f317a873a34" testName="IntegrationTests.Controllers.ItemControllerTests.GetItemsPage_GetsProperPages(amount: 1, expectedPages: 1)" computerName="fv-az250-540" duration="00:00:00.0310000" startTime="2022-02-28T01:42:31.9761610+00:00" endTime="2022-02-28T01:42:31.9761610+00:00" testType="13cdc9d9-ddb5-4fa4-a97d-d965ccfc6d4b" outcome="Passed" testListId="8c84fa94-04c1-424b-9868-57a2d4851a1d" relativeResultsDirectory="fde2dc87-661a-494a-8e44-a7d242ca19cf" />
    <UnitTestResult executionId="b0d5535b-217e-47b9-9bf1-e669f9a8c706" testId="b5a2bbb3-e25b-0d71-cef7-0187c592a682" testName="IntegrationTests.Controllers.ItemControllerTests.GetItemsPage_Query_Filters(query: &quot;Name 100&quot;, expectedResults: 1)" computerName="fv-az250-540" duration="00:00:00.0430000" startTime="2022-02-28T01:42:31.7778725+00:00" endTime="2022-02-28T01:42:31.7778725+00:00" testType="13cdc9d9-ddb5-4fa4-a97d-d965ccfc6d4b" outcome="Passed" testListId="8c84fa94-04c1-424b-9868-57a2d4851a1d" relativeResultsDirectory="b0d5535b-217e-47b9-9bf1-e669f9a8c706" />
    <UnitTestResult executionId="f2c88457-b425-4244-8079-b6dd1ef42d9b" testId="64ce4809-e3f8-8d8e-c808-2938f18aa4d4" testName="IntegrationTests.Controllers.ItemControllerTests.GetItemsPage_Query_Filters(query: &quot;Name 2&quot;, expectedResults: 11)" computerName="fv-az250-540" duration="00:00:00.0360000" startTime="2022-02-28T01:42:31.8138765+00:00" endTime="2022-02-28T01:42:31.8148778+00:00" testType="13cdc9d9-ddb5-4fa4-a97d-d965ccfc6d4b" outcome="Passed" testListId="8c84fa94-04c1-424b-9868-57a2d4851a1d" relativeResultsDirectory="f2c88457-b425-4244-8079-b6dd1ef42d9b" />
    <UnitTestResult executionId="c14a11ab-b28f-46a3-b93f-050fd47950bf" testId="2f8521ee-e0ca-eac4-b453-aa86236fc9b9" testName="IntegrationTests.Controllers.ItemControllerTests.GetItemsPage_SortsDescending" computerName="fv-az250-540" duration="00:00:00.0200000" startTime="2022-02-28T01:42:32.3261952+00:00" endTime="2022-02-28T01:42:32.3261952+00:00" testType="13cdc9d9-ddb5-4fa4-a97d-d965ccfc6d4b" outcome="Passed" testListId="8c84fa94-04c1-424b-9868-57a2d4851a1d" relativeResultsDirectory="c14a11ab-b28f-46a3-b93f-050fd47950bf" />
  </Results>
  <TestDefinitions>
    <UnitTest name="IntegrationTests.Controllers.ItemControllerTests.GetItemsPage_Query_Filters(query: &quot;Name 10&quot;, expectedResults: 2)" storage="d:\a\dnn.securitycenter\dnn.securitycenter\integrationtests\bin\integrationtests.dll" id="75b07048-5201-d631-649a-c012e65b7444">
      <Execution id="69ccf489-1a72-4fd8-bd41-39a3726e21ff" />
      <TestMethod codeBase="D:\a\Dnn.SecurityCenter\Dnn.SecurityCenter\IntegrationTests\bin\IntegrationTests.dll" adapterTypeName="executor://xunit/VsTestRunner2/net" className="IntegrationTests.Controllers.ItemControllerTests" name="GetItemsPage_Query_Filters" />
    </UnitTest>
    <UnitTest name="IntegrationTests.Controllers.ItemControllerTests.GetItemsPage_Query_Filters(query: &quot;1&quot;, expectedResults: 20)" storage="d:\a\dnn.securitycenter\dnn.securitycenter\integrationtests\bin\integrationtests.dll" id="74f30272-fd7f-9b4e-507d-1c94cc60bb29">
      <Execution id="e3ae5aa1-934b-444d-a138-cbfacac31c44" />
      <TestMethod codeBase="D:\a\Dnn.SecurityCenter\Dnn.SecurityCenter\IntegrationTests\bin\IntegrationTests.dll" adapterTypeName="executor://xunit/VsTestRunner2/net" className="IntegrationTests.Controllers.ItemControllerTests" name="GetItemsPage_Query_Filters" />
    </UnitTest>
    <UnitTest name="IntegrationTests.Controllers.ItemControllerTests.GetItemsPage_GetsProperPages(amount: 99, expectedPages: 10)" storage="d:\a\dnn.securitycenter\dnn.securitycenter\integrationtests\bin\integrationtests.dll" id="06f0962d-466b-0634-113e-f3863f9b599c">
      <Execution id="ecb49645-28dd-4c80-9543-4361636ae177" />
      <TestMethod codeBase="D:\a\Dnn.SecurityCenter\Dnn.SecurityCenter\IntegrationTests\bin\IntegrationTests.dll" adapterTypeName="executor://xunit/VsTestRunner2/net" className="IntegrationTests.Controllers.ItemControllerTests" name="GetItemsPage_GetsProperPages" />
    </UnitTest>
    <UnitTest name="IntegrationTests.Controllers.ItemControllerTests.DeleteItem_DeletesMissingItem" storage="d:\a\dnn.securitycenter\dnn.securitycenter\integrationtests\bin\integrationtests.dll" id="fe1c9811-4463-ef95-5296-cdd71ab090b8">
      <Execution id="b2afe432-caa7-4398-8022-53c5a4660089" />
      <TestMethod codeBase="D:\a\Dnn.SecurityCenter\Dnn.SecurityCenter\IntegrationTests\bin\IntegrationTests.dll" adapterTypeName="executor://xunit/VsTestRunner2/net" className="IntegrationTests.Controllers.ItemControllerTests" name="DeleteItem_DeletesMissingItem" />
    </UnitTest>
    <UnitTest name="IntegrationTests.Controllers.ItemControllerTests.EditItem_Saves" storage="d:\a\dnn.securitycenter\dnn.securitycenter\integrationtests\bin\integrationtests.dll" id="43169439-e722-3696-654b-e380ed8f351d">
      <Execution id="b4200fbf-29f6-4ec0-a40e-a2423a29c2d3" />
      <TestMethod codeBase="D:\a\Dnn.SecurityCenter\Dnn.SecurityCenter\IntegrationTests\bin\IntegrationTests.dll" adapterTypeName="executor://xunit/VsTestRunner2/net" className="IntegrationTests.Controllers.ItemControllerTests" name="EditItem_Saves" />
    </UnitTest>
    <UnitTest name="IntegrationTests.Controllers.ItemControllerTests.CreateItem_Creates(name: &quot;name1&quot;, description: &quot;description1&quot;)" storage="d:\a\dnn.securitycenter\dnn.securitycenter\integrationtests\bin\integrationtests.dll" id="c6abb489-2666-fd84-85be-69873a4c76cc">
      <Execution id="cd082c13-508a-4ed2-997c-32cbd361f8c3" />
      <TestMethod codeBase="D:\a\Dnn.SecurityCenter\Dnn.SecurityCenter\IntegrationTests\bin\IntegrationTests.dll" adapterTypeName="executor://xunit/VsTestRunner2/net" className="IntegrationTests.Controllers.ItemControllerTests" name="CreateItem_Creates" />
    </UnitTest>
    <UnitTest name="IntegrationTests.Controllers.ItemControllerTests.GetItemsPage_Query_Filters(query: &quot;&quot;, expectedResults: 100)" storage="d:\a\dnn.securitycenter\dnn.securitycenter\integrationtests\bin\integrationtests.dll" id="3b96b54e-967c-6e8f-1ced-4ff4d8370be3">
      <Execution id="583d50ff-a251-4909-b3fe-16405a2b394b" />
      <TestMethod codeBase="D:\a\Dnn.SecurityCenter\Dnn.SecurityCenter\IntegrationTests\bin\IntegrationTests.dll" adapterTypeName="executor://xunit/VsTestRunner2/net" className="IntegrationTests.Controllers.ItemControllerTests" name="GetItemsPage_Query_Filters" />
    </UnitTest>
    <UnitTest name="IntegrationTests.Controllers.ItemControllerTests.GetItemsPage_SortsDescending" storage="d:\a\dnn.securitycenter\dnn.securitycenter\integrationtests\bin\integrationtests.dll" id="2f8521ee-e0ca-eac4-b453-aa86236fc9b9">
      <Execution id="c14a11ab-b28f-46a3-b93f-050fd47950bf" />
      <TestMethod codeBase="D:\a\Dnn.SecurityCenter\Dnn.SecurityCenter\IntegrationTests\bin\IntegrationTests.dll" adapterTypeName="executor://xunit/VsTestRunner2/net" className="IntegrationTests.Controllers.ItemControllerTests" name="GetItemsPage_SortsDescending" />
    </UnitTest>
    <UnitTest name="IntegrationTests.Controllers.ItemControllerTests.GetItemsPage_Page0_DefaultsToPage1" storage="d:\a\dnn.securitycenter\dnn.securitycenter\integrationtests\bin\integrationtests.dll" id="945f4fce-c15e-e09c-9dbf-5879cde58a78">
      <Execution id="1085ddf9-6adf-44c2-9fbf-fdfa18642828" />
      <TestMethod codeBase="D:\a\Dnn.SecurityCenter\Dnn.SecurityCenter\IntegrationTests\bin\IntegrationTests.dll" adapterTypeName="executor://xunit/VsTestRunner2/net" className="IntegrationTests.Controllers.ItemControllerTests" name="GetItemsPage_Page0_DefaultsToPage1" />
    </UnitTest>
    <UnitTest name="IntegrationTests.Controllers.ItemControllerTests.GetItemsPage_50Items_GetsProperly" storage="d:\a\dnn.securitycenter\dnn.securitycenter\integrationtests\bin\integrationtests.dll" id="1450a0ab-3596-66d8-8d08-6506bbe1f61b">
      <Execution id="94711444-e47a-4b9e-8da1-440793ab709b" />
      <TestMethod codeBase="D:\a\Dnn.SecurityCenter\Dnn.SecurityCenter\IntegrationTests\bin\IntegrationTests.dll" adapterTypeName="executor://xunit/VsTestRunner2/net" className="IntegrationTests.Controllers.ItemControllerTests" name="GetItemsPage_50Items_GetsProperly" />
    </UnitTest>
    <UnitTest name="IntegrationTests.Controllers.ItemControllerTests.GetItemsPage_GetsProperPages(amount: 101, expectedPages: 11)" storage="d:\a\dnn.securitycenter\dnn.securitycenter\integrationtests\bin\integrationtests.dll" id="35a21cfd-ad2b-b819-14e0-5151fe414a07">
      <Execution id="5bf53f97-0e08-40de-8f20-472b76c60f9f" />
      <TestMethod codeBase="D:\a\Dnn.SecurityCenter\Dnn.SecurityCenter\IntegrationTests\bin\IntegrationTests.dll" adapterTypeName="executor://xunit/VsTestRunner2/net" className="IntegrationTests.Controllers.ItemControllerTests" name="GetItemsPage_GetsProperPages" />
    </UnitTest>
    <UnitTest name="IntegrationTests.Controllers.ItemControllerTests.GetItemsPage_GetsProperPages(amount: 1, expectedPages: 1)" storage="d:\a\dnn.securitycenter\dnn.securitycenter\integrationtests\bin\integrationtests.dll" id="c6d15831-7dbe-24e6-d39b-4f317a873a34">
      <Execution id="fde2dc87-661a-494a-8e44-a7d242ca19cf" />
      <TestMethod codeBase="D:\a\Dnn.SecurityCenter\Dnn.SecurityCenter\IntegrationTests\bin\IntegrationTests.dll" adapterTypeName="executor://xunit/VsTestRunner2/net" className="IntegrationTests.Controllers.ItemControllerTests" name="GetItemsPage_GetsProperPages" />
    </UnitTest>
    <UnitTest name="IntegrationTests.Controllers.ItemControllerTests.CreateItem_Creates(name: &quot;name2&quot;, description: &quot;description2&quot;)" storage="d:\a\dnn.securitycenter\dnn.securitycenter\integrationtests\bin\integrationtests.dll" id="1ec97a71-0b29-f7c5-72ce-8cf48efa2e36">
      <Execution id="dfc9c243-04f1-4226-87c4-df3c700c7661" />
      <TestMethod codeBase="D:\a\Dnn.SecurityCenter\Dnn.SecurityCenter\IntegrationTests\bin\IntegrationTests.dll" adapterTypeName="executor://xunit/VsTestRunner2/net" className="IntegrationTests.Controllers.ItemControllerTests" name="CreateItem_Creates" />
    </UnitTest>
    <UnitTest name="IntegrationTests.Controllers.ItemControllerTests.GetItemsPage_SortsAscending" storage="d:\a\dnn.securitycenter\dnn.securitycenter\integrationtests\bin\integrationtests.dll" id="4fd078d7-61ec-6e3f-be79-cf322012a0cd">
      <Execution id="1824cbb2-b8b7-4c6b-84ac-84fa2c945433" />
      <TestMethod codeBase="D:\a\Dnn.SecurityCenter\Dnn.SecurityCenter\IntegrationTests\bin\IntegrationTests.dll" adapterTypeName="executor://xunit/VsTestRunner2/net" className="IntegrationTests.Controllers.ItemControllerTests" name="GetItemsPage_SortsAscending" />
    </UnitTest>
    <UnitTest name="IntegrationTests.Controllers.ItemControllerTests.GetItemsPage_PageSize0_DefaultsTo1" storage="d:\a\dnn.securitycenter\dnn.securitycenter\integrationtests\bin\integrationtests.dll" id="d18898e3-6995-0d27-8e53-1ced81186e2d">
      <Execution id="4fda9fcf-b4b3-4e94-a3af-1850983f48c2" />
      <TestMethod codeBase="D:\a\Dnn.SecurityCenter\Dnn.SecurityCenter\IntegrationTests\bin\IntegrationTests.dll" adapterTypeName="executor://xunit/VsTestRunner2/net" className="IntegrationTests.Controllers.ItemControllerTests" name="GetItemsPage_PageSize0_DefaultsTo1" />
    </UnitTest>
    <UnitTest name="IntegrationTests.Controllers.ItemControllerTests.GetItemsPage_GetsProperPages(amount: 9, expectedPages: 1)" storage="d:\a\dnn.securitycenter\dnn.securitycenter\integrationtests\bin\integrationtests.dll" id="0a429b0b-08a8-36a6-5969-3c31a35cc366">
      <Execution id="dd6feaab-f0f1-480a-bb02-e4318443291e" />
      <TestMethod codeBase="D:\a\Dnn.SecurityCenter\Dnn.SecurityCenter\IntegrationTests\bin\IntegrationTests.dll" adapterTypeName="executor://xunit/VsTestRunner2/net" className="IntegrationTests.Controllers.ItemControllerTests" name="GetItemsPage_GetsProperPages" />
    </UnitTest>
    <UnitTest name="IntegrationTests.Controllers.ItemControllerTests.GetItemsPage_GetsProperPages(amount: 10, expectedPages: 1)" storage="d:\a\dnn.securitycenter\dnn.securitycenter\integrationtests\bin\integrationtests.dll" id="31a1a77c-5b35-2c19-9bdc-0ee23e06e8f3">
      <Execution id="87e20b3c-6f0b-4854-9afe-3f729d63af31" />
      <TestMethod codeBase="D:\a\Dnn.SecurityCenter\Dnn.SecurityCenter\IntegrationTests\bin\IntegrationTests.dll" adapterTypeName="executor://xunit/VsTestRunner2/net" className="IntegrationTests.Controllers.ItemControllerTests" name="GetItemsPage_GetsProperPages" />
    </UnitTest>
    <UnitTest name="IntegrationTests.Controllers.ItemControllerTests.GetItemsPage_Query_Filters(query: &quot;Missing&quot;, expectedResults: 0)" storage="d:\a\dnn.securitycenter\dnn.securitycenter\integrationtests\bin\integrationtests.dll" id="9609bc3b-2435-1be2-e2f3-2c6b217c770c">
      <Execution id="515ad878-76e8-4302-9ef6-d8bdc2c47126" />
      <TestMethod codeBase="D:\a\Dnn.SecurityCenter\Dnn.SecurityCenter\IntegrationTests\bin\IntegrationTests.dll" adapterTypeName="executor://xunit/VsTestRunner2/net" className="IntegrationTests.Controllers.ItemControllerTests" name="GetItemsPage_Query_Filters" />
    </UnitTest>
    <UnitTest name="IntegrationTests.Controllers.ItemControllerTests.DeleteItem_Deletes" storage="d:\a\dnn.securitycenter\dnn.securitycenter\integrationtests\bin\integrationtests.dll" id="b2691cfb-5962-80d6-34ac-12efb31ff88e">
      <Execution id="06ae831b-dac8-4c1e-ac9f-f9c6f7693004" />
      <TestMethod codeBase="D:\a\Dnn.SecurityCenter\Dnn.SecurityCenter\IntegrationTests\bin\IntegrationTests.dll" adapterTypeName="executor://xunit/VsTestRunner2/net" className="IntegrationTests.Controllers.ItemControllerTests" name="DeleteItem_Deletes" />
    </UnitTest>
    <UnitTest name="IntegrationTests.Controllers.ItemControllerTests.GetItemsPage_Query_Filters(query: &quot;Name 2&quot;, expectedResults: 11)" storage="d:\a\dnn.securitycenter\dnn.securitycenter\integrationtests\bin\integrationtests.dll" id="64ce4809-e3f8-8d8e-c808-2938f18aa4d4">
      <Execution id="f2c88457-b425-4244-8079-b6dd1ef42d9b" />
      <TestMethod codeBase="D:\a\Dnn.SecurityCenter\Dnn.SecurityCenter\IntegrationTests\bin\IntegrationTests.dll" adapterTypeName="executor://xunit/VsTestRunner2/net" className="IntegrationTests.Controllers.ItemControllerTests" name="GetItemsPage_Query_Filters" />
    </UnitTest>
    <UnitTest name="IntegrationTests.Controllers.ItemControllerTests.GetItemsPage_Query_Filters(query: &quot;Name 100&quot;, expectedResults: 1)" storage="d:\a\dnn.securitycenter\dnn.securitycenter\integrationtests\bin\integrationtests.dll" id="b5a2bbb3-e25b-0d71-cef7-0187c592a682">
      <Execution id="b0d5535b-217e-47b9-9bf1-e669f9a8c706" />
      <TestMethod codeBase="D:\a\Dnn.SecurityCenter\Dnn.SecurityCenter\IntegrationTests\bin\IntegrationTests.dll" adapterTypeName="executor://xunit/VsTestRunner2/net" className="IntegrationTests.Controllers.ItemControllerTests" name="GetItemsPage_Query_Filters" />
    </UnitTest>
    <UnitTest name="IntegrationTests.Controllers.ServiceRouteMapperTests.RegisterRoutes_RegistersAtLestOneRoute" storage="d:\a\dnn.securitycenter\dnn.securitycenter\integrationtests\bin\integrationtests.dll" id="69a7a014-6241-5f0a-e55d-960890e56595">
      <Execution id="41605bc2-e673-4af9-b439-6df4fbe0e8ec" />
      <TestMethod codeBase="D:\a\Dnn.SecurityCenter\Dnn.SecurityCenter\IntegrationTests\bin\IntegrationTests.dll" adapterTypeName="executor://xunit/VsTestRunner2/net" className="IntegrationTests.Controllers.ServiceRouteMapperTests" name="RegisterRoutes_RegistersAtLestOneRoute" />
    </UnitTest>
    <UnitTest name="IntegrationTests.Controllers.ItemControllerTests.GetItemsPage_Query_Filters(query: &quot;Name 1&quot;, expectedResults: 12)" storage="d:\a\dnn.securitycenter\dnn.securitycenter\integrationtests\bin\integrationtests.dll" id="6274cd22-d848-61dd-8233-d29a2f361a38">
      <Execution id="7997a701-b5db-4751-8f63-948cc9abe0a4" />
      <TestMethod codeBase="D:\a\Dnn.SecurityCenter\Dnn.SecurityCenter\IntegrationTests\bin\IntegrationTests.dll" adapterTypeName="executor://xunit/VsTestRunner2/net" className="IntegrationTests.Controllers.ItemControllerTests" name="GetItemsPage_Query_Filters" />
    </UnitTest>
    <UnitTest name="IntegrationTests.Controllers.ItemControllerTests.CanEdit_Defaults_To_False" storage="d:\a\dnn.securitycenter\dnn.securitycenter\integrationtests\bin\integrationtests.dll" id="eb8cb345-7707-0e07-1566-f6a04ceb2670">
      <Execution id="8dc577ad-c268-48d8-b044-668d182ad284" />
      <TestMethod codeBase="D:\a\Dnn.SecurityCenter\Dnn.SecurityCenter\IntegrationTests\bin\IntegrationTests.dll" adapterTypeName="executor://xunit/VsTestRunner2/net" className="IntegrationTests.Controllers.ItemControllerTests" name="CanEdit_Defaults_To_False" />
    </UnitTest>
  </TestDefinitions>
  <TestEntries>
    <TestEntry testId="fe1c9811-4463-ef95-5296-cdd71ab090b8" executionId="b2afe432-caa7-4398-8022-53c5a4660089" testListId="8c84fa94-04c1-424b-9868-57a2d4851a1d" />
    <TestEntry testId="9609bc3b-2435-1be2-e2f3-2c6b217c770c" executionId="515ad878-76e8-4302-9ef6-d8bdc2c47126" testListId="8c84fa94-04c1-424b-9868-57a2d4851a1d" />
    <TestEntry testId="06f0962d-466b-0634-113e-f3863f9b599c" executionId="ecb49645-28dd-4c80-9543-4361636ae177" testListId="8c84fa94-04c1-424b-9868-57a2d4851a1d" />
    <TestEntry testId="6274cd22-d848-61dd-8233-d29a2f361a38" executionId="7997a701-b5db-4751-8f63-948cc9abe0a4" testListId="8c84fa94-04c1-424b-9868-57a2d4851a1d" />
    <TestEntry testId="eb8cb345-7707-0e07-1566-f6a04ceb2670" executionId="8dc577ad-c268-48d8-b044-668d182ad284" testListId="8c84fa94-04c1-424b-9868-57a2d4851a1d" />
    <TestEntry testId="75b07048-5201-d631-649a-c012e65b7444" executionId="69ccf489-1a72-4fd8-bd41-39a3726e21ff" testListId="8c84fa94-04c1-424b-9868-57a2d4851a1d" />
    <TestEntry testId="4fd078d7-61ec-6e3f-be79-cf322012a0cd" executionId="1824cbb2-b8b7-4c6b-84ac-84fa2c945433" testListId="8c84fa94-04c1-424b-9868-57a2d4851a1d" />
    <TestEntry testId="1450a0ab-3596-66d8-8d08-6506bbe1f61b" executionId="94711444-e47a-4b9e-8da1-440793ab709b" testListId="8c84fa94-04c1-424b-9868-57a2d4851a1d" />
    <TestEntry testId="74f30272-fd7f-9b4e-507d-1c94cc60bb29" executionId="e3ae5aa1-934b-444d-a138-cbfacac31c44" testListId="8c84fa94-04c1-424b-9868-57a2d4851a1d" />
    <TestEntry testId="d18898e3-6995-0d27-8e53-1ced81186e2d" executionId="4fda9fcf-b4b3-4e94-a3af-1850983f48c2" testListId="8c84fa94-04c1-424b-9868-57a2d4851a1d" />
    <TestEntry testId="1ec97a71-0b29-f7c5-72ce-8cf48efa2e36" executionId="dfc9c243-04f1-4226-87c4-df3c700c7661" testListId="8c84fa94-04c1-424b-9868-57a2d4851a1d" />
    <TestEntry testId="35a21cfd-ad2b-b819-14e0-5151fe414a07" executionId="5bf53f97-0e08-40de-8f20-472b76c60f9f" testListId="8c84fa94-04c1-424b-9868-57a2d4851a1d" />
    <TestEntry testId="31a1a77c-5b35-2c19-9bdc-0ee23e06e8f3" executionId="87e20b3c-6f0b-4854-9afe-3f729d63af31" testListId="8c84fa94-04c1-424b-9868-57a2d4851a1d" />
    <TestEntry testId="3b96b54e-967c-6e8f-1ced-4ff4d8370be3" executionId="583d50ff-a251-4909-b3fe-16405a2b394b" testListId="8c84fa94-04c1-424b-9868-57a2d4851a1d" />
    <TestEntry testId="b2691cfb-5962-80d6-34ac-12efb31ff88e" executionId="06ae831b-dac8-4c1e-ac9f-f9c6f7693004" testListId="8c84fa94-04c1-424b-9868-57a2d4851a1d" />
    <TestEntry testId="0a429b0b-08a8-36a6-5969-3c31a35cc366" executionId="dd6feaab-f0f1-480a-bb02-e4318443291e" testListId="8c84fa94-04c1-424b-9868-57a2d4851a1d" />
    <TestEntry testId="c6abb489-2666-fd84-85be-69873a4c76cc" executionId="cd082c13-508a-4ed2-997c-32cbd361f8c3" testListId="8c84fa94-04c1-424b-9868-57a2d4851a1d" />
    <TestEntry testId="69a7a014-6241-5f0a-e55d-960890e56595" executionId="41605bc2-e673-4af9-b439-6df4fbe0e8ec" testListId="8c84fa94-04c1-424b-9868-57a2d4851a1d" />
    <TestEntry testId="945f4fce-c15e-e09c-9dbf-5879cde58a78" executionId="1085ddf9-6adf-44c2-9fbf-fdfa18642828" testListId="8c84fa94-04c1-424b-9868-57a2d4851a1d" />
    <TestEntry testId="43169439-e722-3696-654b-e380ed8f351d" executionId="b4200fbf-29f6-4ec0-a40e-a2423a29c2d3" testListId="8c84fa94-04c1-424b-9868-57a2d4851a1d" />
    <TestEntry testId="c6d15831-7dbe-24e6-d39b-4f317a873a34" executionId="fde2dc87-661a-494a-8e44-a7d242ca19cf" testListId="8c84fa94-04c1-424b-9868-57a2d4851a1d" />
    <TestEntry testId="b5a2bbb3-e25b-0d71-cef7-0187c592a682" executionId="b0d5535b-217e-47b9-9bf1-e669f9a8c706" testListId="8c84fa94-04c1-424b-9868-57a2d4851a1d" />
    <TestEntry testId="64ce4809-e3f8-8d8e-c808-2938f18aa4d4" executionId="f2c88457-b425-4244-8079-b6dd1ef42d9b" testListId="8c84fa94-04c1-424b-9868-57a2d4851a1d" />
    <TestEntry testId="2f8521ee-e0ca-eac4-b453-aa86236fc9b9" executionId="c14a11ab-b28f-46a3-b93f-050fd47950bf" testListId="8c84fa94-04c1-424b-9868-57a2d4851a1d" />
  </TestEntries>
  <TestLists>
    <TestList name="Results Not in a List" id="8c84fa94-04c1-424b-9868-57a2d4851a1d" />
    <TestList name="All Loaded Results" id="19431567-8539-422a-85d7-44ee4e166bda" />
  </TestLists>
  <ResultSummary outcome="Completed">
    <Counters total="24" executed="24" passed="24" failed="0" error="0" timeout="0" aborted="0" inconclusive="0" passedButRunAborted="0" notRunnable="0" notExecuted="0" disconnected="0" warning="0" completed="0" inProgress="0" pending="0" />
    <Output>
      <StdOut>[xUnit.net 00:00:00.05] xUnit.net VSTest Adapter v2.4.3+1b45f5407b (32-bit Desktop .NET 4.0.30319.42000)&#xD;
[xUnit.net 00:00:01.38]   Discovering: IntegrationTests&#xD;
[xUnit.net 00:00:01.90]   Discovered:  IntegrationTests&#xD;
[xUnit.net 00:00:01.91]   Starting:    IntegrationTests&#xD;
[xUnit.net 00:00:08.79]   Finished:    IntegrationTests&#xD;
</StdOut>
    </Output>
  </ResultSummary>
</TestRun>