<?xml version="1.0" encoding="utf-8"?>
<TestRun id="6c971858-46d3-4bec-85b6-648a980d64c4" name="runneradmin@fv-az252-215 2022-02-27 03:32:17" runUser="fv-az252-215\runneradmin" xmlns="http://microsoft.com/schemas/VisualStudio/TeamTest/2010">
  <Times creation="2022-02-27T03:32:17.5533736+00:00" queuing="2022-02-27T03:32:17.5533739+00:00" start="2022-02-27T03:31:51.9563487+00:00" finish="2022-02-27T03:32:24.7450044+00:00" />
  <TestSettings name="default" id="3b173e3a-942e-497b-b71f-79bb39c48672">
    <Deployment runDeploymentRoot="runneradmin_fv-az252-215_2022-02-27_03_32_17" />
  </TestSettings>
  <Results>
    <UnitTestResult executionId="2d8a84bf-442e-4b9b-958b-4e700cc443bf" testId="75b07048-5201-d631-649a-c012e65b7444" testName="IntegrationTests.Controllers.ItemControllerTests.GetItemsPage_Query_Filters(query: &quot;Name 10&quot;, expectedResults: 2)" computerName="fv-az252-215" duration="00:00:00.0430000" startTime="2022-02-27T03:32:23.8123909+00:00" endTime="2022-02-27T03:32:23.8123909+00:00" testType="13cdc9d9-ddb5-4fa4-a97d-d965ccfc6d4b" outcome="Passed" testListId="8c84fa94-04c1-424b-9868-57a2d4851a1d" relativeResultsDirectory="2d8a84bf-442e-4b9b-958b-4e700cc443bf" />
    <UnitTestResult executionId="6c4519ab-a57c-42a8-bf0b-2db039005530" testId="b5a2bbb3-e25b-0d71-cef7-0187c592a682" testName="IntegrationTests.Controllers.ItemControllerTests.GetItemsPage_Query_Filters(query: &quot;Name 100&quot;, expectedResults: 1)" computerName="fv-az252-215" duration="00:00:00.0440000" startTime="2022-02-27T03:32:23.7302588+00:00" endTime="2022-02-27T03:32:23.7302588+00:00" testType="13cdc9d9-ddb5-4fa4-a97d-d965ccfc6d4b" outcome="Passed" testListId="8c84fa94-04c1-424b-9868-57a2d4851a1d" relativeResultsDirectory="6c4519ab-a57c-42a8-bf0b-2db039005530" />
    <UnitTestResult executionId="6089e129-ddaf-4b83-a47a-37ba618d6708" testId="d18898e3-6995-0d27-8e53-1ced81186e2d" testName="IntegrationTests.Controllers.ItemControllerTests.GetItemsPage_PageSize0_DefaultsTo1" computerName="fv-az252-215" duration="00:00:00.0210000" startTime="2022-02-27T03:32:24.3563749+00:00" endTime="2022-02-27T03:32:24.3563749+00:00" testType="13cdc9d9-ddb5-4fa4-a97d-d965ccfc6d4b" outcome="Passed" testListId="8c84fa94-04c1-424b-9868-57a2d4851a1d" relativeResultsDirectory="6089e129-ddaf-4b83-a47a-37ba618d6708" />
    <UnitTestResult executionId="5e402a50-6149-4dcd-ae21-3406ea07d585" testId="eb8cb345-7707-0e07-1566-f6a04ceb2670" testName="IntegrationTests.Controllers.ItemControllerTests.CanEdit_Defaults_To_False" computerName="fv-az252-215" duration="00:00:00.0310000" startTime="2022-02-27T03:32:23.9319233+00:00" endTime="2022-02-27T03:32:23.9319233+00:00" testType="13cdc9d9-ddb5-4fa4-a97d-d965ccfc6d4b" outcome="Passed" testListId="8c84fa94-04c1-424b-9868-57a2d4851a1d" relativeResultsDirectory="5e402a50-6149-4dcd-ae21-3406ea07d585" />
    <UnitTestResult executionId="3227e415-a659-4c45-97e8-121750b1a923" testId="06f0962d-466b-0634-113e-f3863f9b599c" testName="IntegrationTests.Controllers.ItemControllerTests.GetItemsPage_GetsProperPages(amount: 99, expectedPages: 10)" computerName="fv-az252-215" duration="00:00:00.0440000" startTime="2022-02-27T03:32:24.0283585+00:00" endTime="2022-02-27T03:32:24.0283585+00:00" testType="13cdc9d9-ddb5-4fa4-a97d-d965ccfc6d4b" outcome="Passed" testListId="8c84fa94-04c1-424b-9868-57a2d4851a1d" relativeResultsDirectory="3227e415-a659-4c45-97e8-121750b1a923" />
    <UnitTestResult executionId="da34f547-5e77-48d3-8103-0d5a14519e29" testId="1ec97a71-0b29-f7c5-72ce-8cf48efa2e36" testName="IntegrationTests.Controllers.ItemControllerTests.CreateItem_Creates(name: &quot;name2&quot;, description: &quot;description2&quot;)" computerName="fv-az252-215" duration="00:00:00.0320000" startTime="2022-02-27T03:32:23.8440852+00:00" endTime="2022-02-27T03:32:23.8440852+00:00" testType="13cdc9d9-ddb5-4fa4-a97d-d965ccfc6d4b" outcome="Passed" testListId="8c84fa94-04c1-424b-9868-57a2d4851a1d" relativeResultsDirectory="da34f547-5e77-48d3-8103-0d5a14519e29" />
    <UnitTestResult executionId="47751280-6ec7-4ca0-b2c4-0706da936f56" testId="fe1c9811-4463-ef95-5296-cdd71ab090b8" testName="IntegrationTests.Controllers.ItemControllerTests.DeleteItem_DeletesMissingItem" computerName="fv-az252-215" duration="00:00:00.0180000" startTime="2022-02-27T03:32:24.3990211+00:00" endTime="2022-02-27T03:32:24.3990211+00:00" testType="13cdc9d9-ddb5-4fa4-a97d-d965ccfc6d4b" outcome="Passed" testListId="8c84fa94-04c1-424b-9868-57a2d4851a1d" relativeResultsDirectory="47751280-6ec7-4ca0-b2c4-0706da936f56" />
    <UnitTestResult executionId="113a545f-41d7-4f18-94c6-e0b7aba6f472" testId="31a1a77c-5b35-2c19-9bdc-0ee23e06e8f3" testName="IntegrationTests.Controllers.ItemControllerTests.GetItemsPage_GetsProperPages(amount: 10, expectedPages: 1)" computerName="fv-az252-215" duration="00:00:00.0440000" startTime="2022-02-27T03:32:24.0574638+00:00" endTime="2022-02-27T03:32:24.0574638+00:00" testType="13cdc9d9-ddb5-4fa4-a97d-d965ccfc6d4b" outcome="Passed" testListId="8c84fa94-04c1-424b-9868-57a2d4851a1d" relativeResultsDirectory="113a545f-41d7-4f18-94c6-e0b7aba6f472" />
    <UnitTestResult executionId="aa626f16-8721-472a-beb3-7fe6e97dc4d2" testId="64ce4809-e3f8-8d8e-c808-2938f18aa4d4" testName="IntegrationTests.Controllers.ItemControllerTests.GetItemsPage_Query_Filters(query: &quot;Name 2&quot;, expectedResults: 11)" computerName="fv-az252-215" duration="00:00:00.0380000" startTime="2022-02-27T03:32:23.7686521+00:00" endTime="2022-02-27T03:32:23.7686521+00:00" testType="13cdc9d9-ddb5-4fa4-a97d-d965ccfc6d4b" outcome="Passed" testListId="8c84fa94-04c1-424b-9868-57a2d4851a1d" relativeResultsDirectory="aa626f16-8721-472a-beb3-7fe6e97dc4d2" />
    <UnitTestResult executionId="c9fae272-e67f-4899-a6e5-e49be0e74b9f" testId="c6abb489-2666-fd84-85be-69873a4c76cc" testName="IntegrationTests.Controllers.ItemControllerTests.CreateItem_Creates(name: &quot;name1&quot;, description: &quot;description1&quot;)" computerName="fv-az252-215" duration="00:00:00.0070000" startTime="2022-02-27T03:32:23.8515143+00:00" endTime="2022-02-27T03:32:23.8515143+00:00" testType="13cdc9d9-ddb5-4fa4-a97d-d965ccfc6d4b" outcome="Passed" testListId="8c84fa94-04c1-424b-9868-57a2d4851a1d" relativeResultsDirectory="c9fae272-e67f-4899-a6e5-e49be0e74b9f" />
    <UnitTestResult executionId="bc702b7e-93b7-4a9e-9dde-cf91d04c3538" testId="43169439-e722-3696-654b-e380ed8f351d" testName="IntegrationTests.Controllers.ItemControllerTests.EditItem_Saves" computerName="fv-az252-215" duration="00:00:00.0810000" startTime="2022-02-27T03:32:24.2117570+00:00" endTime="2022-02-27T03:32:24.2117570+00:00" testType="13cdc9d9-ddb5-4fa4-a97d-d965ccfc6d4b" outcome="Passed" testListId="8c84fa94-04c1-424b-9868-57a2d4851a1d" relativeResultsDirectory="bc702b7e-93b7-4a9e-9dde-cf91d04c3538" />
    <UnitTestResult executionId="beb8a342-7631-4eeb-98e5-e9c40710d04f" testId="3b96b54e-967c-6e8f-1ced-4ff4d8370be3" testName="IntegrationTests.Controllers.ItemControllerTests.GetItemsPage_Query_Filters(query: &quot;&quot;, expectedResults: 100)" computerName="fv-az252-215" duration="00:00:00.0570000" startTime="2022-02-27T03:32:23.5313036+00:00" endTime="2022-02-27T03:32:23.5313036+00:00" testType="13cdc9d9-ddb5-4fa4-a97d-d965ccfc6d4b" outcome="Passed" testListId="8c84fa94-04c1-424b-9868-57a2d4851a1d" relativeResultsDirectory="beb8a342-7631-4eeb-98e5-e9c40710d04f" />
    <UnitTestResult executionId="014defc7-96be-48f0-8171-d61c0ff40d2a" testId="35a21cfd-ad2b-b819-14e0-5151fe414a07" testName="IntegrationTests.Controllers.ItemControllerTests.GetItemsPage_GetsProperPages(amount: 101, expectedPages: 11)" computerName="fv-az252-215" duration="00:00:00.0480000" startTime="2022-02-27T03:32:24.1304250+00:00" endTime="2022-02-27T03:32:24.1304250+00:00" testType="13cdc9d9-ddb5-4fa4-a97d-d965ccfc6d4b" outcome="Passed" testListId="8c84fa94-04c1-424b-9868-57a2d4851a1d" relativeResultsDirectory="014defc7-96be-48f0-8171-d61c0ff40d2a" />
    <UnitTestResult executionId="21674613-e17d-418b-9b27-6744aab09622" testId="b2691cfb-5962-80d6-34ac-12efb31ff88e" testName="IntegrationTests.Controllers.ItemControllerTests.DeleteItem_Deletes" computerName="fv-az252-215" duration="00:00:00.0960000" startTime="2022-02-27T03:32:24.3351732+00:00" endTime="2022-02-27T03:32:24.3351732+00:00" testType="13cdc9d9-ddb5-4fa4-a97d-d965ccfc6d4b" outcome="Passed" testListId="8c84fa94-04c1-424b-9868-57a2d4851a1d" relativeResultsDirectory="21674613-e17d-418b-9b27-6744aab09622" />
    <UnitTestResult executionId="340e34ed-cd8a-47ae-b974-67d0aec3d04f" testId="2f8521ee-e0ca-eac4-b453-aa86236fc9b9" testName="IntegrationTests.Controllers.ItemControllerTests.GetItemsPage_SortsDescending" computerName="fv-az252-215" duration="00:00:00.0210000" startTime="2022-02-27T03:32:24.3768404+00:00" endTime="2022-02-27T03:32:24.3768404+00:00" testType="13cdc9d9-ddb5-4fa4-a97d-d965ccfc6d4b" outcome="Passed" testListId="8c84fa94-04c1-424b-9868-57a2d4851a1d" relativeResultsDirectory="340e34ed-cd8a-47ae-b974-67d0aec3d04f" />
    <UnitTestResult executionId="4116217a-4d52-4138-8db1-473d94872e0c" testId="6274cd22-d848-61dd-8233-d29a2f361a38" testName="IntegrationTests.Controllers.ItemControllerTests.GetItemsPage_Query_Filters(query: &quot;Name 1&quot;, expectedResults: 12)" computerName="fv-az252-215" duration="00:00:00.0540000" startTime="2022-02-27T03:32:23.6347844+00:00" endTime="2022-02-27T03:32:23.6347844+00:00" testType="13cdc9d9-ddb5-4fa4-a97d-d965ccfc6d4b" outcome="Passed" testListId="8c84fa94-04c1-424b-9868-57a2d4851a1d" relativeResultsDirectory="4116217a-4d52-4138-8db1-473d94872e0c" />
    <UnitTestResult executionId="2b3eeba4-538e-43aa-a92c-c3e12dc99b6f" testId="0a429b0b-08a8-36a6-5969-3c31a35cc366" testName="IntegrationTests.Controllers.ItemControllerTests.GetItemsPage_GetsProperPages(amount: 9, expectedPages: 1)" computerName="fv-az252-215" duration="00:00:00.0260000" startTime="2022-02-27T03:32:24.0822665+00:00" endTime="2022-02-27T03:32:24.0822665+00:00" testType="13cdc9d9-ddb5-4fa4-a97d-d965ccfc6d4b" outcome="Passed" testListId="8c84fa94-04c1-424b-9868-57a2d4851a1d" relativeResultsDirectory="2b3eeba4-538e-43aa-a92c-c3e12dc99b6f" />
    <UnitTestResult executionId="de49502c-e2cd-4a3b-9878-78d008fe4a78" testId="74f30272-fd7f-9b4e-507d-1c94cc60bb29" testName="IntegrationTests.Controllers.ItemControllerTests.GetItemsPage_Query_Filters(query: &quot;1&quot;, expectedResults: 20)" computerName="fv-az252-215" duration="00:00:00.0480000" startTime="2022-02-27T03:32:23.5803913+00:00" endTime="2022-02-27T03:32:23.5803913+00:00" testType="13cdc9d9-ddb5-4fa4-a97d-d965ccfc6d4b" outcome="Passed" testListId="8c84fa94-04c1-424b-9868-57a2d4851a1d" relativeResultsDirectory="de49502c-e2cd-4a3b-9878-78d008fe4a78" />
    <UnitTestResult executionId="01753d8f-a054-4054-a6ea-845e11e4d8c5" testId="c6d15831-7dbe-24e6-d39b-4f317a873a34" testName="IntegrationTests.Controllers.ItemControllerTests.GetItemsPage_GetsProperPages(amount: 1, expectedPages: 1)" computerName="fv-az252-215" duration="00:00:00.0370000" startTime="2022-02-27T03:32:23.9693532+00:00" endTime="2022-02-27T03:32:23.9693532+00:00" testType="13cdc9d9-ddb5-4fa4-a97d-d965ccfc6d4b" outcome="Passed" testListId="8c84fa94-04c1-424b-9868-57a2d4851a1d" relativeResultsDirectory="01753d8f-a054-4054-a6ea-845e11e4d8c5" />
    <UnitTestResult executionId="4ea0a8f5-caf0-45b6-82c2-a25edec90c0c" testId="1450a0ab-3596-66d8-8d08-6506bbe1f61b" testName="IntegrationTests.Controllers.ItemControllerTests.GetItemsPage_50Items_GetsProperly" computerName="fv-az252-215" duration="00:00:00.0490000" startTime="2022-02-27T03:32:23.9008602+00:00" endTime="2022-02-27T03:32:23.9008602+00:00" testType="13cdc9d9-ddb5-4fa4-a97d-d965ccfc6d4b" outcome="Passed" testListId="8c84fa94-04c1-424b-9868-57a2d4851a1d" relativeResultsDirectory="4ea0a8f5-caf0-45b6-82c2-a25edec90c0c" />
    <UnitTestResult executionId="045d6cab-3584-446c-8174-6fdf005c4b6f" testId="69a7a014-6241-5f0a-e55d-960890e56595" testName="IntegrationTests.Controllers.ServiceRouteMapperTests.RegisterRoutes_RegistersAtLestOneRoute" computerName="fv-az252-215" duration="00:00:03.9650000" startTime="2022-02-27T03:32:16.2735712+00:00" endTime="2022-02-27T03:32:16.2735712+00:00" testType="13cdc9d9-ddb5-4fa4-a97d-d965ccfc6d4b" outcome="Passed" testListId="8c84fa94-04c1-424b-9868-57a2d4851a1d" relativeResultsDirectory="045d6cab-3584-446c-8174-6fdf005c4b6f" />
    <UnitTestResult executionId="2bd80f6e-8181-412b-bd16-7bbea2722765" testId="945f4fce-c15e-e09c-9dbf-5879cde58a78" testName="IntegrationTests.Controllers.ItemControllerTests.GetItemsPage_Page0_DefaultsToPage1" computerName="fv-az252-215" duration="00:00:00.0270000" startTime="2022-02-27T03:32:24.2392929+00:00" endTime="2022-02-27T03:32:24.2392929+00:00" testType="13cdc9d9-ddb5-4fa4-a97d-d965ccfc6d4b" outcome="Passed" testListId="8c84fa94-04c1-424b-9868-57a2d4851a1d" relativeResultsDirectory="2bd80f6e-8181-412b-bd16-7bbea2722765" />
    <UnitTestResult executionId="8589372d-214d-47e3-884b-a7e90c8a2f8f" testId="9609bc3b-2435-1be2-e2f3-2c6b217c770c" testName="IntegrationTests.Controllers.ItemControllerTests.GetItemsPage_Query_Filters(query: &quot;Missing&quot;, expectedResults: 0)" computerName="fv-az252-215" duration="00:00:00.0520000" startTime="2022-02-27T03:32:23.6851281+00:00" endTime="2022-02-27T03:32:23.6851281+00:00" testType="13cdc9d9-ddb5-4fa4-a97d-d965ccfc6d4b" outcome="Passed" testListId="8c84fa94-04c1-424b-9868-57a2d4851a1d" relativeResultsDirectory="8589372d-214d-47e3-884b-a7e90c8a2f8f" />
    <UnitTestResult executionId="96e830c0-5606-4716-9ddb-cb0d2eb4a401" testId="4fd078d7-61ec-6e3f-be79-cf322012a0cd" testName="IntegrationTests.Controllers.ItemControllerTests.GetItemsPage_SortsAscending" computerName="fv-az252-215" duration="00:00:11.2000000" startTime="2022-02-27T03:32:23.4740985+00:00" endTime="2022-02-27T03:32:23.4740985+00:00" testType="13cdc9d9-ddb5-4fa4-a97d-d965ccfc6d4b" outcome="Passed" testListId="8c84fa94-04c1-424b-9868-57a2d4851a1d" relativeResultsDirectory="96e830c0-5606-4716-9ddb-cb0d2eb4a401" />
  </Results>
  <TestDefinitions>
    <UnitTest name="IntegrationTests.Controllers.ItemControllerTests.GetItemsPage_Query_Filters(query: &quot;Name 10&quot;, expectedResults: 2)" storage="d:\a\dnn.securitycenter\dnn.securitycenter\integrationtests\bin\integrationtests.dll" id="75b07048-5201-d631-649a-c012e65b7444">
      <Execution id="2d8a84bf-442e-4b9b-958b-4e700cc443bf" />
      <TestMethod codeBase="D:\a\Dnn.SecurityCenter\Dnn.SecurityCenter\IntegrationTests\bin\IntegrationTests.dll" adapterTypeName="executor://xunit/VsTestRunner2/net" className="IntegrationTests.Controllers.ItemControllerTests" name="GetItemsPage_Query_Filters" />
    </UnitTest>
    <UnitTest name="IntegrationTests.Controllers.ItemControllerTests.GetItemsPage_Query_Filters(query: &quot;1&quot;, expectedResults: 20)" storage="d:\a\dnn.securitycenter\dnn.securitycenter\integrationtests\bin\integrationtests.dll" id="74f30272-fd7f-9b4e-507d-1c94cc60bb29">
      <Execution id="de49502c-e2cd-4a3b-9878-78d008fe4a78" />
      <TestMethod codeBase="D:\a\Dnn.SecurityCenter\Dnn.SecurityCenter\IntegrationTests\bin\IntegrationTests.dll" adapterTypeName="executor://xunit/VsTestRunner2/net" className="IntegrationTests.Controllers.ItemControllerTests" name="GetItemsPage_Query_Filters" />
    </UnitTest>
    <UnitTest name="IntegrationTests.Controllers.ItemControllerTests.GetItemsPage_GetsProperPages(amount: 99, expectedPages: 10)" storage="d:\a\dnn.securitycenter\dnn.securitycenter\integrationtests\bin\integrationtests.dll" id="06f0962d-466b-0634-113e-f3863f9b599c">
      <Execution id="3227e415-a659-4c45-97e8-121750b1a923" />
      <TestMethod codeBase="D:\a\Dnn.SecurityCenter\Dnn.SecurityCenter\IntegrationTests\bin\IntegrationTests.dll" adapterTypeName="executor://xunit/VsTestRunner2/net" className="IntegrationTests.Controllers.ItemControllerTests" name="GetItemsPage_GetsProperPages" />
    </UnitTest>
    <UnitTest name="IntegrationTests.Controllers.ItemControllerTests.DeleteItem_DeletesMissingItem" storage="d:\a\dnn.securitycenter\dnn.securitycenter\integrationtests\bin\integrationtests.dll" id="fe1c9811-4463-ef95-5296-cdd71ab090b8">
      <Execution id="47751280-6ec7-4ca0-b2c4-0706da936f56" />
      <TestMethod codeBase="D:\a\Dnn.SecurityCenter\Dnn.SecurityCenter\IntegrationTests\bin\IntegrationTests.dll" adapterTypeName="executor://xunit/VsTestRunner2/net" className="IntegrationTests.Controllers.ItemControllerTests" name="DeleteItem_DeletesMissingItem" />
    </UnitTest>
    <UnitTest name="IntegrationTests.Controllers.ItemControllerTests.EditItem_Saves" storage="d:\a\dnn.securitycenter\dnn.securitycenter\integrationtests\bin\integrationtests.dll" id="43169439-e722-3696-654b-e380ed8f351d">
      <Execution id="bc702b7e-93b7-4a9e-9dde-cf91d04c3538" />
      <TestMethod codeBase="D:\a\Dnn.SecurityCenter\Dnn.SecurityCenter\IntegrationTests\bin\IntegrationTests.dll" adapterTypeName="executor://xunit/VsTestRunner2/net" className="IntegrationTests.Controllers.ItemControllerTests" name="EditItem_Saves" />
    </UnitTest>
    <UnitTest name="IntegrationTests.Controllers.ItemControllerTests.CreateItem_Creates(name: &quot;name1&quot;, description: &quot;description1&quot;)" storage="d:\a\dnn.securitycenter\dnn.securitycenter\integrationtests\bin\integrationtests.dll" id="c6abb489-2666-fd84-85be-69873a4c76cc">
      <Execution id="c9fae272-e67f-4899-a6e5-e49be0e74b9f" />
      <TestMethod codeBase="D:\a\Dnn.SecurityCenter\Dnn.SecurityCenter\IntegrationTests\bin\IntegrationTests.dll" adapterTypeName="executor://xunit/VsTestRunner2/net" className="IntegrationTests.Controllers.ItemControllerTests" name="CreateItem_Creates" />
    </UnitTest>
    <UnitTest name="IntegrationTests.Controllers.ItemControllerTests.GetItemsPage_Query_Filters(query: &quot;&quot;, expectedResults: 100)" storage="d:\a\dnn.securitycenter\dnn.securitycenter\integrationtests\bin\integrationtests.dll" id="3b96b54e-967c-6e8f-1ced-4ff4d8370be3">
      <Execution id="beb8a342-7631-4eeb-98e5-e9c40710d04f" />
      <TestMethod codeBase="D:\a\Dnn.SecurityCenter\Dnn.SecurityCenter\IntegrationTests\bin\IntegrationTests.dll" adapterTypeName="executor://xunit/VsTestRunner2/net" className="IntegrationTests.Controllers.ItemControllerTests" name="GetItemsPage_Query_Filters" />
    </UnitTest>
    <UnitTest name="IntegrationTests.Controllers.ItemControllerTests.GetItemsPage_SortsDescending" storage="d:\a\dnn.securitycenter\dnn.securitycenter\integrationtests\bin\integrationtests.dll" id="2f8521ee-e0ca-eac4-b453-aa86236fc9b9">
      <Execution id="340e34ed-cd8a-47ae-b974-67d0aec3d04f" />
      <TestMethod codeBase="D:\a\Dnn.SecurityCenter\Dnn.SecurityCenter\IntegrationTests\bin\IntegrationTests.dll" adapterTypeName="executor://xunit/VsTestRunner2/net" className="IntegrationTests.Controllers.ItemControllerTests" name="GetItemsPage_SortsDescending" />
    </UnitTest>
    <UnitTest name="IntegrationTests.Controllers.ItemControllerTests.GetItemsPage_Page0_DefaultsToPage1" storage="d:\a\dnn.securitycenter\dnn.securitycenter\integrationtests\bin\integrationtests.dll" id="945f4fce-c15e-e09c-9dbf-5879cde58a78">
      <Execution id="2bd80f6e-8181-412b-bd16-7bbea2722765" />
      <TestMethod codeBase="D:\a\Dnn.SecurityCenter\Dnn.SecurityCenter\IntegrationTests\bin\IntegrationTests.dll" adapterTypeName="executor://xunit/VsTestRunner2/net" className="IntegrationTests.Controllers.ItemControllerTests" name="GetItemsPage_Page0_DefaultsToPage1" />
    </UnitTest>
    <UnitTest name="IntegrationTests.Controllers.ItemControllerTests.GetItemsPage_50Items_GetsProperly" storage="d:\a\dnn.securitycenter\dnn.securitycenter\integrationtests\bin\integrationtests.dll" id="1450a0ab-3596-66d8-8d08-6506bbe1f61b">
      <Execution id="4ea0a8f5-caf0-45b6-82c2-a25edec90c0c" />
      <TestMethod codeBase="D:\a\Dnn.SecurityCenter\Dnn.SecurityCenter\IntegrationTests\bin\IntegrationTests.dll" adapterTypeName="executor://xunit/VsTestRunner2/net" className="IntegrationTests.Controllers.ItemControllerTests" name="GetItemsPage_50Items_GetsProperly" />
    </UnitTest>
    <UnitTest name="IntegrationTests.Controllers.ItemControllerTests.GetItemsPage_GetsProperPages(amount: 101, expectedPages: 11)" storage="d:\a\dnn.securitycenter\dnn.securitycenter\integrationtests\bin\integrationtests.dll" id="35a21cfd-ad2b-b819-14e0-5151fe414a07">
      <Execution id="014defc7-96be-48f0-8171-d61c0ff40d2a" />
      <TestMethod codeBase="D:\a\Dnn.SecurityCenter\Dnn.SecurityCenter\IntegrationTests\bin\IntegrationTests.dll" adapterTypeName="executor://xunit/VsTestRunner2/net" className="IntegrationTests.Controllers.ItemControllerTests" name="GetItemsPage_GetsProperPages" />
    </UnitTest>
    <UnitTest name="IntegrationTests.Controllers.ItemControllerTests.GetItemsPage_GetsProperPages(amount: 1, expectedPages: 1)" storage="d:\a\dnn.securitycenter\dnn.securitycenter\integrationtests\bin\integrationtests.dll" id="c6d15831-7dbe-24e6-d39b-4f317a873a34">
      <Execution id="01753d8f-a054-4054-a6ea-845e11e4d8c5" />
      <TestMethod codeBase="D:\a\Dnn.SecurityCenter\Dnn.SecurityCenter\IntegrationTests\bin\IntegrationTests.dll" adapterTypeName="executor://xunit/VsTestRunner2/net" className="IntegrationTests.Controllers.ItemControllerTests" name="GetItemsPage_GetsProperPages" />
    </UnitTest>
    <UnitTest name="IntegrationTests.Controllers.ItemControllerTests.CreateItem_Creates(name: &quot;name2&quot;, description: &quot;description2&quot;)" storage="d:\a\dnn.securitycenter\dnn.securitycenter\integrationtests\bin\integrationtests.dll" id="1ec97a71-0b29-f7c5-72ce-8cf48efa2e36">
      <Execution id="da34f547-5e77-48d3-8103-0d5a14519e29" />
      <TestMethod codeBase="D:\a\Dnn.SecurityCenter\Dnn.SecurityCenter\IntegrationTests\bin\IntegrationTests.dll" adapterTypeName="executor://xunit/VsTestRunner2/net" className="IntegrationTests.Controllers.ItemControllerTests" name="CreateItem_Creates" />
    </UnitTest>
    <UnitTest name="IntegrationTests.Controllers.ItemControllerTests.GetItemsPage_SortsAscending" storage="d:\a\dnn.securitycenter\dnn.securitycenter\integrationtests\bin\integrationtests.dll" id="4fd078d7-61ec-6e3f-be79-cf322012a0cd">
      <Execution id="96e830c0-5606-4716-9ddb-cb0d2eb4a401" />
      <TestMethod codeBase="D:\a\Dnn.SecurityCenter\Dnn.SecurityCenter\IntegrationTests\bin\IntegrationTests.dll" adapterTypeName="executor://xunit/VsTestRunner2/net" className="IntegrationTests.Controllers.ItemControllerTests" name="GetItemsPage_SortsAscending" />
    </UnitTest>
    <UnitTest name="IntegrationTests.Controllers.ItemControllerTests.GetItemsPage_PageSize0_DefaultsTo1" storage="d:\a\dnn.securitycenter\dnn.securitycenter\integrationtests\bin\integrationtests.dll" id="d18898e3-6995-0d27-8e53-1ced81186e2d">
      <Execution id="6089e129-ddaf-4b83-a47a-37ba618d6708" />
      <TestMethod codeBase="D:\a\Dnn.SecurityCenter\Dnn.SecurityCenter\IntegrationTests\bin\IntegrationTests.dll" adapterTypeName="executor://xunit/VsTestRunner2/net" className="IntegrationTests.Controllers.ItemControllerTests" name="GetItemsPage_PageSize0_DefaultsTo1" />
    </UnitTest>
    <UnitTest name="IntegrationTests.Controllers.ItemControllerTests.GetItemsPage_GetsProperPages(amount: 9, expectedPages: 1)" storage="d:\a\dnn.securitycenter\dnn.securitycenter\integrationtests\bin\integrationtests.dll" id="0a429b0b-08a8-36a6-5969-3c31a35cc366">
      <Execution id="2b3eeba4-538e-43aa-a92c-c3e12dc99b6f" />
      <TestMethod codeBase="D:\a\Dnn.SecurityCenter\Dnn.SecurityCenter\IntegrationTests\bin\IntegrationTests.dll" adapterTypeName="executor://xunit/VsTestRunner2/net" className="IntegrationTests.Controllers.ItemControllerTests" name="GetItemsPage_GetsProperPages" />
    </UnitTest>
    <UnitTest name="IntegrationTests.Controllers.ItemControllerTests.GetItemsPage_GetsProperPages(amount: 10, expectedPages: 1)" storage="d:\a\dnn.securitycenter\dnn.securitycenter\integrationtests\bin\integrationtests.dll" id="31a1a77c-5b35-2c19-9bdc-0ee23e06e8f3">
      <Execution id="113a545f-41d7-4f18-94c6-e0b7aba6f472" />
      <TestMethod codeBase="D:\a\Dnn.SecurityCenter\Dnn.SecurityCenter\IntegrationTests\bin\IntegrationTests.dll" adapterTypeName="executor://xunit/VsTestRunner2/net" className="IntegrationTests.Controllers.ItemControllerTests" name="GetItemsPage_GetsProperPages" />
    </UnitTest>
    <UnitTest name="IntegrationTests.Controllers.ItemControllerTests.GetItemsPage_Query_Filters(query: &quot;Missing&quot;, expectedResults: 0)" storage="d:\a\dnn.securitycenter\dnn.securitycenter\integrationtests\bin\integrationtests.dll" id="9609bc3b-2435-1be2-e2f3-2c6b217c770c">
      <Execution id="8589372d-214d-47e3-884b-a7e90c8a2f8f" />
      <TestMethod codeBase="D:\a\Dnn.SecurityCenter\Dnn.SecurityCenter\IntegrationTests\bin\IntegrationTests.dll" adapterTypeName="executor://xunit/VsTestRunner2/net" className="IntegrationTests.Controllers.ItemControllerTests" name="GetItemsPage_Query_Filters" />
    </UnitTest>
    <UnitTest name="IntegrationTests.Controllers.ItemControllerTests.DeleteItem_Deletes" storage="d:\a\dnn.securitycenter\dnn.securitycenter\integrationtests\bin\integrationtests.dll" id="b2691cfb-5962-80d6-34ac-12efb31ff88e">
      <Execution id="21674613-e17d-418b-9b27-6744aab09622" />
      <TestMethod codeBase="D:\a\Dnn.SecurityCenter\Dnn.SecurityCenter\IntegrationTests\bin\IntegrationTests.dll" adapterTypeName="executor://xunit/VsTestRunner2/net" className="IntegrationTests.Controllers.ItemControllerTests" name="DeleteItem_Deletes" />
    </UnitTest>
    <UnitTest name="IntegrationTests.Controllers.ItemControllerTests.GetItemsPage_Query_Filters(query: &quot;Name 2&quot;, expectedResults: 11)" storage="d:\a\dnn.securitycenter\dnn.securitycenter\integrationtests\bin\integrationtests.dll" id="64ce4809-e3f8-8d8e-c808-2938f18aa4d4">
      <Execution id="aa626f16-8721-472a-beb3-7fe6e97dc4d2" />
      <TestMethod codeBase="D:\a\Dnn.SecurityCenter\Dnn.SecurityCenter\IntegrationTests\bin\IntegrationTests.dll" adapterTypeName="executor://xunit/VsTestRunner2/net" className="IntegrationTests.Controllers.ItemControllerTests" name="GetItemsPage_Query_Filters" />
    </UnitTest>
    <UnitTest name="IntegrationTests.Controllers.ItemControllerTests.GetItemsPage_Query_Filters(query: &quot;Name 100&quot;, expectedResults: 1)" storage="d:\a\dnn.securitycenter\dnn.securitycenter\integrationtests\bin\integrationtests.dll" id="b5a2bbb3-e25b-0d71-cef7-0187c592a682">
      <Execution id="6c4519ab-a57c-42a8-bf0b-2db039005530" />
      <TestMethod codeBase="D:\a\Dnn.SecurityCenter\Dnn.SecurityCenter\IntegrationTests\bin\IntegrationTests.dll" adapterTypeName="executor://xunit/VsTestRunner2/net" className="IntegrationTests.Controllers.ItemControllerTests" name="GetItemsPage_Query_Filters" />
    </UnitTest>
    <UnitTest name="IntegrationTests.Controllers.ServiceRouteMapperTests.RegisterRoutes_RegistersAtLestOneRoute" storage="d:\a\dnn.securitycenter\dnn.securitycenter\integrationtests\bin\integrationtests.dll" id="69a7a014-6241-5f0a-e55d-960890e56595">
      <Execution id="045d6cab-3584-446c-8174-6fdf005c4b6f" />
      <TestMethod codeBase="D:\a\Dnn.SecurityCenter\Dnn.SecurityCenter\IntegrationTests\bin\IntegrationTests.dll" adapterTypeName="executor://xunit/VsTestRunner2/net" className="IntegrationTests.Controllers.ServiceRouteMapperTests" name="RegisterRoutes_RegistersAtLestOneRoute" />
    </UnitTest>
    <UnitTest name="IntegrationTests.Controllers.ItemControllerTests.GetItemsPage_Query_Filters(query: &quot;Name 1&quot;, expectedResults: 12)" storage="d:\a\dnn.securitycenter\dnn.securitycenter\integrationtests\bin\integrationtests.dll" id="6274cd22-d848-61dd-8233-d29a2f361a38">
      <Execution id="4116217a-4d52-4138-8db1-473d94872e0c" />
      <TestMethod codeBase="D:\a\Dnn.SecurityCenter\Dnn.SecurityCenter\IntegrationTests\bin\IntegrationTests.dll" adapterTypeName="executor://xunit/VsTestRunner2/net" className="IntegrationTests.Controllers.ItemControllerTests" name="GetItemsPage_Query_Filters" />
    </UnitTest>
    <UnitTest name="IntegrationTests.Controllers.ItemControllerTests.CanEdit_Defaults_To_False" storage="d:\a\dnn.securitycenter\dnn.securitycenter\integrationtests\bin\integrationtests.dll" id="eb8cb345-7707-0e07-1566-f6a04ceb2670">
      <Execution id="5e402a50-6149-4dcd-ae21-3406ea07d585" />
      <TestMethod codeBase="D:\a\Dnn.SecurityCenter\Dnn.SecurityCenter\IntegrationTests\bin\IntegrationTests.dll" adapterTypeName="executor://xunit/VsTestRunner2/net" className="IntegrationTests.Controllers.ItemControllerTests" name="CanEdit_Defaults_To_False" />
    </UnitTest>
  </TestDefinitions>
  <TestEntries>
    <TestEntry testId="75b07048-5201-d631-649a-c012e65b7444" executionId="2d8a84bf-442e-4b9b-958b-4e700cc443bf" testListId="8c84fa94-04c1-424b-9868-57a2d4851a1d" />
    <TestEntry testId="b5a2bbb3-e25b-0d71-cef7-0187c592a682" executionId="6c4519ab-a57c-42a8-bf0b-2db039005530" testListId="8c84fa94-04c1-424b-9868-57a2d4851a1d" />
    <TestEntry testId="d18898e3-6995-0d27-8e53-1ced81186e2d" executionId="6089e129-ddaf-4b83-a47a-37ba618d6708" testListId="8c84fa94-04c1-424b-9868-57a2d4851a1d" />
    <TestEntry testId="eb8cb345-7707-0e07-1566-f6a04ceb2670" executionId="5e402a50-6149-4dcd-ae21-3406ea07d585" testListId="8c84fa94-04c1-424b-9868-57a2d4851a1d" />
    <TestEntry testId="06f0962d-466b-0634-113e-f3863f9b599c" executionId="3227e415-a659-4c45-97e8-121750b1a923" testListId="8c84fa94-04c1-424b-9868-57a2d4851a1d" />
    <TestEntry testId="1ec97a71-0b29-f7c5-72ce-8cf48efa2e36" executionId="da34f547-5e77-48d3-8103-0d5a14519e29" testListId="8c84fa94-04c1-424b-9868-57a2d4851a1d" />
    <TestEntry testId="fe1c9811-4463-ef95-5296-cdd71ab090b8" executionId="47751280-6ec7-4ca0-b2c4-0706da936f56" testListId="8c84fa94-04c1-424b-9868-57a2d4851a1d" />
    <TestEntry testId="31a1a77c-5b35-2c19-9bdc-0ee23e06e8f3" executionId="113a545f-41d7-4f18-94c6-e0b7aba6f472" testListId="8c84fa94-04c1-424b-9868-57a2d4851a1d" />
    <TestEntry testId="64ce4809-e3f8-8d8e-c808-2938f18aa4d4" executionId="aa626f16-8721-472a-beb3-7fe6e97dc4d2" testListId="8c84fa94-04c1-424b-9868-57a2d4851a1d" />
    <TestEntry testId="c6abb489-2666-fd84-85be-69873a4c76cc" executionId="c9fae272-e67f-4899-a6e5-e49be0e74b9f" testListId="8c84fa94-04c1-424b-9868-57a2d4851a1d" />
    <TestEntry testId="43169439-e722-3696-654b-e380ed8f351d" executionId="bc702b7e-93b7-4a9e-9dde-cf91d04c3538" testListId="8c84fa94-04c1-424b-9868-57a2d4851a1d" />
    <TestEntry testId="3b96b54e-967c-6e8f-1ced-4ff4d8370be3" executionId="beb8a342-7631-4eeb-98e5-e9c40710d04f" testListId="8c84fa94-04c1-424b-9868-57a2d4851a1d" />
    <TestEntry testId="35a21cfd-ad2b-b819-14e0-5151fe414a07" executionId="014defc7-96be-48f0-8171-d61c0ff40d2a" testListId="8c84fa94-04c1-424b-9868-57a2d4851a1d" />
    <TestEntry testId="b2691cfb-5962-80d6-34ac-12efb31ff88e" executionId="21674613-e17d-418b-9b27-6744aab09622" testListId="8c84fa94-04c1-424b-9868-57a2d4851a1d" />
    <TestEntry testId="2f8521ee-e0ca-eac4-b453-aa86236fc9b9" executionId="340e34ed-cd8a-47ae-b974-67d0aec3d04f" testListId="8c84fa94-04c1-424b-9868-57a2d4851a1d" />
    <TestEntry testId="6274cd22-d848-61dd-8233-d29a2f361a38" executionId="4116217a-4d52-4138-8db1-473d94872e0c" testListId="8c84fa94-04c1-424b-9868-57a2d4851a1d" />
    <TestEntry testId="0a429b0b-08a8-36a6-5969-3c31a35cc366" executionId="2b3eeba4-538e-43aa-a92c-c3e12dc99b6f" testListId="8c84fa94-04c1-424b-9868-57a2d4851a1d" />
    <TestEntry testId="74f30272-fd7f-9b4e-507d-1c94cc60bb29" executionId="de49502c-e2cd-4a3b-9878-78d008fe4a78" testListId="8c84fa94-04c1-424b-9868-57a2d4851a1d" />
    <TestEntry testId="c6d15831-7dbe-24e6-d39b-4f317a873a34" executionId="01753d8f-a054-4054-a6ea-845e11e4d8c5" testListId="8c84fa94-04c1-424b-9868-57a2d4851a1d" />
    <TestEntry testId="1450a0ab-3596-66d8-8d08-6506bbe1f61b" executionId="4ea0a8f5-caf0-45b6-82c2-a25edec90c0c" testListId="8c84fa94-04c1-424b-9868-57a2d4851a1d" />
    <TestEntry testId="69a7a014-6241-5f0a-e55d-960890e56595" executionId="045d6cab-3584-446c-8174-6fdf005c4b6f" testListId="8c84fa94-04c1-424b-9868-57a2d4851a1d" />
    <TestEntry testId="945f4fce-c15e-e09c-9dbf-5879cde58a78" executionId="2bd80f6e-8181-412b-bd16-7bbea2722765" testListId="8c84fa94-04c1-424b-9868-57a2d4851a1d" />
    <TestEntry testId="9609bc3b-2435-1be2-e2f3-2c6b217c770c" executionId="8589372d-214d-47e3-884b-a7e90c8a2f8f" testListId="8c84fa94-04c1-424b-9868-57a2d4851a1d" />
    <TestEntry testId="4fd078d7-61ec-6e3f-be79-cf322012a0cd" executionId="96e830c0-5606-4716-9ddb-cb0d2eb4a401" testListId="8c84fa94-04c1-424b-9868-57a2d4851a1d" />
  </TestEntries>
  <TestLists>
    <TestList name="Results Not in a List" id="8c84fa94-04c1-424b-9868-57a2d4851a1d" />
    <TestList name="All Loaded Results" id="19431567-8539-422a-85d7-44ee4e166bda" />
  </TestLists>
  <ResultSummary outcome="Completed">
    <Counters total="24" executed="24" passed="24" failed="0" error="0" timeout="0" aborted="0" inconclusive="0" passedButRunAborted="0" notRunnable="0" notExecuted="0" disconnected="0" warning="0" completed="0" inProgress="0" pending="0" />
    <Output>
      <StdOut>[xUnit.net 00:00:00.13] xUnit.net VSTest Adapter v2.4.3+1b45f5407b (32-bit Desktop .NET 4.0.30319.42000)&#xD;
[xUnit.net 00:00:02.51]   Discovering: IntegrationTests&#xD;
[xUnit.net 00:00:03.22]   Discovered:  IntegrationTests&#xD;
[xUnit.net 00:00:03.23]   Starting:    IntegrationTests&#xD;
[xUnit.net 00:00:15.69]   Finished:    IntegrationTests&#xD;
</StdOut>
    </Output>
  </ResultSummary>
</TestRun>